Log file open, 03/31/22 01:41:48
LogWindows: Failed to load 'aqProf.dll' (GetLastError=126)
LogWindows: File 'aqProf.dll' does not exist
LogWindows: Failed to load 'VtuneApi.dll' (GetLastError=126)
LogWindows: File 'VtuneApi.dll' does not exist
LogWindows: Failed to load 'VtuneApi32e.dll' (GetLastError=126)
LogWindows: File 'VtuneApi32e.dll' does not exist
LogConsoleResponse: Display: Failed to find resolution value strings in scalability ini. Falling back to default.
LogConsoleResponse: Display: Failed to find resolution value strings in scalability ini. Falling back to default.
LogInit: Display: Running engine for game: Mario_Land_2
LogPlatformFile: Not using cached read wrapper
LogTaskGraph: Started task graph with 5 named threads and 47 total threads with 3 sets of task threads.
LogStats: Stats thread started at 0.321662
LogICUInternationalization: ICU TimeZone Detection - Raw Offset: -4:00, Platform Override: ''
LogInit: Display: Loading text-based GConfig....
LogPluginManager: Mounting plugin MeshPainting
LogPluginManager: Mounting plugin XGEController
LogPluginManager: Mounting plugin Paper2D
LogPluginManager: Mounting plugin LiveLink
LogPluginManager: Mounting plugin LightPropagationVolume
LogPluginManager: Mounting plugin AISupport
LogPluginManager: Mounting plugin EnvironmentQueryEditor
LogPluginManager: Mounting plugin GameplayCameras
LogPluginManager: Mounting plugin OodleNetwork
LogPluginManager: Mounting plugin CameraShakePreviewer
LogPluginManager: Mounting plugin AnimationSharing
LogPluginManager: Mounting plugin OodleData
LogPluginManager: Mounting plugin CLionSourceCodeAccess
LogPluginManager: Mounting plugin CodeLiteSourceCodeAccess
LogPluginManager: Mounting plugin KDevelopSourceCodeAccess
LogPluginManager: Mounting plugin PixWinPlugin
LogPluginManager: Mounting plugin PerforceSourceControl
LogPluginManager: Mounting plugin NullSourceCodeAccess
LogPluginManager: Mounting plugin PlasticSourceControl
LogPluginManager: Mounting plugin GitSourceControl
LogPluginManager: Mounting plugin PropertyAccessNode
LogPluginManager: Mounting plugin PluginUtils
LogPluginManager: Mounting plugin RiderSourceCodeAccess
LogPluginManager: Mounting plugin TextureFormatOodle
LogPluginManager: Mounting plugin SubversionSourceControl
LogPluginManager: Mounting plugin UObjectPlugin
LogPluginManager: Mounting plugin XCodeSourceCodeAccess
LogPluginManager: Mounting plugin VisualStudioSourceCodeAccess
LogPluginManager: Mounting plugin VisualStudioCodeSourceCodeAccess
LogPluginManager: Mounting plugin DatasmithContent
LogPluginManager: Mounting plugin VariantManagerContent
LogPluginManager: Mounting plugin Niagara
LogPluginManager: Mounting plugin AlembicImporter
LogPluginManager: Mounting plugin AutomationUtils
LogPluginManager: Mounting plugin BackChannel
LogPluginManager: Mounting plugin ChaosCloth
LogPluginManager: Mounting plugin ChaosClothEditor
LogPluginManager: Mounting plugin ChaosSolverPlugin
LogPluginManager: Mounting plugin ChaosNiagara
LogPluginManager: Mounting plugin CharacterAI
LogPluginManager: Mounting plugin ChaosEditor
LogPluginManager: Mounting plugin AssetManagerEditor
LogPluginManager: Mounting plugin DataValidation
LogPluginManager: Mounting plugin CryptoKeys
LogPluginManager: Mounting plugin FacialAnimation
LogPluginManager: Mounting plugin CurveEditorTools
LogPluginManager: Mounting plugin GameplayTagsEditor
LogPluginManager: Mounting plugin GeometryMode
LogPluginManager: Mounting plugin MaterialAnalyzer
LogPluginManager: Mounting plugin PluginBrowser
LogPluginManager: Mounting plugin MacGraphicsSwitching
LogPluginManager: Mounting plugin SpeedTreeImporter
LogPluginManager: Mounting plugin MobileLauncherProfileWizard
LogPluginManager: Mounting plugin LuminPlatformFeatures
LogPluginManager: Mounting plugin MagicLeap
LogPluginManager: Mounting plugin MagicLeapLightEstimation
LogPluginManager: Mounting plugin MagicLeapMedia
LogPluginManager: Mounting plugin MagicLeapPassableWorld
LogPluginManager: Mounting plugin MLSDK
LogPluginManager: Mounting plugin GeometryCache
LogPluginManager: Mounting plugin GeometryCollectionPlugin
LogPluginManager: Mounting plugin GeometryProcessing
LogPluginManager: Mounting plugin AvfMedia
LogPluginManager: Mounting plugin AndroidMedia
LogPluginManager: Mounting plugin OpenImageDenoise
LogPluginManager: Mounting plugin PlanarCut
LogPluginManager: Mounting plugin ProxyLODPlugin
LogPluginManager: Mounting plugin PlatformCrypto
LogPluginManager: Mounting plugin PythonScriptPlugin
LogPluginManager: Mounting plugin MotoSynth
LogPluginManager: Mounting plugin ImgMedia
LogPluginManager: Mounting plugin MediaCompositing
LogPluginManager: Mounting plugin TcpMessaging
LogPluginManager: Mounting plugin MediaPlayerEditor
LogPluginManager: Mounting plugin WebMMedia
LogPluginManager: Mounting plugin ActorSequence
LogPluginManager: Mounting plugin WmfMedia
LogPluginManager: Mounting plugin LevelSequenceEditor
LogPluginManager: Mounting plugin MatineeToLevelSequence
LogPluginManager: Mounting plugin UdpMessaging
LogPluginManager: Mounting plugin TemplateSequence
LogPluginManager: Mounting plugin SkeletalReduction
LogPluginManager: Mounting plugin LauncherChunkInstaller
LogPluginManager: Mounting plugin OnlineSubsystem
LogPluginManager: Mounting plugin OnlineSubsystemNull
LogPluginManager: Mounting plugin OnlineSubsystemUtils
LogPluginManager: Mounting plugin ScreenshotTools
LogPluginManager: Mounting plugin Takes
LogPluginManager: Mounting plugin ActorLayerUtilities
LogPluginManager: Mounting plugin AndroidMoviePlayer
LogPluginManager: Mounting plugin AndroidDeviceProfileSelector
LogPluginManager: Mounting plugin AndroidPermission
LogPluginManager: Mounting plugin AppleMoviePlayer
LogPluginManager: Mounting plugin AppleImageUtils
LogPluginManager: Mounting plugin AssetTags
LogPluginManager: Mounting plugin ArchVisCharacter
LogPluginManager: Mounting plugin AudioCapture
LogPluginManager: Mounting plugin AudioSynesthesia
LogPluginManager: Mounting plugin CustomMeshComponent
LogPluginManager: Mounting plugin CableComponent
LogPluginManager: Mounting plugin ChunkDownloader
LogPluginManager: Mounting plugin ExampleDeviceProfileSelector
LogPluginManager: Mounting plugin EditableMesh
LogPluginManager: Mounting plugin GooglePAD
LogPluginManager: Mounting plugin GoogleCloudMessaging
LogPluginManager: Mounting plugin IOSDeviceProfileSelector
LogPluginManager: Mounting plugin LinuxDeviceProfileSelector
LogPluginManager: Mounting plugin LocationServicesBPLibrary
LogPluginManager: Mounting plugin MobilePatchingUtils
LogPluginManager: Mounting plugin OpenXR
LogPluginManager: Mounting plugin OpenXRHandTracking
LogPluginManager: Mounting plugin OpenXREyeTracker
LogPluginManager: Mounting plugin PhysXVehicles
LogPluginManager: Mounting plugin PostSplashScreen
LogPluginManager: Mounting plugin PropertyAccessEditor
LogPluginManager: Mounting plugin ProceduralMeshComponent
LogPluginManager: Mounting plugin RuntimePhysXCooking
LogPluginManager: Mounting plugin SignificanceManager
LogPluginManager: Mounting plugin Synthesis
LogPluginManager: Mounting plugin SoundFields
LogPluginManager: Mounting plugin WebMMoviePlayer
LogPluginManager: Mounting plugin WindowsMoviePlayer
LogPluginManager: Mounting plugin ContentBrowserFileDataSource
LogPluginManager: Mounting plugin ContentBrowserAssetDataSource
LogPluginManager: Mounting plugin ContentBrowserClassDataSource
LogPluginManager: Mounting plugin OnlineSubsystemGooglePlay
LogPluginManager: Mounting plugin OnlineSubsystemIOS
LogPluginManager: Mounting plugin OculusVR
LogPluginManager: Mounting plugin SteamVR
PixWinPlugin: PIX capture plugin failed to initialize! Check that the process is launched from PIX.
LogInit: Using libcurl 7.55.1-DEV
LogInit:  - built for x86_64-pc-win32
LogInit:  - supports SSL with OpenSSL/1.1.1
LogInit:  - supports HTTP deflate (compression) using libz 1.2.8
LogInit:  - other features:
LogInit:      CURL_VERSION_SSL
LogInit:      CURL_VERSION_LIBZ
LogInit:      CURL_VERSION_IPV6
LogInit:      CURL_VERSION_ASYNCHDNS
LogInit:      CURL_VERSION_LARGEFILE
LogInit:      CURL_VERSION_IDN
LogInit:  CurlRequestOptions (configurable via config and command line):
LogInit:  - bVerifyPeer = true  - Libcurl will verify peer certificate
LogInit:  - bUseHttpProxy = false  - Libcurl will NOT use HTTP proxy
LogInit:  - bDontReuseConnections = false  - Libcurl will reuse connections
LogInit:  - MaxHostConnections = 16  - Libcurl will limit the number of connections to a host
LogInit:  - LocalHostAddr = Default
LogInit:  - BufferSize = 65536
LogOnline: OSS: Creating online subsystem instance for: NULL
LogInit: WinSock: version 1.1 (2.2), MaxSocks=32767, MaxUdp=65467
LogOnline: OSS: TryLoadSubsystemAndSetDefault: Loaded subsystem for module [NULL]
LogOculusPluginWrapper: OculusPlugin initialized successfully
LogHMD: Failed initializing OVRPlugin 1.59.0
LogInit: Build: ++UE4+Release-4.27-CL-18319896
LogInit: Engine Version: 4.27.2-18319896+++UE4+Release-4.27
LogInit: Compatible Engine Version: 4.27.0-17155196+++UE4+Release-4.27
LogInit: Net CL: 17155196
LogInit: OS: Windows 10 (Release 2009) (), CPU: AMD Ryzen 7 2700X Eight-Core Processor         , GPU: NVIDIA GeForce GTX 1070 Ti
LogInit: Compiled (64-bit): Nov 30 2021 07:12:08
LogInit: Compiled with Visual C++: 19.24.28315.00
LogInit: Build Configuration: Development
LogInit: Branch Name: ++UE4+Release-4.27
LogInit: Command Line: 
LogInit: Base Directory: C:/Program Files/Epic Games/UE_4.27/Engine/Binaries/Win64/
LogInit: Allocator: TBB
LogInit: Installed Engine Build: 1
LogDevObjectVersion: Number of dev versions registered: 29
LogDevObjectVersion:   Dev-Blueprints (B0D832E4-1F89-4F0D-ACCF-7EB736FD4AA2): 10
LogDevObjectVersion:   Dev-Build (E1C64328-A22C-4D53-A36C-8E866417BD8C): 0
LogDevObjectVersion:   Dev-Core (375EC13C-06E4-48FB-B500-84F0262A717E): 4
LogDevObjectVersion:   Dev-Editor (E4B068ED-F494-42E9-A231-DA0B2E46BB41): 40
LogDevObjectVersion:   Dev-Framework (CFFC743F-43B0-4480-9391-14DF171D2073): 37
LogDevObjectVersion:   Dev-Mobile (B02B49B5-BB20-44E9-A304-32B752E40360): 3
LogDevObjectVersion:   Dev-Networking (A4E4105C-59A1-49B5-A7C5-40C4547EDFEE): 0
LogDevObjectVersion:   Dev-Online (39C831C9-5AE6-47DC-9A44-9C173E1C8E7C): 0
LogDevObjectVersion:   Dev-Physics (78F01B33-EBEA-4F98-B9B4-84EACCB95AA2): 14
LogDevObjectVersion:   Dev-Platform (6631380F-2D4D-43E0-8009-CF276956A95A): 0
LogDevObjectVersion:   Dev-Rendering (12F88B9F-8875-4AFC-A67C-D90C383ABD29): 45
LogDevObjectVersion:   Dev-Sequencer (7B5AE74C-D270-4C10-A958-57980B212A5A): 13
LogDevObjectVersion:   Dev-VR (D7296918-1DD6-4BDD-9DE2-64A83CC13884): 3
LogDevObjectVersion:   Dev-LoadTimes (C2A15278-BFE7-4AFE-6C17-90FF531DF755): 1
LogDevObjectVersion:   Private-Geometry (6EACA3D4-40EC-4CC1-B786-8BED09428FC5): 3
LogDevObjectVersion:   Dev-AnimPhys (29E575DD-E0A3-4627-9D10-D276232CDCEA): 17
LogDevObjectVersion:   Dev-Anim (AF43A65D-7FD3-4947-9873-3E8ED9C1BB05): 15
LogDevObjectVersion:   Dev-ReflectionCapture (6B266CEC-1EC7-4B8F-A30B-E4D90942FC07): 1
LogDevObjectVersion:   Dev-Automation (0DF73D61-A23F-47EA-B727-89E90C41499A): 1
LogDevObjectVersion:   FortniteMain (601D1886-AC64-4F84-AA16-D3DE0DEAC7D6): 47
LogDevObjectVersion:   FortniteRelease (E7086368-6B23-4C58-8439-1B7016265E91): 1
LogDevObjectVersion:   Dev-Enterprise (9DFFBCD6-494F-0158-E221-12823C92A888): 10
LogDevObjectVersion:   Dev-Niagara (F2AED0AC-9AFE-416F-8664-AA7FFA26D6FC): 1
LogDevObjectVersion:   Dev-Destruction (174F1F0B-B4C6-45A5-B13F-2EE8D0FB917D): 10
LogDevObjectVersion:   Dev-Physics-Ext (35F94A83-E258-406C-A318-09F59610247C): 41
LogDevObjectVersion:   Dev-PhysicsMaterial-Chaos (B68FC16E-8B1B-42E2-B453-215C058844FE): 1
LogDevObjectVersion:   Dev-CineCamera (B2E18506-4273-CFC2-A54E-F4BB758BBA07): 1
LogDevObjectVersion:   Dev-VirtualProduction (64F58936-FD1B-42BA-BA96-7289D5D0FA4E): 1
LogDevObjectVersion:   Dev-MediaFramework (6F0ED827-A609-4895-9C91-998D90180EA4): 2
LogInit: Presizing for max 25165824 objects, including 0 objects not considered by GC, pre-allocating 0 bytes for permanent pool.
LogConfig: Applying CVar settings from Section [/Script/Engine.StreamingSettings] File [C:/Users/Ethan Schaller/Documents/Unreal Projects/Mario_Land_2/Saved/Config/Windows/Engine.ini]
LogConfig: Setting CVar [[s.MinBulkDataSizeForAsyncLoading:131072]]
LogConfig: Setting CVar [[s.AsyncLoadingThreadEnabled:0]]
LogConfig: Setting CVar [[s.EventDrivenLoaderEnabled:1]]
LogConfig: Setting CVar [[s.WarnIfTimeLimitExceeded:0]]
LogConfig: Setting CVar [[s.TimeLimitExceededMultiplier:1.5]]
LogConfig: Setting CVar [[s.TimeLimitExceededMinTime:0.005]]
LogConfig: Setting CVar [[s.UseBackgroundLevelStreaming:1]]
LogConfig: Setting CVar [[s.PriorityAsyncLoadingExtraTime:15.0]]
LogConfig: Setting CVar [[s.LevelStreamingActorsUpdateTimeLimit:5.0]]
LogConfig: Setting CVar [[s.PriorityLevelStreamingActorsUpdateExtraTime:5.0]]
LogConfig: Setting CVar [[s.LevelStreamingComponentsRegistrationGranularity:10]]
LogConfig: Setting CVar [[s.UnregisterComponentsTimeLimit:1.0]]
LogConfig: Setting CVar [[s.LevelStreamingComponentsUnregistrationGranularity:5]]
LogConfig: Setting CVar [[s.FlushStreamingOnExit:1]]
LogInit: Object subsystem initialized
LogConfig: Setting CVar [[con.DebugEarlyDefault:1]]
LogConfig: Setting CVar [[r.setres:1280x720]]
[2022.03.31-04.41.49:447][  0]LogConfig: Setting CVar [[r.VSync:0]]
[2022.03.31-04.41.49:447][  0]LogConfig: Setting CVar [[r.RHICmdBypass:0]]
[2022.03.31-04.41.49:447][  0]LogConfig: Applying CVar settings from Section [/Script/Engine.RendererSettings] File [C:/Users/Ethan Schaller/Documents/Unreal Projects/Mario_Land_2/Saved/Config/Windows/Engine.ini]
[2022.03.31-04.41.49:447][  0]LogConfig: Setting CVar [[r.GPUCrashDebugging:0]]
[2022.03.31-04.41.49:447][  0]LogConfig: Setting CVar [[r.MobileHDR:0]]
[2022.03.31-04.41.49:447][  0]LogConfig: Applying CVar settings from Section [/Script/Engine.RendererOverrideSettings] File [C:/Users/Ethan Schaller/Documents/Unreal Projects/Mario_Land_2/Saved/Config/Windows/Engine.ini]
[2022.03.31-04.41.49:447][  0]LogConfig: Applying CVar settings from Section [/Script/Engine.StreamingSettings] File [C:/Users/Ethan Schaller/Documents/Unreal Projects/Mario_Land_2/Saved/Config/Windows/Engine.ini]
[2022.03.31-04.41.49:447][  0]LogConfig: Setting CVar [[s.MinBulkDataSizeForAsyncLoading:131072]]
[2022.03.31-04.41.49:447][  0]LogConfig: Setting CVar [[s.AsyncLoadingThreadEnabled:0]]
[2022.03.31-04.41.49:447][  0]LogConfig: Setting CVar [[s.EventDrivenLoaderEnabled:1]]
[2022.03.31-04.41.49:447][  0]LogConfig: Setting CVar [[s.WarnIfTimeLimitExceeded:0]]
[2022.03.31-04.41.49:447][  0]LogConfig: Setting CVar [[s.TimeLimitExceededMultiplier:1.5]]
[2022.03.31-04.41.49:447][  0]LogConfig: Setting CVar [[s.TimeLimitExceededMinTime:0.005]]
[2022.03.31-04.41.49:447][  0]LogConfig: Setting CVar [[s.UseBackgroundLevelStreaming:1]]
[2022.03.31-04.41.49:447][  0]LogConfig: Setting CVar [[s.PriorityAsyncLoadingExtraTime:15.0]]
[2022.03.31-04.41.49:447][  0]LogConfig: Setting CVar [[s.LevelStreamingActorsUpdateTimeLimit:5.0]]
[2022.03.31-04.41.49:447][  0]LogConfig: Setting CVar [[s.PriorityLevelStreamingActorsUpdateExtraTime:5.0]]
[2022.03.31-04.41.49:447][  0]LogConfig: Setting CVar [[s.LevelStreamingComponentsRegistrationGranularity:10]]
[2022.03.31-04.41.49:447][  0]LogConfig: Setting CVar [[s.UnregisterComponentsTimeLimit:1.0]]
[2022.03.31-04.41.49:447][  0]LogConfig: Setting CVar [[s.LevelStreamingComponentsUnregistrationGranularity:5]]
[2022.03.31-04.41.49:447][  0]LogConfig: Setting CVar [[s.FlushStreamingOnExit:1]]
[2022.03.31-04.41.49:447][  0]LogConfig: Applying CVar settings from Section [/Script/Engine.GarbageCollectionSettings] File [C:/Users/Ethan Schaller/Documents/Unreal Projects/Mario_Land_2/Saved/Config/Windows/Engine.ini]
[2022.03.31-04.41.49:447][  0]LogConfig: Setting CVar [[gc.MaxObjectsNotConsideredByGC:1]]
[2022.03.31-04.41.49:447][  0]LogConfig: Setting CVar [[gc.SizeOfPermanentObjectPool:0]]
[2022.03.31-04.41.49:447][  0]LogConfig: Setting CVar [[gc.FlushStreamingOnGC:0]]
[2022.03.31-04.41.49:447][  0]LogConfig: Setting CVar [[gc.NumRetriesBeforeForcingGC:10]]
[2022.03.31-04.41.49:447][  0]LogConfig: Setting CVar [[gc.AllowParallelGC:1]]
[2022.03.31-04.41.49:447][  0]LogConfig: Setting CVar [[gc.TimeBetweenPurgingPendingKillObjects:61.1]]
[2022.03.31-04.41.49:447][  0]LogConfig: Setting CVar [[gc.MaxObjectsInEditor:25165824]]
[2022.03.31-04.41.49:447][  0]LogConfig: Setting CVar [[gc.IncrementalBeginDestroyEnabled:1]]
[2022.03.31-04.41.49:447][  0]LogConfig: Setting CVar [[gc.CreateGCClusters:1]]
[2022.03.31-04.41.49:447][  0]LogConfig: Setting CVar [[gc.MinGCClusterSize:5]]
[2022.03.31-04.41.49:447][  0]LogConfig: Setting CVar [[gc.ActorClusteringEnabled:0]]
[2022.03.31-04.41.49:447][  0]LogConfig: Setting CVar [[gc.BlueprintClusteringEnabled:0]]
[2022.03.31-04.41.49:447][  0]LogConfig: Setting CVar [[gc.UseDisregardForGCOnDedicatedServers:0]]
[2022.03.31-04.41.49:447][  0]LogConfig: Setting CVar [[gc.MultithreadedDestructionEnabled:1]]
[2022.03.31-04.41.49:447][  0]LogConfig: Applying CVar settings from Section [/Script/Engine.NetworkSettings] File [C:/Users/Ethan Schaller/Documents/Unreal Projects/Mario_Land_2/Saved/Config/Windows/Engine.ini]
[2022.03.31-04.41.49:448][  0]LogConfig: Applying CVar settings from Section [/Script/UnrealEd.CookerSettings] File [C:/Users/Ethan Schaller/Documents/Unreal Projects/Mario_Land_2/Saved/Config/Windows/Engine.ini]
[2022.03.31-04.41.49:462][  0]LogConfig: Applying CVar settings from Section [ViewDistanceQuality@3] File [C:/Users/Ethan Schaller/Documents/Unreal Projects/Mario_Land_2/Saved/Config/Windows/Scalability.ini]
[2022.03.31-04.41.49:462][  0]LogConfig: Setting CVar [[r.SkeletalMeshLODBias:0]]
[2022.03.31-04.41.49:462][  0]LogConfig: Setting CVar [[r.ViewDistanceScale:1.0]]
[2022.03.31-04.41.49:462][  0]LogConfig: Applying CVar settings from Section [AntiAliasingQuality@3] File [C:/Users/Ethan Schaller/Documents/Unreal Projects/Mario_Land_2/Saved/Config/Windows/Scalability.ini]
[2022.03.31-04.41.49:462][  0]LogConfig: Setting CVar [[r.PostProcessAAQuality:4]]
[2022.03.31-04.41.49:462][  0]LogConfig: Applying CVar settings from Section [ShadowQuality@3] File [C:/Users/Ethan Schaller/Documents/Unreal Projects/Mario_Land_2/Saved/Config/Windows/Scalability.ini]
[2022.03.31-04.41.49:462][  0]LogConfig: Setting CVar [[r.LightFunctionQuality:1]]
[2022.03.31-04.41.49:462][  0]LogConfig: Setting CVar [[r.ShadowQuality:5]]
[2022.03.31-04.41.49:462][  0]LogConfig: Setting CVar [[r.Shadow.CSM.MaxCascades:10]]
[2022.03.31-04.41.49:462][  0]LogConfig: Setting CVar [[r.Shadow.MaxResolution:2048]]
[2022.03.31-04.41.49:462][  0]LogConfig: Setting CVar [[r.Shadow.MaxCSMResolution:2048]]
[2022.03.31-04.41.49:462][  0]LogConfig: Setting CVar [[r.Shadow.RadiusThreshold:0.01]]
[2022.03.31-04.41.49:462][  0]LogConfig: Setting CVar [[r.Shadow.DistanceScale:1.0]]
[2022.03.31-04.41.49:462][  0]LogConfig: Setting CVar [[r.Shadow.CSM.TransitionScale:1.0]]
[2022.03.31-04.41.49:462][  0]LogConfig: Setting CVar [[r.Shadow.PreShadowResolutionFactor:1.0]]
[2022.03.31-04.41.49:462][  0]LogConfig: Setting CVar [[r.DistanceFieldShadowing:1]]
[2022.03.31-04.41.49:462][  0]LogConfig: Setting CVar [[r.DistanceFieldAO:1]]
[2022.03.31-04.41.49:462][  0]LogConfig: Setting CVar [[r.AOQuality:2]]
[2022.03.31-04.41.49:462][  0]LogConfig: Setting CVar [[r.VolumetricFog:1]]
[2022.03.31-04.41.49:462][  0]LogConfig: Setting CVar [[r.VolumetricFog.GridPixelSize:8]]
[2022.03.31-04.41.49:462][  0]LogConfig: Setting CVar [[r.VolumetricFog.GridSizeZ:128]]
[2022.03.31-04.41.49:462][  0]LogConfig: Setting CVar [[r.VolumetricFog.HistoryMissSupersampleCount:4]]
[2022.03.31-04.41.49:462][  0]LogConfig: Setting CVar [[r.LightMaxDrawDistanceScale:1]]
[2022.03.31-04.41.49:462][  0]LogConfig: Setting CVar [[r.CapsuleShadows:1]]
[2022.03.31-04.41.49:462][  0]LogConfig: Applying CVar settings from Section [PostProcessQuality@3] File [C:/Users/Ethan Schaller/Documents/Unreal Projects/Mario_Land_2/Saved/Config/Windows/Scalability.ini]
[2022.03.31-04.41.49:462][  0]LogConfig: Setting CVar [[r.MotionBlurQuality:4]]
[2022.03.31-04.41.49:462][  0]LogConfig: Setting CVar [[r.AmbientOcclusionMipLevelFactor:0.4]]
[2022.03.31-04.41.49:462][  0]LogConfig: Setting CVar [[r.AmbientOcclusionMaxQuality:100]]
[2022.03.31-04.41.49:462][  0]LogConfig: Setting CVar [[r.AmbientOcclusionLevels:-1]]
[2022.03.31-04.41.49:462][  0]LogConfig: Setting CVar [[r.AmbientOcclusionRadiusScale:1.0]]
[2022.03.31-04.41.49:462][  0]LogConfig: Setting CVar [[r.DepthOfFieldQuality:2]]
[2022.03.31-04.41.49:462][  0]LogConfig: Setting CVar [[r.RenderTargetPoolMin:400]]
[2022.03.31-04.41.49:462][  0]LogConfig: Setting CVar [[r.LensFlareQuality:2]]
[2022.03.31-04.41.49:462][  0]LogConfig: Setting CVar [[r.SceneColorFringeQuality:1]]
[2022.03.31-04.41.49:462][  0]LogConfig: Setting CVar [[r.EyeAdaptationQuality:2]]
[2022.03.31-04.41.49:462][  0]LogConfig: Setting CVar [[r.BloomQuality:5]]
[2022.03.31-04.41.49:462][  0]LogConfig: Setting CVar [[r.FastBlurThreshold:100]]
[2022.03.31-04.41.49:462][  0]LogConfig: Setting CVar [[r.Upscale.Quality:3]]
[2022.03.31-04.41.49:462][  0]LogConfig: Setting CVar [[r.Tonemapper.GrainQuantization:1]]
[2022.03.31-04.41.49:462][  0]LogConfig: Setting CVar [[r.LightShaftQuality:1]]
[2022.03.31-04.41.49:462][  0]LogConfig: Setting CVar [[r.Filter.SizeScale:1]]
[2022.03.31-04.41.49:462][  0]LogConfig: Setting CVar [[r.Tonemapper.Quality:5]]
[2022.03.31-04.41.49:462][  0]LogConfig: Setting CVar [[r.DOF.Gather.AccumulatorQuality:1        ; higher gathering accumulator quality]]
[2022.03.31-04.41.49:463][  0]LogConfig: Setting CVar [[r.DOF.Gather.PostfilterMethod:1          ; Median3x3 postfilering method]]
[2022.03.31-04.41.49:463][  0]LogConfig: Setting CVar [[r.DOF.Gather.EnableBokehSettings:0       ; no bokeh simulation when gathering]]
[2022.03.31-04.41.49:463][  0]LogConfig: Setting CVar [[r.DOF.Gather.RingCount:4                 ; medium number of samples when gathering]]
[2022.03.31-04.41.49:463][  0]LogConfig: Setting CVar [[r.DOF.Scatter.ForegroundCompositing:1    ; additive foreground scattering]]
[2022.03.31-04.41.49:463][  0]LogConfig: Setting CVar [[r.DOF.Scatter.BackgroundCompositing:2    ; additive background scattering]]
[2022.03.31-04.41.49:463][  0]LogConfig: Setting CVar [[r.DOF.Scatter.EnableBokehSettings:1      ; bokeh simulation when scattering]]
[2022.03.31-04.41.49:463][  0]LogConfig: Setting CVar [[r.DOF.Scatter.MaxSpriteRatio:0.1         ; only a maximum of 10% of scattered bokeh]]
[2022.03.31-04.41.49:463][  0]LogConfig: Setting CVar [[r.DOF.Recombine.Quality:1                ; cheap slight out of focus]]
[2022.03.31-04.41.49:463][  0]LogConfig: Setting CVar [[r.DOF.Recombine.EnableBokehSettings:0    ; no bokeh simulation on slight out of focus]]
[2022.03.31-04.41.49:463][  0]LogConfig: Setting CVar [[r.DOF.TemporalAAQuality:1                ; more stable temporal accumulation]]
[2022.03.31-04.41.49:463][  0]LogConfig: Setting CVar [[r.DOF.Kernel.MaxForegroundRadius:0.025]]
[2022.03.31-04.41.49:463][  0]LogConfig: Setting CVar [[r.DOF.Kernel.MaxBackgroundRadius:0.025]]
[2022.03.31-04.41.49:463][  0]LogConfig: Applying CVar settings from Section [TextureQuality@3] File [C:/Users/Ethan Schaller/Documents/Unreal Projects/Mario_Land_2/Saved/Config/Windows/Scalability.ini]
[2022.03.31-04.41.49:463][  0]LogConfig: Setting CVar [[r.Streaming.MipBias:0]]
[2022.03.31-04.41.49:463][  0]LogConfig: Setting CVar [[r.Streaming.AmortizeCPUToGPUCopy:0]]
[2022.03.31-04.41.49:463][  0]LogConfig: Setting CVar [[r.Streaming.MaxNumTexturesToStreamPerFrame:0]]
[2022.03.31-04.41.49:463][  0]LogConfig: Setting CVar [[r.Streaming.Boost:1]]
[2022.03.31-04.41.49:463][  0]LogConfig: Setting CVar [[r.MaxAnisotropy:8]]
[2022.03.31-04.41.49:463][  0]LogConfig: Setting CVar [[r.VT.MaxAnisotropy:8]]
[2022.03.31-04.41.49:463][  0]LogConfig: Setting CVar [[r.Streaming.LimitPoolSizeToVRAM:0]]
[2022.03.31-04.41.49:463][  0]LogConfig: Setting CVar [[r.Streaming.PoolSize:1000]]
[2022.03.31-04.41.49:463][  0]LogConfig: Setting CVar [[r.Streaming.MaxEffectiveScreenSize:0]]
[2022.03.31-04.41.49:463][  0]LogConfig: Applying CVar settings from Section [EffectsQuality@3] File [C:/Users/Ethan Schaller/Documents/Unreal Projects/Mario_Land_2/Saved/Config/Windows/Scalability.ini]
[2022.03.31-04.41.49:463][  0]LogConfig: Setting CVar [[r.TranslucencyLightingVolumeDim:64]]
[2022.03.31-04.41.49:463][  0]LogConfig: Setting CVar [[r.RefractionQuality:2]]
[2022.03.31-04.41.49:463][  0]LogConfig: Setting CVar [[r.SSR.Quality:3]]
[2022.03.31-04.41.49:463][  0]LogConfig: Setting CVar [[r.SSR.HalfResSceneColor:0]]
[2022.03.31-04.41.49:463][  0]LogConfig: Setting CVar [[r.SceneColorFormat:4]]
[2022.03.31-04.41.49:463][  0]LogConfig: Setting CVar [[r.DetailMode:2]]
[2022.03.31-04.41.49:463][  0]LogConfig: Setting CVar [[r.TranslucencyVolumeBlur:1]]
[2022.03.31-04.41.49:463][  0]LogConfig: Setting CVar [[r.MaterialQualityLevel:1 ; High quality]]
[2022.03.31-04.41.49:463][  0]LogConfig: Setting CVar [[r.AnisotropicMaterials:1]]
[2022.03.31-04.41.49:463][  0]LogConfig: Setting CVar [[r.SSS.Scale:1]]
[2022.03.31-04.41.49:463][  0]LogConfig: Setting CVar [[r.SSS.SampleSet:2]]
[2022.03.31-04.41.49:463][  0]LogConfig: Setting CVar [[r.SSS.Quality:1]]
[2022.03.31-04.41.49:463][  0]LogConfig: Setting CVar [[r.SSS.HalfRes:0]]
[2022.03.31-04.41.49:463][  0]LogConfig: Setting CVar [[r.SSGI.Quality:3]]
[2022.03.31-04.41.49:463][  0]LogConfig: Setting CVar [[r.EmitterSpawnRateScale:1.0]]
[2022.03.31-04.41.49:463][  0]LogConfig: Setting CVar [[r.ParticleLightQuality:2]]
[2022.03.31-04.41.49:463][  0]LogConfig: Setting CVar [[r.SkyAtmosphere.AerialPerspectiveLUT.FastApplyOnOpaque:1 ; Always have FastSkyLUT 1 in this case to avoid wrong sky]]
[2022.03.31-04.41.49:463][  0]LogConfig: Setting CVar [[r.SkyAtmosphere.AerialPerspectiveLUT.SampleCountMaxPerSlice:4]]
[2022.03.31-04.41.49:463][  0]LogConfig: Setting CVar [[r.SkyAtmosphere.AerialPerspectiveLUT.DepthResolution:16.0]]
[2022.03.31-04.41.49:463][  0]LogConfig: Setting CVar [[r.SkyAtmosphere.FastSkyLUT:1]]
[2022.03.31-04.41.49:463][  0]LogConfig: Setting CVar [[r.SkyAtmosphere.FastSkyLUT.SampleCountMin:4.0]]
[2022.03.31-04.41.49:463][  0]LogConfig: Setting CVar [[r.SkyAtmosphere.FastSkyLUT.SampleCountMax:128.0]]
[2022.03.31-04.41.49:463][  0]LogConfig: Setting CVar [[r.SkyAtmosphere.SampleCountMin:4.0]]
[2022.03.31-04.41.49:463][  0]LogConfig: Setting CVar [[r.SkyAtmosphere.SampleCountMax:128.0]]
[2022.03.31-04.41.49:463][  0]LogConfig: Setting CVar [[r.SkyAtmosphere.TransmittanceLUT.UseSmallFormat:0]]
[2022.03.31-04.41.49:463][  0]LogConfig: Setting CVar [[r.SkyAtmosphere.TransmittanceLUT.SampleCount:10.0]]
[2022.03.31-04.41.49:463][  0]LogConfig: Setting CVar [[r.SkyAtmosphere.MultiScatteringLUT.SampleCount:15.0]]
[2022.03.31-04.41.49:463][  0]LogConfig: Setting CVar [[r.SkyLight.RealTimeReflectionCapture:1]]
[2022.03.31-04.41.49:463][  0]LogConfig: Applying CVar settings from Section [FoliageQuality@3] File [C:/Users/Ethan Schaller/Documents/Unreal Projects/Mario_Land_2/Saved/Config/Windows/Scalability.ini]
[2022.03.31-04.41.49:463][  0]LogConfig: Setting CVar [[foliage.DensityScale:1.0]]
[2022.03.31-04.41.49:463][  0]LogConfig: Setting CVar [[grass.DensityScale:1.0]]
[2022.03.31-04.41.49:463][  0]LogConfig: Applying CVar settings from Section [ShadingQuality@3] File [C:/Users/Ethan Schaller/Documents/Unreal Projects/Mario_Land_2/Saved/Config/Windows/Scalability.ini]
[2022.03.31-04.41.49:464][  0]LogConfig: Setting CVar [[r.HairStrands.SkyLighting.IntegrationType:2]]
[2022.03.31-04.41.49:464][  0]LogConfig: Setting CVar [[r.HairStrands.SkyAO.SampleCount:4]]
[2022.03.31-04.41.49:464][  0]LogConfig: Setting CVar [[r.HairStrands.Visibility.MSAA.SamplePerPixel:4]]
[2022.03.31-04.41.49:464][  0]LogInit: Selected Device Profile: [Windows]
[2022.03.31-04.41.49:464][  0]LogInit: Applying CVar settings loaded from the selected device profile: [Windows]
[2022.03.31-04.41.49:464][  0]LogHAL: Display: Platform has ~ 16 GB [17102929920 / 17179869184 / 16], which maps to Larger [LargestMinGB=32, LargerMinGB=12, DefaultMinGB=8, SmallerMinGB=6, SmallestMinGB=0)
[2022.03.31-04.41.49:464][  0]LogInit: Going up to parent DeviceProfile []
[2022.03.31-04.41.49:464][  0]LogConfig: Applying CVar settings from Section [ViewDistanceQuality@3] File [C:/Users/Ethan Schaller/Documents/Unreal Projects/Mario_Land_2/Saved/Config/Windows/Scalability.ini]
[2022.03.31-04.41.49:464][  0]LogConfig: Setting CVar [[r.SkeletalMeshLODBias:0]]
[2022.03.31-04.41.49:464][  0]LogConfig: Setting CVar [[r.ViewDistanceScale:1.0]]
[2022.03.31-04.41.49:464][  0]LogConfig: Applying CVar settings from Section [AntiAliasingQuality@3] File [C:/Users/Ethan Schaller/Documents/Unreal Projects/Mario_Land_2/Saved/Config/Windows/Scalability.ini]
[2022.03.31-04.41.49:464][  0]LogConfig: Setting CVar [[r.PostProcessAAQuality:4]]
[2022.03.31-04.41.49:464][  0]LogConfig: Applying CVar settings from Section [ShadowQuality@3] File [C:/Users/Ethan Schaller/Documents/Unreal Projects/Mario_Land_2/Saved/Config/Windows/Scalability.ini]
[2022.03.31-04.41.49:464][  0]LogConfig: Setting CVar [[r.LightFunctionQuality:1]]
[2022.03.31-04.41.49:464][  0]LogConfig: Setting CVar [[r.ShadowQuality:5]]
[2022.03.31-04.41.49:464][  0]LogConfig: Setting CVar [[r.Shadow.CSM.MaxCascades:10]]
[2022.03.31-04.41.49:464][  0]LogConfig: Setting CVar [[r.Shadow.MaxResolution:2048]]
[2022.03.31-04.41.49:464][  0]LogConfig: Setting CVar [[r.Shadow.MaxCSMResolution:2048]]
[2022.03.31-04.41.49:464][  0]LogConfig: Setting CVar [[r.Shadow.RadiusThreshold:0.01]]
[2022.03.31-04.41.49:464][  0]LogConfig: Setting CVar [[r.Shadow.DistanceScale:1.0]]
[2022.03.31-04.41.49:464][  0]LogConfig: Setting CVar [[r.Shadow.CSM.TransitionScale:1.0]]
[2022.03.31-04.41.49:464][  0]LogConfig: Setting CVar [[r.Shadow.PreShadowResolutionFactor:1.0]]
[2022.03.31-04.41.49:464][  0]LogConfig: Setting CVar [[r.DistanceFieldShadowing:1]]
[2022.03.31-04.41.49:464][  0]LogConfig: Setting CVar [[r.DistanceFieldAO:1]]
[2022.03.31-04.41.49:464][  0]LogConfig: Setting CVar [[r.AOQuality:2]]
[2022.03.31-04.41.49:464][  0]LogConfig: Setting CVar [[r.VolumetricFog:1]]
[2022.03.31-04.41.49:464][  0]LogConfig: Setting CVar [[r.VolumetricFog.GridPixelSize:8]]
[2022.03.31-04.41.49:464][  0]LogConfig: Setting CVar [[r.VolumetricFog.GridSizeZ:128]]
[2022.03.31-04.41.49:464][  0]LogConfig: Setting CVar [[r.VolumetricFog.HistoryMissSupersampleCount:4]]
[2022.03.31-04.41.49:464][  0]LogConfig: Setting CVar [[r.LightMaxDrawDistanceScale:1]]
[2022.03.31-04.41.49:464][  0]LogConfig: Setting CVar [[r.CapsuleShadows:1]]
[2022.03.31-04.41.49:464][  0]LogConfig: Applying CVar settings from Section [PostProcessQuality@3] File [C:/Users/Ethan Schaller/Documents/Unreal Projects/Mario_Land_2/Saved/Config/Windows/Scalability.ini]
[2022.03.31-04.41.49:464][  0]LogConfig: Setting CVar [[r.MotionBlurQuality:4]]
[2022.03.31-04.41.49:464][  0]LogConfig: Setting CVar [[r.AmbientOcclusionMipLevelFactor:0.4]]
[2022.03.31-04.41.49:464][  0]LogConfig: Setting CVar [[r.AmbientOcclusionMaxQuality:100]]
[2022.03.31-04.41.49:464][  0]LogConfig: Setting CVar [[r.AmbientOcclusionLevels:-1]]
[2022.03.31-04.41.49:464][  0]LogConfig: Setting CVar [[r.AmbientOcclusionRadiusScale:1.0]]
[2022.03.31-04.41.49:464][  0]LogConfig: Setting CVar [[r.DepthOfFieldQuality:2]]
[2022.03.31-04.41.49:464][  0]LogConfig: Setting CVar [[r.RenderTargetPoolMin:400]]
[2022.03.31-04.41.49:464][  0]LogConfig: Setting CVar [[r.LensFlareQuality:2]]
[2022.03.31-04.41.49:464][  0]LogConfig: Setting CVar [[r.SceneColorFringeQuality:1]]
[2022.03.31-04.41.49:464][  0]LogConfig: Setting CVar [[r.EyeAdaptationQuality:2]]
[2022.03.31-04.41.49:464][  0]LogConfig: Setting CVar [[r.BloomQuality:5]]
[2022.03.31-04.41.49:464][  0]LogConfig: Setting CVar [[r.FastBlurThreshold:100]]
[2022.03.31-04.41.49:464][  0]LogConfig: Setting CVar [[r.Upscale.Quality:3]]
[2022.03.31-04.41.49:464][  0]LogConfig: Setting CVar [[r.Tonemapper.GrainQuantization:1]]
[2022.03.31-04.41.49:464][  0]LogConfig: Setting CVar [[r.LightShaftQuality:1]]
[2022.03.31-04.41.49:464][  0]LogConfig: Setting CVar [[r.Filter.SizeScale:1]]
[2022.03.31-04.41.49:464][  0]LogConfig: Setting CVar [[r.Tonemapper.Quality:5]]
[2022.03.31-04.41.49:464][  0]LogConfig: Setting CVar [[r.DOF.Gather.AccumulatorQuality:1        ; higher gathering accumulator quality]]
[2022.03.31-04.41.49:465][  0]LogConfig: Setting CVar [[r.DOF.Gather.PostfilterMethod:1          ; Median3x3 postfilering method]]
[2022.03.31-04.41.49:465][  0]LogConfig: Setting CVar [[r.DOF.Gather.EnableBokehSettings:0       ; no bokeh simulation when gathering]]
[2022.03.31-04.41.49:465][  0]LogConfig: Setting CVar [[r.DOF.Gather.RingCount:4                 ; medium number of samples when gathering]]
[2022.03.31-04.41.49:465][  0]LogConfig: Setting CVar [[r.DOF.Scatter.ForegroundCompositing:1    ; additive foreground scattering]]
[2022.03.31-04.41.49:465][  0]LogConfig: Setting CVar [[r.DOF.Scatter.BackgroundCompositing:2    ; additive background scattering]]
[2022.03.31-04.41.49:465][  0]LogConfig: Setting CVar [[r.DOF.Scatter.EnableBokehSettings:1      ; bokeh simulation when scattering]]
[2022.03.31-04.41.49:465][  0]LogConfig: Setting CVar [[r.DOF.Scatter.MaxSpriteRatio:0.1         ; only a maximum of 10% of scattered bokeh]]
[2022.03.31-04.41.49:465][  0]LogConfig: Setting CVar [[r.DOF.Recombine.Quality:1                ; cheap slight out of focus]]
[2022.03.31-04.41.49:465][  0]LogConfig: Setting CVar [[r.DOF.Recombine.EnableBokehSettings:0    ; no bokeh simulation on slight out of focus]]
[2022.03.31-04.41.49:465][  0]LogConfig: Setting CVar [[r.DOF.TemporalAAQuality:1                ; more stable temporal accumulation]]
[2022.03.31-04.41.49:465][  0]LogConfig: Setting CVar [[r.DOF.Kernel.MaxForegroundRadius:0.025]]
[2022.03.31-04.41.49:465][  0]LogConfig: Setting CVar [[r.DOF.Kernel.MaxBackgroundRadius:0.025]]
[2022.03.31-04.41.49:465][  0]LogConfig: Applying CVar settings from Section [TextureQuality@3] File [C:/Users/Ethan Schaller/Documents/Unreal Projects/Mario_Land_2/Saved/Config/Windows/Scalability.ini]
[2022.03.31-04.41.49:465][  0]LogConfig: Setting CVar [[r.Streaming.MipBias:0]]
[2022.03.31-04.41.49:465][  0]LogConfig: Setting CVar [[r.Streaming.AmortizeCPUToGPUCopy:0]]
[2022.03.31-04.41.49:465][  0]LogConfig: Setting CVar [[r.Streaming.MaxNumTexturesToStreamPerFrame:0]]
[2022.03.31-04.41.49:465][  0]LogConfig: Setting CVar [[r.Streaming.Boost:1]]
[2022.03.31-04.41.49:465][  0]LogConfig: Setting CVar [[r.MaxAnisotropy:8]]
[2022.03.31-04.41.49:465][  0]LogConfig: Setting CVar [[r.VT.MaxAnisotropy:8]]
[2022.03.31-04.41.49:465][  0]LogConfig: Setting CVar [[r.Streaming.LimitPoolSizeToVRAM:0]]
[2022.03.31-04.41.49:465][  0]LogConfig: Setting CVar [[r.Streaming.PoolSize:1000]]
[2022.03.31-04.41.49:465][  0]LogConfig: Setting CVar [[r.Streaming.MaxEffectiveScreenSize:0]]
[2022.03.31-04.41.49:465][  0]LogConfig: Applying CVar settings from Section [EffectsQuality@3] File [C:/Users/Ethan Schaller/Documents/Unreal Projects/Mario_Land_2/Saved/Config/Windows/Scalability.ini]
[2022.03.31-04.41.49:465][  0]LogConfig: Setting CVar [[r.TranslucencyLightingVolumeDim:64]]
[2022.03.31-04.41.49:465][  0]LogConfig: Setting CVar [[r.RefractionQuality:2]]
[2022.03.31-04.41.49:465][  0]LogConfig: Setting CVar [[r.SSR.Quality:3]]
[2022.03.31-04.41.49:465][  0]LogConfig: Setting CVar [[r.SSR.HalfResSceneColor:0]]
[2022.03.31-04.41.49:465][  0]LogConfig: Setting CVar [[r.SceneColorFormat:4]]
[2022.03.31-04.41.49:465][  0]LogConfig: Setting CVar [[r.DetailMode:2]]
[2022.03.31-04.41.49:465][  0]LogConfig: Setting CVar [[r.TranslucencyVolumeBlur:1]]
[2022.03.31-04.41.49:465][  0]LogConfig: Setting CVar [[r.MaterialQualityLevel:1 ; High quality]]
[2022.03.31-04.41.49:465][  0]LogConfig: Setting CVar [[r.AnisotropicMaterials:1]]
[2022.03.31-04.41.49:465][  0]LogConfig: Setting CVar [[r.SSS.Scale:1]]
[2022.03.31-04.41.49:465][  0]LogConfig: Setting CVar [[r.SSS.SampleSet:2]]
[2022.03.31-04.41.49:465][  0]LogConfig: Setting CVar [[r.SSS.Quality:1]]
[2022.03.31-04.41.49:465][  0]LogConfig: Setting CVar [[r.SSS.HalfRes:0]]
[2022.03.31-04.41.49:465][  0]LogConfig: Setting CVar [[r.SSGI.Quality:3]]
[2022.03.31-04.41.49:465][  0]LogConfig: Setting CVar [[r.EmitterSpawnRateScale:1.0]]
[2022.03.31-04.41.49:465][  0]LogConfig: Setting CVar [[r.ParticleLightQuality:2]]
[2022.03.31-04.41.49:465][  0]LogConfig: Setting CVar [[r.SkyAtmosphere.AerialPerspectiveLUT.FastApplyOnOpaque:1 ; Always have FastSkyLUT 1 in this case to avoid wrong sky]]
[2022.03.31-04.41.49:465][  0]LogConfig: Setting CVar [[r.SkyAtmosphere.AerialPerspectiveLUT.SampleCountMaxPerSlice:4]]
[2022.03.31-04.41.49:465][  0]LogConfig: Setting CVar [[r.SkyAtmosphere.AerialPerspectiveLUT.DepthResolution:16.0]]
[2022.03.31-04.41.49:465][  0]LogConfig: Setting CVar [[r.SkyAtmosphere.FastSkyLUT:1]]
[2022.03.31-04.41.49:465][  0]LogConfig: Setting CVar [[r.SkyAtmosphere.FastSkyLUT.SampleCountMin:4.0]]
[2022.03.31-04.41.49:465][  0]LogConfig: Setting CVar [[r.SkyAtmosphere.FastSkyLUT.SampleCountMax:128.0]]
[2022.03.31-04.41.49:465][  0]LogConfig: Setting CVar [[r.SkyAtmosphere.SampleCountMin:4.0]]
[2022.03.31-04.41.49:465][  0]LogConfig: Setting CVar [[r.SkyAtmosphere.SampleCountMax:128.0]]
[2022.03.31-04.41.49:465][  0]LogConfig: Setting CVar [[r.SkyAtmosphere.TransmittanceLUT.UseSmallFormat:0]]
[2022.03.31-04.41.49:465][  0]LogConfig: Setting CVar [[r.SkyAtmosphere.TransmittanceLUT.SampleCount:10.0]]
[2022.03.31-04.41.49:465][  0]LogConfig: Setting CVar [[r.SkyAtmosphere.MultiScatteringLUT.SampleCount:15.0]]
[2022.03.31-04.41.49:465][  0]LogConfig: Setting CVar [[r.SkyLight.RealTimeReflectionCapture:1]]
[2022.03.31-04.41.49:465][  0]LogConfig: Applying CVar settings from Section [FoliageQuality@3] File [C:/Users/Ethan Schaller/Documents/Unreal Projects/Mario_Land_2/Saved/Config/Windows/Scalability.ini]
[2022.03.31-04.41.49:465][  0]LogConfig: Setting CVar [[foliage.DensityScale:1.0]]
[2022.03.31-04.41.49:465][  0]LogConfig: Setting CVar [[grass.DensityScale:1.0]]
[2022.03.31-04.41.49:465][  0]LogConfig: Applying CVar settings from Section [ShadingQuality@3] File [C:/Users/Ethan Schaller/Documents/Unreal Projects/Mario_Land_2/Saved/Config/Windows/Scalability.ini]
[2022.03.31-04.41.49:465][  0]LogConfig: Setting CVar [[r.HairStrands.SkyLighting.IntegrationType:2]]
[2022.03.31-04.41.49:465][  0]LogConfig: Setting CVar [[r.HairStrands.SkyAO.SampleCount:4]]
[2022.03.31-04.41.49:465][  0]LogConfig: Setting CVar [[r.HairStrands.Visibility.MSAA.SamplePerPixel:4]]
[2022.03.31-04.41.49:466][  0]LogConfig: Applying CVar settings from Section [Startup] File [../../../Engine/Config/ConsoleVariables.ini]
[2022.03.31-04.41.49:466][  0]LogConfig: Setting CVar [[net.UseAdaptiveNetUpdateFrequency:0]]
[2022.03.31-04.41.49:466][  0]LogConfig: Setting CVar [[p.chaos.AllowCreatePhysxBodies:1]]
[2022.03.31-04.41.49:466][  0]LogConfig: Setting CVar [[fx.SkipVectorVMBackendOptimizations:1]]
[2022.03.31-04.41.49:466][  0]LogConfig: Applying CVar settings from Section [ConsoleVariables] File [C:/Users/Ethan Schaller/Documents/Unreal Projects/Mario_Land_2/Saved/Config/Windows/Engine.ini]
[2022.03.31-04.41.49:466][  0]LogConfig: Applying CVar settings from Section [ConsoleVariables] File [C:/Users/Ethan Schaller/Documents/Unreal Projects/Mario_Land_2/Saved/Config/Windows/Editor.ini]
[2022.03.31-04.41.49:466][  0]LogInit: Computer: DESKTOP-KRTMCAC
[2022.03.31-04.41.49:466][  0]LogInit: User: EthanSchaller
[2022.03.31-04.41.49:466][  0]LogInit: CPU Page size=4096, Cores=8
[2022.03.31-04.41.49:466][  0]LogInit: High frequency timer resolution =10.000000 MHz
[2022.03.31-04.41.49:466][  0]LogMemory: Memory total: Physical=15.9GB (16GB approx)
[2022.03.31-04.41.49:466][  0]LogMemory: Platform Memory Stats for Windows
[2022.03.31-04.41.49:466][  0]LogMemory: Process Physical Memory: 147.11 MB used, 147.11 MB peak
[2022.03.31-04.41.49:466][  0]LogMemory: Process Virtual Memory: 129.33 MB used, 129.33 MB peak
[2022.03.31-04.41.49:466][  0]LogMemory: Physical Memory: 7119.77 MB used,  9190.85 MB free, 16310.62 MB total
[2022.03.31-04.41.49:466][  0]LogMemory: Virtual Memory: 134210040.00 MB used,  7691.27 MB free, 134217728.00 MB total
[2022.03.31-04.41.49:991][  0]LogWindows: WindowsPlatformFeatures enabled
[2022.03.31-04.41.50:031][  0]LogInit: Physics initialised using underlying interface: PhysX
[2022.03.31-04.41.50:032][  0]LogInit: Using OS detected language (en-US).
[2022.03.31-04.41.50:032][  0]LogInit: Using OS detected locale (en-CA).
[2022.03.31-04.41.50:039][  0]LogTextLocalizationManager: No specific localization for 'en-US' exists, so the 'en' localization will be used.
[2022.03.31-04.41.50:226][  0]LogInit: Setting process to per monitor DPI aware
[2022.03.31-04.41.50:245][  0]LogWindowsTextInputMethodSystem: Display: IME system deactivated.
[2022.03.31-04.41.50:259][  0]LogSlate: New Slate User Created.  User Index 0, Is Virtual User: 0
[2022.03.31-04.41.50:260][  0]LogSlate: Slate User Registered.  User Index 0, Is Virtual User: 0
[2022.03.31-04.41.50:424][  0]LogD3D11RHI: Loaded GFSDK_Aftermath_Lib.x64.dll
[2022.03.31-04.41.50:427][  0]LogHMD: Failed to initialize OpenVR with code 110
[2022.03.31-04.41.50:427][  0]LogD3D11RHI: D3D11 min allowed feature level: 11_0
[2022.03.31-04.41.50:427][  0]LogD3D11RHI: D3D11 max allowed feature level: 11_0
[2022.03.31-04.41.50:427][  0]LogD3D11RHI: D3D11 adapters:
[2022.03.31-04.41.50:534][  0]LogD3D11RHI:    0. 'NVIDIA GeForce GTX 1070 Ti' (Feature Level 11_0)
[2022.03.31-04.41.50:534][  0]LogD3D11RHI:       8079/0/8155 MB DedicatedVideo/DedicatedSystem/SharedSystem, Outputs:1, VendorId:0x10de
[2022.03.31-04.41.50:537][  0]LogD3D11RHI:    1. 'Microsoft Basic Render Driver' (Feature Level 11_0)
[2022.03.31-04.41.50:537][  0]LogD3D11RHI:       0/0/8155 MB DedicatedVideo/DedicatedSystem/SharedSystem, Outputs:0, VendorId:0x1414
[2022.03.31-04.41.50:537][  0]LogD3D11RHI: Chosen D3D11 Adapter:
[2022.03.31-04.41.50:537][  0]LogD3D11RHI:     Description : NVIDIA GeForce GTX 1070 Ti
[2022.03.31-04.41.50:537][  0]LogD3D11RHI:     VendorId    : 10de
[2022.03.31-04.41.50:537][  0]LogD3D11RHI:     DeviceId    : 1b82
[2022.03.31-04.41.50:537][  0]LogD3D11RHI:     SubSysId    : 244519da
[2022.03.31-04.41.50:537][  0]LogD3D11RHI:     Revision    : 00a1
[2022.03.31-04.41.50:537][  0]LogD3D11RHI:     DedicatedVideoMemory : 8471445504 bytes
[2022.03.31-04.41.50:537][  0]LogD3D11RHI:     DedicatedSystemMemory : 0 bytes
[2022.03.31-04.41.50:537][  0]LogD3D11RHI:     SharedSystemMemory : 8551464960 bytes
[2022.03.31-04.41.50:537][  0]LogD3D11RHI:     AdapterLuid : 0 61929
[2022.03.31-04.41.50:544][  0]LogD3D11RHI: Creating new Direct3DDevice
[2022.03.31-04.41.50:544][  0]LogD3D11RHI:     GPU DeviceId: 0x1b82 (for the marketing name, search the web for "GPU Device Id")
[2022.03.31-04.41.50:544][  0]LogWindows: EnumDisplayDevices:
[2022.03.31-04.41.50:544][  0]LogWindows:    0. 'NVIDIA GeForce GTX 1070 Ti' (P:1 D:1)
[2022.03.31-04.41.50:544][  0]LogWindows:    1. 'NVIDIA GeForce GTX 1070 Ti' (P:0 D:0)
[2022.03.31-04.41.50:545][  0]LogWindows:    2. 'NVIDIA GeForce GTX 1070 Ti' (P:0 D:0)
[2022.03.31-04.41.50:545][  0]LogWindows:    3. 'NVIDIA GeForce GTX 1070 Ti' (P:0 D:0)
[2022.03.31-04.41.50:545][  0]LogWindows: DebugString: FoundDriverCount:4 
[2022.03.31-04.41.50:545][  0]LogD3D11RHI:     Adapter Name: NVIDIA GeForce GTX 1070 Ti
[2022.03.31-04.41.50:545][  0]LogD3D11RHI:   Driver Version: 511.23 (internal:30.0.15.1123, unified:511.23)
[2022.03.31-04.41.50:545][  0]LogD3D11RHI:      Driver Date: 1-10-2022
[2022.03.31-04.41.50:545][  0]LogRHI: Texture pool is 5655 MB (70% of 8079 MB)
[2022.03.31-04.41.50:545][  0]LogD3D11RHI: Creating D3DDevice using adapter:
[2022.03.31-04.41.50:545][  0]LogD3D11RHI:     Description : NVIDIA GeForce GTX 1070 Ti
[2022.03.31-04.41.50:545][  0]LogD3D11RHI:     VendorId    : 10de
[2022.03.31-04.41.50:545][  0]LogD3D11RHI:     DeviceId    : 1b82
[2022.03.31-04.41.50:545][  0]LogD3D11RHI:     SubSysId    : 244519da
[2022.03.31-04.41.50:545][  0]LogD3D11RHI:     Revision    : 00a1
[2022.03.31-04.41.50:545][  0]LogD3D11RHI:     DedicatedVideoMemory : 8471445504 bytes
[2022.03.31-04.41.50:545][  0]LogD3D11RHI:     DedicatedSystemMemory : 0 bytes
[2022.03.31-04.41.50:545][  0]LogD3D11RHI:     SharedSystemMemory : 8551464960 bytes
[2022.03.31-04.41.50:545][  0]LogD3D11RHI:     AdapterLuid : 0 61929
[2022.03.31-04.41.50:614][  0]LogD3D11RHI: RHI has support for 64 bit atomics
[2022.03.31-04.41.50:615][  0]LogD3D11RHI: Async texture creation enabled
[2022.03.31-04.41.50:615][  0]LogD3D11RHI: Array index from any shader is supported
[2022.03.31-04.41.50:638][  0]LogD3D11RHI: GPU Timing Frequency: 1000.000000 (Debug: 2 1)
[2022.03.31-04.41.50:670][  0]LogRHI: GeForceNow SDK initialized: 1
[2022.03.31-04.41.51:013][  0]LogTargetPlatformManager: Display: Loaded TargetPlatform 'AllDesktop'
[2022.03.31-04.41.51:036][  0]LogTargetPlatformManager: Display: Loaded TargetPlatform 'Android'
[2022.03.31-04.41.51:036][  0]LogTargetPlatformManager: Display: Loaded TargetPlatform 'Android_ASTC'
[2022.03.31-04.41.51:036][  0]LogTargetPlatformManager: Display: Loaded TargetPlatform 'Android_DXT'
[2022.03.31-04.41.51:036][  0]LogTargetPlatformManager: Display: Loaded TargetPlatform 'Android_ETC2'
[2022.03.31-04.41.51:036][  0]LogTargetPlatformManager: Display: Loaded TargetPlatform 'AndroidClient'
[2022.03.31-04.41.51:036][  0]LogTargetPlatformManager: Display: Loaded TargetPlatform 'Android_ASTCClient'
[2022.03.31-04.41.51:036][  0]LogTargetPlatformManager: Display: Loaded TargetPlatform 'Android_DXTClient'
[2022.03.31-04.41.51:036][  0]LogTargetPlatformManager: Display: Loaded TargetPlatform 'Android_ETC2Client'
[2022.03.31-04.41.51:036][  0]LogTargetPlatformManager: Display: Loaded TargetPlatform 'Android_Multi'
[2022.03.31-04.41.51:036][  0]LogTargetPlatformManager: Display: Loaded TargetPlatform 'Android_MultiClient'
[2022.03.31-04.41.51:055][  0]LogTargetPlatformManager: Display: Loaded TargetPlatform 'IOSClient'
[2022.03.31-04.41.51:055][  0]LogTargetPlatformManager: Display: Loaded TargetPlatform 'IOS'
[2022.03.31-04.41.51:066][  0]LogTargetPlatformManager: Display: Loaded TargetPlatform 'Linux'
[2022.03.31-04.41.51:071][  0]LogTargetPlatformManager: Display: Loaded TargetPlatform 'LinuxNoEditor'
[2022.03.31-04.41.51:075][  0]LogTargetPlatformManager: Display: Loaded TargetPlatform 'LinuxClient'
[2022.03.31-04.41.51:080][  0]LogTargetPlatformManager: Display: Loaded TargetPlatform 'LinuxServer'
[2022.03.31-04.41.51:090][  0]LogTargetPlatformManager: Display: Loaded TargetPlatform 'LinuxAArch64NoEditor'
[2022.03.31-04.41.51:095][  0]LogTargetPlatformManager: Display: Loaded TargetPlatform 'LinuxAArch64Client'
[2022.03.31-04.41.51:099][  0]LogTargetPlatformManager: Display: Loaded TargetPlatform 'LinuxAArch64Server'
[2022.03.31-04.41.51:124][  0]LogTargetPlatformManager: Display: Loaded TargetPlatform 'Lumin'
[2022.03.31-04.41.51:124][  0]LogTargetPlatformManager: Display: Loaded TargetPlatform 'LuminClient'
[2022.03.31-04.41.51:133][  0]LogTargetPlatformManager: Display: Loaded TargetPlatform 'MacNoEditor'
[2022.03.31-04.41.51:138][  0]LogTargetPlatformManager: Display: Loaded TargetPlatform 'Mac'
[2022.03.31-04.41.51:142][  0]LogTargetPlatformManager: Display: Loaded TargetPlatform 'MacClient'
[2022.03.31-04.41.51:146][  0]LogTargetPlatformManager: Display: Loaded TargetPlatform 'MacServer'
[2022.03.31-04.41.51:156][  0]LogTargetPlatformManager: Display: Loaded TargetPlatform 'TVOSClient'
[2022.03.31-04.41.51:156][  0]LogTargetPlatformManager: Display: Loaded TargetPlatform 'TVOS'
[2022.03.31-04.41.51:166][  0]LogTargetPlatformManager: Display: Loaded TargetPlatform 'WindowsNoEditor'
[2022.03.31-04.41.51:170][  0]LogTargetPlatformManager: Display: Loaded TargetPlatform 'Windows'
[2022.03.31-04.41.51:175][  0]LogTargetPlatformManager: Display: Loaded TargetPlatform 'WindowsClient'
[2022.03.31-04.41.51:179][  0]LogTargetPlatformManager: Display: Loaded TargetPlatform 'WindowsServer'
[2022.03.31-04.41.51:179][  0]LogTargetPlatformManager: Display: Building Assets For Windows
[2022.03.31-04.41.51:186][  0]LogAudioDebug: Display: Lib vorbis DLL was dynamically loaded.
[2022.03.31-04.41.51:219][  0]LogTextureFormatOodle: Display: Oodle Texture 2.9.0 init RDO Off
[2022.03.31-04.41.51:248][  0]LogRendererCore: Ray tracing is disabled. Reason: r.RayTracing=0.
[2022.03.31-04.41.51:248][  0]LogShaderCompilers: Guid format shader working directory is -22 characters bigger than the processId version (../../../../../../Users/Ethan Schaller/Documents/Unreal Projects/Mario_Land_2/Intermediate/Shaders/WorkingDirectory/9580/).
[2022.03.31-04.41.51:249][  0]LogShaderCompilers: Cleaned the shader compiler working directory 'C:/Users/Ethan Schaller/AppData/Local/Temp/UnrealShaderWorkingDir/6CA5D0264DCA981083E5ADA9ACF4E4B5/'.
[2022.03.31-04.41.51:249][  0]LogXGEController: Cannot use XGE Controller as Incredibuild is not installed on this machine.
[2022.03.31-04.41.51:249][  0]LogShaderCompilers: Cannot use XGE Shader Compiler as Incredibuild is not installed on this machine.
[2022.03.31-04.41.51:249][  0]LogShaderCompilers: Display: Using Local Shader Compiler.
[2022.03.31-04.41.52:001][  0]LogDerivedDataCache: Display: Max Cache Size: 512 MB
[2022.03.31-04.41.52:064][  0]LogDerivedDataCache: Loaded boot cache 0.06s 94MB C:/Users/Ethan Schaller/AppData/Local/UnrealEngine/4.27/DerivedDataCache/Boot.ddc.
[2022.03.31-04.41.52:064][  0]LogDerivedDataCache: Display: Loaded Boot cache: C:/Users/Ethan Schaller/AppData/Local/UnrealEngine/4.27/DerivedDataCache/Boot.ddc
[2022.03.31-04.41.52:064][  0]LogDerivedDataCache: FDerivedDataBackendGraph:  Pak pak cache file ../../../../../../Users/Ethan Schaller/Documents/Unreal Projects/Mario_Land_2/DerivedDataCache/DDC.ddp not found, will not use a pak cache.
[2022.03.31-04.41.52:064][  0]LogDerivedDataCache: Unable to find inner node Pak for hierarchical cache Hierarchy.
[2022.03.31-04.41.52:064][  0]LogDerivedDataCache: FDerivedDataBackendGraph:  CompressedPak pak cache file ../../../../../../Users/Ethan Schaller/Documents/Unreal Projects/Mario_Land_2/DerivedDataCache/Compressed.ddp not found, will not use a pak cache.
[2022.03.31-04.41.52:064][  0]LogDerivedDataCache: Unable to find inner node CompressedPak for hierarchical cache Hierarchy.
[2022.03.31-04.41.52:082][  0]LogDerivedDataCache: Display: Pak cache opened for reading ../../../Engine/DerivedDataCache/Compressed.ddp.
[2022.03.31-04.41.52:082][  0]LogDerivedDataCache: FDerivedDataBackendGraph:  EnterprisePak pak cache file ../../../Enterprise/DerivedDataCache/Compressed.ddp not found, will not use a pak cache.
[2022.03.31-04.41.52:082][  0]LogDerivedDataCache: Unable to find inner node EnterprisePak for hierarchical cache Hierarchy.
[2022.03.31-04.41.52:088][  0]LogDerivedDataCache: Speed tests for C:/Users/Ethan Schaller/AppData/Local/UnrealEngine/Common/DerivedDataCache took 0.01 seconds
[2022.03.31-04.41.52:088][  0]LogDerivedDataCache: Display: Performance to C:/Users/Ethan Schaller/AppData/Local/UnrealEngine/Common/DerivedDataCache: Latency=0.04ms. RandomReadSpeed=961.12MBs, RandomWriteSpeed=194.40MBs. Assigned SpeedClass 'Local'
[2022.03.31-04.41.52:089][  0]LogDerivedDataCache: Using Local data cache path C:/Users/Ethan Schaller/AppData/Local/UnrealEngine/Common/DerivedDataCache: Writable
[2022.03.31-04.41.52:089][  0]LogDerivedDataCache: Shared data cache path not found in *engine.ini, will not use an Shared cache.
[2022.03.31-04.41.52:089][  0]LogDerivedDataCache: Unable to find inner node Shared for hierarchical cache Hierarchy.
[2022.03.31-04.41.52:136][  0]LogSlate: Using FreeType 2.10.0
[2022.03.31-04.41.52:137][  0]LogSlate: SlateFontServices - WITH_FREETYPE: 1, WITH_HARFBUZZ: 1
[2022.03.31-04.41.52:165][  0]LogAssetRegistry: FAssetRegistry took 0.0027 seconds to start up
[2022.03.31-04.41.52:425][  0]LogInit: Selected Device Profile: [Windows]
[2022.03.31-04.41.52:425][  0]LogInit: Active device profile: [0000020E55F33700][0000020E51DB7840 49] Windows
[2022.03.31-04.41.52:425][  0]LogInit: Profiles: [0000020E55F33700][0000020E51DB7840 49] Windows, [0000020E55EE8B00][0000020E475F59C0 49] WindowsNoEditor, [0000020E55F30B00][0000020E475F9B40 49] WindowsServer, [0000020E55EEB000][0000020E475FC140 49] WindowsClient, [0000020E55F32F00][0000020E476002C0 49] IOS, [0000020E55EE9300][0000020E47604440 49] iPadAir, [0000020E55F31200][0000020E4B33C5C0 49] iPadAir2, [0000020E55EA4100][0000020E4B344880 49] IPadPro, [0000020E55EA3F00][0000020E4B3408C0 49] iPadAir3, [0000020E55F32B00][0000020E53E3AA00 49] iPadAir4, [0000020E55EA1000][0000020E4B348B40 49] iPadMini2, [0000020E55F31500][0000020E4B34CC80 49] iPadMini3, [0000020E55EA2B00][0000020E4B350DC0 49] iPadMini4, [0000020E55F32400][0000020E531DAF40 49] iPadMini5, [0000020E55EEAB00][0000020E531E3200 49] iPhone6, [0000020E55EEAA00][0000020E531DF240 49] iPodTouch6, [0000020E55EA1100][0000020E531EB500 49] iPhone7, [0000020E55EA1200][0000020E531E7540 49] iPodTouch7, [0000020E55EE8E00][0000020E531EF6C0 49] iPhone5S, [0000020E55EA2D00][0000020E530E5840 49] iPhone6Plus, [0000020E55EEA000][0000020E530E99C0 49] iPhone6S, [0000020E55EA3500][0000020E530EDB40 49] iPhone6SPlus, [0000020E55EEB300][0000020E530F0140 49] iPhone7Plus, [0000020E55EA2400][0000020E530F42C0 49] iPhoneSE, [0000020E55EE9800][0000020E530F8440 49] iPhone8, [0000020E55EA2A00][0000020E530FC5C0 49] iPhone8Plus, [0000020E55EEAE00][0000020E53100740 49] iPhoneX, [0000020E55EA2E00][0000020E531048C0 49] iPhoneXS, [0000020E55EEB200][0000020E53108A40 49] iPhoneXSMax, [0000020E55EA0A00][0000020E531D6B80 49] iPhoneXR, [0000020E55EE9400][0000020E5310CCC0 49] iPhone11, [0000020E55EA3700][0000020E53110E00 49] iPhone11Pro, [0000020E55EE8800][0000020E53114F40 49] iPhone11ProMax, [0000020E55EA3B00][0000020E519110C0 49] iPhoneSE2, [0000020E55EEB100][0000020E51915240 49] iPhone12Mini, [0000020E55EA3D00][0000020E519193C0 49] iPhone12, [0000020E55EE9A00][0000020E5191D540 49] iPhone12Pro, [0000020E55EA2C00][0000020E519216C0 49] iPhone12ProMax, [0000020E55EE9700][0000020E51925840 49] iPadPro105, [0000020E55EA2500][0000020E519299C0 49] iPadPro129, [0000020E55EE8500][0000020E5192DB40 49] iPadPro97, [0000020E55EA3400][0000020E51930140 49] iPadPro2_129, [0000020E55EEA600][0000020E519342C0 49] iPad5, [0000020E55EA1C00][0000020E51938440 49] iPad6, [0000020E55EEA900][0000020E5193C5C0 49] iPad7, [0000020E55EA3200][0000020E51940740 49] iPad8, [0000020E55EEAD00][0000020E519448C0 49] iPadPro11, [0000020E55EA0300][0000020E51948A40 49] iPadPro2_11, [0000020E55EE8A00][0000020E5194CBC0 49] iPadPro3_129, [0000020E55EA3000][0000020E51950D40 49] iPadPro4_129, [0000020E55EEB600][0000020E5190CE80 49] AppleTV, [0000020E55EA1B00][0000020E51954FC0 49] AppleTV4K, [0000020E55EE9C00][0000020E51959100 49] TVOS, [0000020E55EA3900][0000020E51961280 49] Mac, [0000020E55EE8C00][0000020E51965400 49] MacClient, [0000020E55EA0E00][0000020E51969580 49] MacNoEditor, [0000020E55EEBF00][0000020E5196D700 49] MacServer, [0000020E55EA2300][0000020E53B43880 49] Linux, [0000020E55EE8300][0000020E53B47A00 49] LinuxAArch64, [0000020E55F64500][0000020E53B4BB80 49] LinuxNoEditor, [0000020E55EA4200][0000020E53B4E180 49] LinuxAArch64NoEditor, [0000020E55F66300][0000020E53B52300 49] LinuxClient, [0000020E55EA7600][0000020E53B56480 49] LinuxAArch64Client, [0000020E55F64100][0000020E53B5A600 49] LinuxServer, [0000020E55EA5200][0000020E53B5E780 49] LinuxAArch64Server, [0000020E55F65900][0000020E53B62900 49] Android, [0000020E55EA7100][0000020E53B66A80 49] Android_Low, [0000020E55F66400][0000020E53B6AC00 49] Android_Mid, [0000020E55EA6200][0000020E53B6ED80 49] Android_High, [0000020E55F64900][0000020E53B72F00 49] Android_Default, [0000020E55EA6A00][0000020E5195D040 49] Android_Adreno4xx, [0000020E55F65200][0000020E53B77180 49] Android_Adreno5xx_Low, [0000020E55EA5100][0000020E53B7B2C0 49] Android_Adreno5xx, [0000020E55F65E00][0000020E53B83440 49] Android_Adreno6xx, [0000020E55EA5C00][0000020E53B875C0 49] Android_Adreno6xx_Vulkan, [0000020E55F65800][0000020E53B8B740 49] Android_Mali_T6xx, [0000020E55EA7700][0000020E53B8F8C0 49] Android_Mali_T7xx, [0000020E55F66000][0000020E53B93A40 49] Android_Mali_T8xx, [0000020E55EA5E00][0000020E53B97BC0 49] Android_Mali_G71, [0000020E55F64200][0000020E53B9A1C0 49] Android_Mali_G72, [0000020E55EA6400][0000020E53B9E340 49] Android_Mali_G72_Vulkan, [0000020E55EE9600][0000020E53BA24C0 49] Android_Mali_G76, [0000020E55EA0900][0000020E53BA6640 49] Android_Mali_G76_Vulkan, [0000020E55EEB700][0000020E53BAA7C0 49] Android_Mali_G77, [0000020E55EA2200][0000020E53BAE940 49] Android_Mali_G77_Vulkan, [0000020E55EE8100][0000020E53BB2AC0 49] Android_Mali_G78, [0000020E55EA1300][0000020E53BB6C40 49] Android_Mali_G78_Vulkan, [0000020E55EE9100][0000020E53BBADC0 49] Android_Mali_G710, [0000020E55EA1700][0000020E537DEF40 49] Android_Mali_G710_Vulkan, [0000020E55EE9900][0000020E537E30C0 49] Android_Vulkan_SM5, [0000020E55EA0B00][0000020E53B7F200 49] Android_PowerVR_G6xxx, [0000020E55EE9000][0000020E537E7340 49] Android_PowerVR_GT7xxx, [0000020E55EA0C00][0000020E537EB480 49] Android_PowerVR_GE8xxx, [0000020E55EEA500][0000020E537EF5C0 49] Android_PowerVR_GM9xxx, [0000020E55F65100][0000020E537F7740 49] Android_PowerVR_GM9xxx_Vulkan, [0000020E55EE8700][0000020E537FB8C0 49] Android_TegraK1, [0000020E55F65000][0000020E537FFA40 49] Android_Unknown_Vulkan, [0000020E55EE9D00][0000020E53803BC0 49] Lumin, [0000020E55F65700][0000020E538061C0 49] Lumin_Desktop, [0000020E55EE8400][0000020E5380A340 49] HoloLens, 
[2022.03.31-04.41.52:551][  0]LogMeshReduction: Using QuadricMeshReduction for automatic static mesh reduction
[2022.03.31-04.41.52:552][  0]LogMeshReduction: Using SimplygonMeshReduction for automatic skeletal mesh reduction
[2022.03.31-04.41.52:552][  0]LogMeshReduction: Using ProxyLODMeshReduction for automatic mesh merging
[2022.03.31-04.41.52:552][  0]LogMeshReduction: No distributed automatic mesh merging module available
[2022.03.31-04.41.52:552][  0]LogMeshMerging: No distributed automatic mesh merging module available
[2022.03.31-04.41.52:570][  0]LogNetVersion: Mario_Land_2 1.0.0, NetCL: 17155196, EngineNetVer: 17, GameNetVer: 0 (Checksum: 3489079873)
[2022.03.31-04.41.52:978][  0]LogTexture: Default maximum texture size for cubemaps generated from long-lat sources has been changed from 512 to unlimited. In order to preserve old behaiour for '/Engine/MapTemplates/Sky/DaylightAmbientCubemap.DaylightAmbientCubemap', its maximum texture size has been explicitly set to 512.
[2022.03.31-04.41.53:048][  0]LogHMD: PokeAHoleMaterial loaded successfully
[2022.03.31-04.41.53:055][  0]LogUObjectArray: 17178 objects as part of root set at end of initial load.
[2022.03.31-04.41.53:055][  0]LogUObjectAllocator: 4302048 out of 0 bytes used by permanent object pool.
[2022.03.31-04.41.53:055][  0]LogUObjectArray: CloseDisregardForGC: 0/0 objects in disregard for GC pool
[2022.03.31-04.41.53:247][  0]LogNiagaraDebuggerClient: Niagara Debugger Client Initialized | Session: B807AD054569DDA5FE99B5A2D240C51C | Instance: F0306AE04522EB781E418A8C2A1D6145 (DESKTOP-KRTMCAC-9580).
[2022.03.31-04.41.53:469][  0]LogPython: Using Python 3.7.7
[2022.03.31-04.41.53:996][  0]LogTcpMessaging: Initializing TcpMessaging bridge
[2022.03.31-04.41.54:005][  0]LogUdpMessaging: Initializing bridge on interface 0.0.0.0:0 to multicast group 230.0.0.1:6666.
[2022.03.31-04.41.54:159][  0]SourceControl: Source control is disabled
[2022.03.31-04.41.54:159][  0]SourceControl: Source control is disabled
[2022.03.31-04.41.54:162][  0]SourceControl: Source control is disabled
[2022.03.31-04.41.54:164][  0]SourceControl: Source control is disabled
[2022.03.31-04.41.54:173][  0]SourceControl: Source control is disabled
[2022.03.31-04.41.54:179][  0]LogUProjectInfo: Found projects:
[2022.03.31-04.41.54:396][  0]LogOpenImageDenoise: OIDN starting up
[2022.03.31-04.41.54:441][  0]LogAndroidPermission: UAndroidPermissionCallbackProxy::GetInstance
[2022.03.31-04.41.54:463][  0]LogAudioCaptureCore: Display: No Audio Capture implementations found. Audio input will be silent.
[2022.03.31-04.41.54:463][  0]LogAudioCaptureCore: Display: No Audio Capture implementations found. Audio input will be silent.
[2022.03.31-04.41.54:590][  0]LogCollectionManager: Loaded 0 collections in 0.001864 seconds
[2022.03.31-04.41.54:614][  0]LogFileCache: Scanning file cache for directory 'C:/Users/Ethan Schaller/Documents/Unreal Projects/Mario_Land_2/Saved/Collections/' took 0.00s
[2022.03.31-04.41.54:614][  0]LogFileCache: Scanning file cache for directory 'C:/Users/Ethan Schaller/Documents/Unreal Projects/Mario_Land_2/Content/Developers/EthanSchaller/Collections/' took 0.00s
[2022.03.31-04.41.54:614][  0]LogFileCache: Scanning file cache for directory 'C:/Users/Ethan Schaller/Documents/Unreal Projects/Mario_Land_2/Content/Collections/' took 0.00s
[2022.03.31-04.41.54:614][  0]LogOcInput: OculusInput pre-init called
[2022.03.31-04.41.54:844][  0]LogEngine: Initializing Engine...
[2022.03.31-04.41.54:846][  0]LogHMD: Failed to enumerate extensions. Please check that you have a valid OpenXR runtime installed.
[2022.03.31-04.41.54:847][  0]LogHMD: Failed to initialize OpenVR with code 110
[2022.03.31-04.41.54:847][  0]LogMagicLeap: Warning: VR disabled because ZI is not enabled.  To enable, in the editor, Edit -> Project Settings -> Plugins -> Magic Leap Plugin -> Enable Zero Iteration
[2022.03.31-04.41.54:848][  0]LogStats: UGameplayTagsManager::InitializeManager -  0.000 s
[2022.03.31-04.41.54:998][  0]LogInit: Initializing FReadOnlyCVARCache
[2022.03.31-04.41.55:007][  0]LogAIModule: Creating AISystem for world Untitled
[2022.03.31-04.41.55:020][  0]LogAudio: Display: Initializing Audio Device Manager...
[2022.03.31-04.41.55:023][  0]LogAudio: Display: Loading Default Audio Settings Objects...
[2022.03.31-04.41.55:024][  0]LogAudio: Display: No default SoundConcurrencyObject specified (or failed to load).
[2022.03.31-04.41.55:024][  0]LogAudio: Display: Audio Device Manager Initialized
[2022.03.31-04.41.55:024][  0]LogAudio: Display: Creating Audio Device:                 Id: 1, Scope: Shared, Realtime: True
[2022.03.31-04.41.55:025][  0]LogAudioMixer: Display: Audio Mixer Platform Settings:
[2022.03.31-04.41.55:025][  0]LogAudioMixer: Display: 	Sample Rate:						  48000
[2022.03.31-04.41.55:025][  0]LogAudioMixer: Display: 	Callback Buffer Frame Size Requested: 1024
[2022.03.31-04.41.55:025][  0]LogAudioMixer: Display: 	Callback Buffer Frame Size To Use:	  1024
[2022.03.31-04.41.55:025][  0]LogAudioMixer: Display: 	Number of buffers to queue:			  2
[2022.03.31-04.41.55:025][  0]LogAudioMixer: Display: 	Max Channels (voices):				  32
[2022.03.31-04.41.55:025][  0]LogAudioMixer: Display: 	Number of Async Source Workers:		  0
[2022.03.31-04.41.55:025][  0]LogAudio: Display: AudioDevice MaxSources: 32
[2022.03.31-04.41.55:025][  0]LogAudio: Display: Audio Spatialization Plugin: None (built-in).
[2022.03.31-04.41.55:025][  0]LogAudio: Display: Audio Reverb Plugin: None (built-in).
[2022.03.31-04.41.55:025][  0]LogAudio: Display: Audio Occlusion Plugin: None (built-in).
[2022.03.31-04.41.55:025][  0]LogAudioMixer: Display: Initializing audio mixer.
[2022.03.31-04.41.55:036][  0]LogAudioMixer: Display: 0: FrontLeft
[2022.03.31-04.41.55:036][  0]LogAudioMixer: Display: 1: FrontRight
[2022.03.31-04.41.55:036][  0]LogAudioMixer: Display: 2: FrontCenter
[2022.03.31-04.41.55:036][  0]LogAudioMixer: Display: 3: LowFrequency
[2022.03.31-04.41.55:036][  0]LogAudioMixer: Display: 4: BackLeft
[2022.03.31-04.41.55:036][  0]LogAudioMixer: Display: 5: BackRight
[2022.03.31-04.41.55:036][  0]LogAudioMixer: Display: 6: SideLeft
[2022.03.31-04.41.55:036][  0]LogAudioMixer: Display: 7: SideRight
[2022.03.31-04.41.55:093][  0]LogAudioMixer: Display: Using Audio Device Speakers (Realtek High Definition Audio)
[2022.03.31-04.41.55:100][  0]LogAudioMixer: Display: Initializing Sound Submixes...
[2022.03.31-04.41.55:103][  0]LogAudioMixer: Display: Creating Master Submix 'MasterSubmixDefault'
[2022.03.31-04.41.55:103][  0]LogAudioMixer: Display: Creating Master Submix 'MasterReverbSubmixDefault'
[2022.03.31-04.41.55:104][  0]LogAudioMixer: Display: Creating Master Submix 'MasterEQSubmixDefault'
[2022.03.31-04.41.55:104][  0]LogAudioMixer: FMixerPlatformXAudio2::StartAudioStream() called
[2022.03.31-04.41.55:104][  0]LogAudioMixer: Display: Output buffers initialized: Frames=1024, Channels=8, Samples=8192
[2022.03.31-04.41.55:105][  0]LogAudioMixer: Display: Starting AudioMixerPlatformInterface::RunInternal()
[2022.03.31-04.41.55:105][  0]LogAudioMixer: Display: FMixerPlatformXAudio2::SubmitBuffer() called for the first time
[2022.03.31-04.41.55:105][  0]LogInit: FAudioDevice initialized.
[2022.03.31-04.41.55:106][  0]LogAudio: Display: Audio Device (ID: 1) registered with world 'Untitled'.
[2022.03.31-04.41.55:106][  0]LogNetVersion: Set ProjectVersion to 1.0.0.0. Version Checksum will be recalculated on next use.
[2022.03.31-04.41.55:487][  0]LogDerivedDataCache: Saved boot cache 0.38s 94MB C:/Users/Ethan Schaller/AppData/Local/UnrealEngine/4.27/DerivedDataCache/Boot.ddc.
[2022.03.31-04.41.55:488][  0]LogInit: Texture streaming: Enabled
[2022.03.31-04.41.55:500][  0]LogAnalytics: Display: [UEEditor.Rocket.Release] APIServer = https://datarouter.ol.epicgames.com/. AppVersion = 4.27.2-18319896+++UE4+Release-4.27
[2022.03.31-04.41.55:504][  0]LogEngineSessionManager: EngineSessionManager initialized
[2022.03.31-04.41.55:504][  0]LogEditorSessionSummary: Verbose: Initializing EditorSessionSummaryWriter for editor session tracking
[2022.03.31-04.41.55:877][  0]LogEditorSessionSummary: EditorSessionSummaryWriter initialized
[2022.03.31-04.41.55:908][  0]LogInit: Transaction tracking system initialized
[2022.03.31-04.41.55:928][  0]BlueprintLog: New page: Editor Load
[2022.03.31-04.41.55:984][  0]LocalizationService: Localization service is disabled
[2022.03.31-04.41.56:006][  0]TimingProfiler: Initialize
[2022.03.31-04.41.56:007][  0]TimingProfiler: OnSessionChanged
[2022.03.31-04.41.56:007][  0]LoadingProfiler: Initialize
[2022.03.31-04.41.56:007][  0]LoadingProfiler: OnSessionChanged
[2022.03.31-04.41.56:007][  0]NetworkingProfiler: Initialize
[2022.03.31-04.41.56:007][  0]NetworkingProfiler: OnSessionChanged
[2022.03.31-04.41.56:007][  0]MemoryProfiler: Initialize
[2022.03.31-04.41.56:007][  0]MemoryProfiler: OnSessionChanged
[2022.03.31-04.41.56:187][  0]LogCook: Display: CookSettings for Memory: MemoryMaxUsedVirtual 0MiB, MemoryMaxUsedPhysical 16384MiB, MemoryMinFreeVirtual 0MiB, MemoryMinFreePhysical 1024MiB
[2022.03.31-04.41.56:187][  0]LogCook: Display: Mobile HDR setting 0
[2022.03.31-04.41.56:372][  0]LogFileCache: Scanning file cache for directory 'C:/Users/Ethan Schaller/Documents/Unreal Projects/Mario_Land_2/Content/' took 0.00s
[2022.03.31-04.41.56:529][  0]LogInit: Display: Engine is initialized. Leaving FEngineLoop::Init()
[2022.03.31-04.41.56:534][  0]SourceControl: Source control is disabled
[2022.03.31-04.41.56:678][  0]LogSlate: Took 0.000218 seconds to synchronously load lazily loaded font '../../../Engine/Content/Slate/Fonts/Roboto-Regular.ttf' (155K)
[2022.03.31-04.42.21:301][  0]LogSlate: Window 'Restore Packages' being destroyed
[2022.03.31-04.42.21:314][  0]LogUnrealEdMisc: Loading editor; pre map load, took 33.471
[2022.03.31-04.42.21:314][  0]Cmd: MAP LOAD FILE="../../../../../../Users/Ethan Schaller/Documents/Unreal Projects/Mario_Land_2/Content/SML2Game/levels/lvl1.umap" TEMPLATE=0 SHOWPROGRESS=1 FEATURELEVEL=3
[2022.03.31-04.42.21:316][  0]LightingResults: New page: Lighting Build
[2022.03.31-04.42.21:317][  0]LogWorld: UWorld::CleanupWorld for Untitled, bSessionEnded=true, bCleanupResources=true
[2022.03.31-04.42.21:318][  0]LogSlate: InvalidateAllWidgets triggered.  All widgets were invalidated
[2022.03.31-04.42.21:318][  0]MapCheck: New page: Map Check
[2022.03.31-04.42.21:318][  0]LightingResults: New page: Lighting Build
[2022.03.31-04.42.21:322][  0]LogAudio: Display: Audio Device unregistered from world 'None'.
[2022.03.31-04.42.21:325][  0]LogUObjectHash: Compacting FUObjectHashTables data took   0.87ms
[2022.03.31-04.42.21:729][  0]LogAudio: Display: Audio Device (ID: 1) registered with world 'lvl1'.
[2022.03.31-04.42.21:730][  0]LogAIModule: Creating AISystem for world lvl1
[2022.03.31-04.42.21:825][  0]LogEditorServer: Finished looking for orphan Actors (0.000 secs)
[2022.03.31-04.42.21:850][  0]LogUObjectHash: Compacting FUObjectHashTables data took   1.15ms
[2022.03.31-04.42.21:851][  0]Cmd: MAP CHECKDEP NOCLEARLOG
[2022.03.31-04.42.21:852][  0]MapCheck: Map check complete: 0 Error(s), 0 Warning(s), took 0.307ms to complete.
[2022.03.31-04.42.21:852][  0]LogFileHelpers: Loading map 'lvl1' took 0.537
[2022.03.31-04.42.21:854][  0]LogUnrealEdMisc: Total Editor Startup Time, took 34.011
[2022.03.31-04.42.21:930][  0]LogSlate: Updating window title bar state: overlay mode, drag disabled, window buttons hidden, title bar hidden
[2022.03.31-04.42.21:937][  0]LogSlate: Updating window title bar state: overlay mode, drag disabled, window buttons hidden, title bar hidden
[2022.03.31-04.42.21:943][  0]LogSlate: Updating window title bar state: overlay mode, drag disabled, window buttons hidden, title bar hidden
[2022.03.31-04.42.21:950][  0]LogSlate: Updating window title bar state: overlay mode, drag disabled, window buttons hidden, title bar hidden
[2022.03.31-04.42.21:965][  0]LogNativeClassHierarchy: Verbose: Native class hierarchy populated in 0.0103 seconds. Added 3822 classes and 928 folders.
[2022.03.31-04.42.21:968][  0]LogNativeClassHierarchy: Verbose: Native class hierarchy updated for 'WidgetCarousel' in 0.0003 seconds. Added 0 classes and 0 folders.
[2022.03.31-04.42.21:969][  0]LogPakFile: PakFile PrimaryIndexSize=187
[2022.03.31-04.42.21:969][  0]LogPakFile: PakFile PathHashIndexSize=101
[2022.03.31-04.42.21:969][  0]LogPakFile: PakFile FullDirectoryIndexSize=148
[2022.03.31-04.42.21:969][  0]LogShaderLibrary: Display: ShaderCodeLibraryPakFileMountedCallback: PakFile 'C:/Program Files/Epic Games/UE_4.27/FeaturePacks/FP_FirstPerson.upack' (chunk index -1, root 'root:/') mounted
[2022.03.31-04.42.21:970][  0]LogShaderLibrary: Display: ShaderCodeLibraryPakFileMountedCallback: pending pak file info (ChunkID:-1 Root:root:/ File:C:/Program Files/Epic Games/UE_4.27/FeaturePacks/FP_FirstPerson.upack)
[2022.03.31-04.42.21:970][  0]LogPakFile: OnPakFileMounted2Time == 0.000081
[2022.03.31-04.42.21:970][  0]LogPakFile: PakFile PrimaryIndexSize=189
[2022.03.31-04.42.21:970][  0]LogPakFile: PakFile PathHashIndexSize=101
[2022.03.31-04.42.21:970][  0]LogPakFile: PakFile FullDirectoryIndexSize=152
[2022.03.31-04.42.21:970][  0]LogShaderLibrary: Display: ShaderCodeLibraryPakFileMountedCallback: PakFile 'C:/Program Files/Epic Games/UE_4.27/FeaturePacks/FP_FirstPersonBP.upack' (chunk index -1, root 'root:/') mounted
[2022.03.31-04.42.21:970][  0]LogShaderLibrary: Display: ShaderCodeLibraryPakFileMountedCallback: pending pak file info (ChunkID:-1 Root:root:/ File:C:/Program Files/Epic Games/UE_4.27/FeaturePacks/FP_FirstPersonBP.upack)
[2022.03.31-04.42.21:970][  0]LogPakFile: OnPakFileMounted2Time == 0.000049
[2022.03.31-04.42.21:971][  0]LogPakFile: PakFile PrimaryIndexSize=191
[2022.03.31-04.42.21:971][  0]LogPakFile: PakFile PathHashIndexSize=101
[2022.03.31-04.42.21:971][  0]LogPakFile: PakFile FullDirectoryIndexSize=160
[2022.03.31-04.42.21:971][  0]LogShaderLibrary: Display: ShaderCodeLibraryPakFileMountedCallback: PakFile 'C:/Program Files/Epic Games/UE_4.27/FeaturePacks/MobileStarterContent.upack' (chunk index -1, root 'root:/') mounted
[2022.03.31-04.42.21:971][  0]LogShaderLibrary: Display: ShaderCodeLibraryPakFileMountedCallback: pending pak file info (ChunkID:-1 Root:root:/ File:C:/Program Files/Epic Games/UE_4.27/FeaturePacks/MobileStarterContent.upack)
[2022.03.31-04.42.21:971][  0]LogPakFile: OnPakFileMounted2Time == 0.000044
[2022.03.31-04.42.21:972][  0]LogPakFile: PakFile PrimaryIndexSize=185
[2022.03.31-04.42.21:972][  0]LogPakFile: PakFile PathHashIndexSize=101
[2022.03.31-04.42.21:972][  0]LogPakFile: PakFile FullDirectoryIndexSize=148
[2022.03.31-04.42.21:972][  0]LogShaderLibrary: Display: ShaderCodeLibraryPakFileMountedCallback: PakFile 'C:/Program Files/Epic Games/UE_4.27/FeaturePacks/StarterContent.upack' (chunk index -1, root 'root:/') mounted
[2022.03.31-04.42.21:972][  0]LogShaderLibrary: Display: ShaderCodeLibraryPakFileMountedCallback: pending pak file info (ChunkID:-1 Root:root:/ File:C:/Program Files/Epic Games/UE_4.27/FeaturePacks/StarterContent.upack)
[2022.03.31-04.42.21:972][  0]LogPakFile: OnPakFileMounted2Time == 0.000046
[2022.03.31-04.42.21:972][  0]LogPakFile: PakFile PrimaryIndexSize=190
[2022.03.31-04.42.21:972][  0]LogPakFile: PakFile PathHashIndexSize=101
[2022.03.31-04.42.21:972][  0]LogPakFile: PakFile FullDirectoryIndexSize=154
[2022.03.31-04.42.21:972][  0]LogShaderLibrary: Display: ShaderCodeLibraryPakFileMountedCallback: PakFile 'C:/Program Files/Epic Games/UE_4.27/FeaturePacks/TP_2DSideScroller.upack' (chunk index -1, root 'root:/') mounted
[2022.03.31-04.42.21:972][  0]LogShaderLibrary: Display: ShaderCodeLibraryPakFileMountedCallback: pending pak file info (ChunkID:-1 Root:root:/ File:C:/Program Files/Epic Games/UE_4.27/FeaturePacks/TP_2DSideScroller.upack)
[2022.03.31-04.42.21:972][  0]LogPakFile: OnPakFileMounted2Time == 0.000044
[2022.03.31-04.42.21:973][  0]LogPakFile: PakFile PrimaryIndexSize=192
[2022.03.31-04.42.21:973][  0]LogPakFile: PakFile PathHashIndexSize=101
[2022.03.31-04.42.21:973][  0]LogPakFile: PakFile FullDirectoryIndexSize=158
[2022.03.31-04.42.21:973][  0]LogShaderLibrary: Display: ShaderCodeLibraryPakFileMountedCallback: PakFile 'C:/Program Files/Epic Games/UE_4.27/FeaturePacks/TP_2DSideScrollerBP.upack' (chunk index -1, root 'root:/') mounted
[2022.03.31-04.42.21:973][  0]LogShaderLibrary: Display: ShaderCodeLibraryPakFileMountedCallback: pending pak file info (ChunkID:-1 Root:root:/ File:C:/Program Files/Epic Games/UE_4.27/FeaturePacks/TP_2DSideScrollerBP.upack)
[2022.03.31-04.42.21:973][  0]LogPakFile: OnPakFileMounted2Time == 0.000043
[2022.03.31-04.42.21:974][  0]LogPakFile: PakFile PrimaryIndexSize=182
[2022.03.31-04.42.21:974][  0]LogPakFile: PakFile PathHashIndexSize=101
[2022.03.31-04.42.21:974][  0]LogPakFile: PakFile FullDirectoryIndexSize=138
[2022.03.31-04.42.21:974][  0]LogShaderLibrary: Display: ShaderCodeLibraryPakFileMountedCallback: PakFile 'C:/Program Files/Epic Games/UE_4.27/FeaturePacks/TP_Flying.upack' (chunk index -1, root 'root:/') mounted
[2022.03.31-04.42.21:974][  0]LogShaderLibrary: Display: ShaderCodeLibraryPakFileMountedCallback: pending pak file info (ChunkID:-1 Root:root:/ File:C:/Program Files/Epic Games/UE_4.27/FeaturePacks/TP_Flying.upack)
[2022.03.31-04.42.21:974][  0]LogPakFile: OnPakFileMounted2Time == 0.000044
[2022.03.31-04.42.21:974][  0]LogPakFile: PakFile PrimaryIndexSize=184
[2022.03.31-04.42.21:974][  0]LogPakFile: PakFile PathHashIndexSize=101
[2022.03.31-04.42.21:974][  0]LogPakFile: PakFile FullDirectoryIndexSize=142
[2022.03.31-04.42.21:974][  0]LogShaderLibrary: Display: ShaderCodeLibraryPakFileMountedCallback: PakFile 'C:/Program Files/Epic Games/UE_4.27/FeaturePacks/TP_FlyingBP.upack' (chunk index -1, root 'root:/') mounted
[2022.03.31-04.42.21:974][  0]LogShaderLibrary: Display: ShaderCodeLibraryPakFileMountedCallback: pending pak file info (ChunkID:-1 Root:root:/ File:C:/Program Files/Epic Games/UE_4.27/FeaturePacks/TP_FlyingBP.upack)
[2022.03.31-04.42.21:975][  0]LogPakFile: OnPakFileMounted2Time == 0.000047
[2022.03.31-04.42.21:975][  0]LogPakFile: PakFile PrimaryIndexSize=188
[2022.03.31-04.42.21:975][  0]LogPakFile: PakFile PathHashIndexSize=101
[2022.03.31-04.42.21:975][  0]LogPakFile: PakFile FullDirectoryIndexSize=150
[2022.03.31-04.42.21:975][  0]LogShaderLibrary: Display: ShaderCodeLibraryPakFileMountedCallback: PakFile 'C:/Program Files/Epic Games/UE_4.27/FeaturePacks/TP_HandheldARBP.upack' (chunk index -1, root 'root:/') mounted
[2022.03.31-04.42.21:975][  0]LogShaderLibrary: Display: ShaderCodeLibraryPakFileMountedCallback: pending pak file info (ChunkID:-1 Root:root:/ File:C:/Program Files/Epic Games/UE_4.27/FeaturePacks/TP_HandheldARBP.upack)
[2022.03.31-04.42.21:975][  0]LogPakFile: OnPakFileMounted2Time == 0.000043
[2022.03.31-04.42.21:976][  0]LogPakFile: PakFile PrimaryIndexSize=182
[2022.03.31-04.42.21:976][  0]LogPakFile: PakFile PathHashIndexSize=101
[2022.03.31-04.42.21:976][  0]LogPakFile: PakFile FullDirectoryIndexSize=138
[2022.03.31-04.42.21:976][  0]LogShaderLibrary: Display: ShaderCodeLibraryPakFileMountedCallback: PakFile 'C:/Program Files/Epic Games/UE_4.27/FeaturePacks/TP_Puzzle.upack' (chunk index -1, root 'root:/') mounted
[2022.03.31-04.42.21:976][  0]LogShaderLibrary: Display: ShaderCodeLibraryPakFileMountedCallback: pending pak file info (ChunkID:-1 Root:root:/ File:C:/Program Files/Epic Games/UE_4.27/FeaturePacks/TP_Puzzle.upack)
[2022.03.31-04.42.21:976][  0]LogPakFile: OnPakFileMounted2Time == 0.000048
[2022.03.31-04.42.21:977][  0]LogPakFile: PakFile PrimaryIndexSize=184
[2022.03.31-04.42.21:977][  0]LogPakFile: PakFile PathHashIndexSize=101
[2022.03.31-04.42.21:977][  0]LogPakFile: PakFile FullDirectoryIndexSize=142
[2022.03.31-04.42.21:977][  0]LogShaderLibrary: Display: ShaderCodeLibraryPakFileMountedCallback: PakFile 'C:/Program Files/Epic Games/UE_4.27/FeaturePacks/TP_PuzzleBP.upack' (chunk index -1, root 'root:/') mounted
[2022.03.31-04.42.21:977][  0]LogShaderLibrary: Display: ShaderCodeLibraryPakFileMountedCallback: pending pak file info (ChunkID:-1 Root:root:/ File:C:/Program Files/Epic Games/UE_4.27/FeaturePacks/TP_PuzzleBP.upack)
[2022.03.31-04.42.21:977][  0]LogPakFile: OnPakFileMounted2Time == 0.000044
[2022.03.31-04.42.21:977][  0]LogPakFile: PakFile PrimaryIndexSize=183
[2022.03.31-04.42.21:977][  0]LogPakFile: PakFile PathHashIndexSize=101
[2022.03.31-04.42.21:977][  0]LogPakFile: PakFile FullDirectoryIndexSize=140
[2022.03.31-04.42.21:977][  0]LogShaderLibrary: Display: ShaderCodeLibraryPakFileMountedCallback: PakFile 'C:/Program Files/Epic Games/UE_4.27/FeaturePacks/TP_Rolling.upack' (chunk index -1, root 'root:/') mounted
[2022.03.31-04.42.21:977][  0]LogShaderLibrary: Display: ShaderCodeLibraryPakFileMountedCallback: pending pak file info (ChunkID:-1 Root:root:/ File:C:/Program Files/Epic Games/UE_4.27/FeaturePacks/TP_Rolling.upack)
[2022.03.31-04.42.21:978][  0]LogPakFile: OnPakFileMounted2Time == 0.000044
[2022.03.31-04.42.21:978][  0]LogPakFile: PakFile PrimaryIndexSize=185
[2022.03.31-04.42.21:978][  0]LogPakFile: PakFile PathHashIndexSize=101
[2022.03.31-04.42.21:978][  0]LogPakFile: PakFile FullDirectoryIndexSize=144
[2022.03.31-04.42.21:978][  0]LogShaderLibrary: Display: ShaderCodeLibraryPakFileMountedCallback: PakFile 'C:/Program Files/Epic Games/UE_4.27/FeaturePacks/TP_RollingBP.upack' (chunk index -1, root 'root:/') mounted
[2022.03.31-04.42.21:978][  0]LogShaderLibrary: Display: ShaderCodeLibraryPakFileMountedCallback: pending pak file info (ChunkID:-1 Root:root:/ File:C:/Program Files/Epic Games/UE_4.27/FeaturePacks/TP_RollingBP.upack)
[2022.03.31-04.42.21:978][  0]LogPakFile: OnPakFileMounted2Time == 0.000045
[2022.03.31-04.42.21:979][  0]LogPakFile: PakFile PrimaryIndexSize=188
[2022.03.31-04.42.21:979][  0]LogPakFile: PakFile PathHashIndexSize=101
[2022.03.31-04.42.21:979][  0]LogPakFile: PakFile FullDirectoryIndexSize=150
[2022.03.31-04.42.21:979][  0]LogShaderLibrary: Display: ShaderCodeLibraryPakFileMountedCallback: PakFile 'C:/Program Files/Epic Games/UE_4.27/FeaturePacks/TP_SideScroller.upack' (chunk index -1, root 'root:/') mounted
[2022.03.31-04.42.21:979][  0]LogShaderLibrary: Display: ShaderCodeLibraryPakFileMountedCallback: pending pak file info (ChunkID:-1 Root:root:/ File:C:/Program Files/Epic Games/UE_4.27/FeaturePacks/TP_SideScroller.upack)
[2022.03.31-04.42.21:979][  0]LogPakFile: OnPakFileMounted2Time == 0.000045
[2022.03.31-04.42.21:980][  0]LogPakFile: PakFile PrimaryIndexSize=190
[2022.03.31-04.42.21:980][  0]LogPakFile: PakFile PathHashIndexSize=101
[2022.03.31-04.42.21:980][  0]LogPakFile: PakFile FullDirectoryIndexSize=154
[2022.03.31-04.42.21:980][  0]LogShaderLibrary: Display: ShaderCodeLibraryPakFileMountedCallback: PakFile 'C:/Program Files/Epic Games/UE_4.27/FeaturePacks/TP_SideScrollerBP.upack' (chunk index -1, root 'root:/') mounted
[2022.03.31-04.42.21:980][  0]LogShaderLibrary: Display: ShaderCodeLibraryPakFileMountedCallback: pending pak file info (ChunkID:-1 Root:root:/ File:C:/Program Files/Epic Games/UE_4.27/FeaturePacks/TP_SideScrollerBP.upack)
[2022.03.31-04.42.21:980][  0]LogPakFile: OnPakFileMounted2Time == 0.000046
[2022.03.31-04.42.21:980][  0]LogPakFile: PakFile PrimaryIndexSize=187
[2022.03.31-04.42.21:980][  0]LogPakFile: PakFile PathHashIndexSize=101
[2022.03.31-04.42.21:980][  0]LogPakFile: PakFile FullDirectoryIndexSize=148
[2022.03.31-04.42.21:980][  0]LogShaderLibrary: Display: ShaderCodeLibraryPakFileMountedCallback: PakFile 'C:/Program Files/Epic Games/UE_4.27/FeaturePacks/TP_ThirdPerson.upack' (chunk index -1, root 'root:/') mounted
[2022.03.31-04.42.21:980][  0]LogShaderLibrary: Display: ShaderCodeLibraryPakFileMountedCallback: pending pak file info (ChunkID:-1 Root:root:/ File:C:/Program Files/Epic Games/UE_4.27/FeaturePacks/TP_ThirdPerson.upack)
[2022.03.31-04.42.21:980][  0]LogPakFile: OnPakFileMounted2Time == 0.000044
[2022.03.31-04.42.21:981][  0]LogPakFile: PakFile PrimaryIndexSize=189
[2022.03.31-04.42.21:981][  0]LogPakFile: PakFile PathHashIndexSize=101
[2022.03.31-04.42.21:981][  0]LogPakFile: PakFile FullDirectoryIndexSize=152
[2022.03.31-04.42.21:981][  0]LogShaderLibrary: Display: ShaderCodeLibraryPakFileMountedCallback: PakFile 'C:/Program Files/Epic Games/UE_4.27/FeaturePacks/TP_ThirdPersonBP.upack' (chunk index -1, root 'root:/') mounted
[2022.03.31-04.42.21:981][  0]LogShaderLibrary: Display: ShaderCodeLibraryPakFileMountedCallback: pending pak file info (ChunkID:-1 Root:root:/ File:C:/Program Files/Epic Games/UE_4.27/FeaturePacks/TP_ThirdPersonBP.upack)
[2022.03.31-04.42.21:981][  0]LogPakFile: OnPakFileMounted2Time == 0.000047
[2022.03.31-04.42.21:982][  0]LogPakFile: PakFile PrimaryIndexSize=183
[2022.03.31-04.42.21:982][  0]LogPakFile: PakFile PathHashIndexSize=101
[2022.03.31-04.42.21:982][  0]LogPakFile: PakFile FullDirectoryIndexSize=140
[2022.03.31-04.42.21:982][  0]LogShaderLibrary: Display: ShaderCodeLibraryPakFileMountedCallback: PakFile 'C:/Program Files/Epic Games/UE_4.27/FeaturePacks/TP_TopDown.upack' (chunk index -1, root 'root:/') mounted
[2022.03.31-04.42.21:982][  0]LogShaderLibrary: Display: ShaderCodeLibraryPakFileMountedCallback: pending pak file info (ChunkID:-1 Root:root:/ File:C:/Program Files/Epic Games/UE_4.27/FeaturePacks/TP_TopDown.upack)
[2022.03.31-04.42.21:982][  0]LogPakFile: OnPakFileMounted2Time == 0.000052
[2022.03.31-04.42.21:982][  0]LogPakFile: PakFile PrimaryIndexSize=185
[2022.03.31-04.42.21:982][  0]LogPakFile: PakFile PathHashIndexSize=101
[2022.03.31-04.42.21:983][  0]LogPakFile: PakFile FullDirectoryIndexSize=144
[2022.03.31-04.42.21:983][  0]LogShaderLibrary: Display: ShaderCodeLibraryPakFileMountedCallback: PakFile 'C:/Program Files/Epic Games/UE_4.27/FeaturePacks/TP_TopDownBP.upack' (chunk index -1, root 'root:/') mounted
[2022.03.31-04.42.21:983][  0]LogShaderLibrary: Display: ShaderCodeLibraryPakFileMountedCallback: pending pak file info (ChunkID:-1 Root:root:/ File:C:/Program Files/Epic Games/UE_4.27/FeaturePacks/TP_TopDownBP.upack)
[2022.03.31-04.42.21:983][  0]LogPakFile: OnPakFileMounted2Time == 0.000044
[2022.03.31-04.42.21:983][  0]LogPakFile: PakFile PrimaryIndexSize=185
[2022.03.31-04.42.21:983][  0]LogPakFile: PakFile PathHashIndexSize=101
[2022.03.31-04.42.21:983][  0]LogPakFile: PakFile FullDirectoryIndexSize=144
[2022.03.31-04.42.21:983][  0]LogShaderLibrary: Display: ShaderCodeLibraryPakFileMountedCallback: PakFile 'C:/Program Files/Epic Games/UE_4.27/FeaturePacks/TP_TwinStick.upack' (chunk index -1, root 'root:/') mounted
[2022.03.31-04.42.21:983][  0]LogShaderLibrary: Display: ShaderCodeLibraryPakFileMountedCallback: pending pak file info (ChunkID:-1 Root:root:/ File:C:/Program Files/Epic Games/UE_4.27/FeaturePacks/TP_TwinStick.upack)
[2022.03.31-04.42.21:983][  0]LogPakFile: OnPakFileMounted2Time == 0.000044
[2022.03.31-04.42.21:984][  0]LogPakFile: PakFile PrimaryIndexSize=187
[2022.03.31-04.42.21:984][  0]LogPakFile: PakFile PathHashIndexSize=101
[2022.03.31-04.42.21:984][  0]LogPakFile: PakFile FullDirectoryIndexSize=148
[2022.03.31-04.42.21:984][  0]LogShaderLibrary: Display: ShaderCodeLibraryPakFileMountedCallback: PakFile 'C:/Program Files/Epic Games/UE_4.27/FeaturePacks/TP_TwinStickBP.upack' (chunk index -1, root 'root:/') mounted
[2022.03.31-04.42.21:984][  0]LogShaderLibrary: Display: ShaderCodeLibraryPakFileMountedCallback: pending pak file info (ChunkID:-1 Root:root:/ File:C:/Program Files/Epic Games/UE_4.27/FeaturePacks/TP_TwinStickBP.upack)
[2022.03.31-04.42.21:984][  0]LogPakFile: OnPakFileMounted2Time == 0.000043
[2022.03.31-04.42.21:985][  0]LogPakFile: PakFile PrimaryIndexSize=183
[2022.03.31-04.42.21:985][  0]LogPakFile: PakFile PathHashIndexSize=101
[2022.03.31-04.42.21:985][  0]LogPakFile: PakFile FullDirectoryIndexSize=140
[2022.03.31-04.42.21:985][  0]LogShaderLibrary: Display: ShaderCodeLibraryPakFileMountedCallback: PakFile 'C:/Program Files/Epic Games/UE_4.27/FeaturePacks/TP_Vehicle.upack' (chunk index -1, root 'root:/') mounted
[2022.03.31-04.42.21:985][  0]LogShaderLibrary: Display: ShaderCodeLibraryPakFileMountedCallback: pending pak file info (ChunkID:-1 Root:root:/ File:C:/Program Files/Epic Games/UE_4.27/FeaturePacks/TP_Vehicle.upack)
[2022.03.31-04.42.21:985][  0]LogPakFile: OnPakFileMounted2Time == 0.000045
[2022.03.31-04.42.21:985][  0]LogPakFile: PakFile PrimaryIndexSize=186
[2022.03.31-04.42.21:985][  0]LogPakFile: PakFile PathHashIndexSize=101
[2022.03.31-04.42.21:985][  0]LogPakFile: PakFile FullDirectoryIndexSize=146
[2022.03.31-04.42.21:985][  0]LogShaderLibrary: Display: ShaderCodeLibraryPakFileMountedCallback: PakFile 'C:/Program Files/Epic Games/UE_4.27/FeaturePacks/TP_VehicleAdv.upack' (chunk index -1, root 'root:/') mounted
[2022.03.31-04.42.21:985][  0]LogShaderLibrary: Display: ShaderCodeLibraryPakFileMountedCallback: pending pak file info (ChunkID:-1 Root:root:/ File:C:/Program Files/Epic Games/UE_4.27/FeaturePacks/TP_VehicleAdv.upack)
[2022.03.31-04.42.21:985][  0]LogPakFile: OnPakFileMounted2Time == 0.000046
[2022.03.31-04.42.21:986][  0]LogPakFile: PakFile PrimaryIndexSize=188
[2022.03.31-04.42.21:986][  0]LogPakFile: PakFile PathHashIndexSize=101
[2022.03.31-04.42.21:986][  0]LogPakFile: PakFile FullDirectoryIndexSize=150
[2022.03.31-04.42.21:986][  0]LogShaderLibrary: Display: ShaderCodeLibraryPakFileMountedCallback: PakFile 'C:/Program Files/Epic Games/UE_4.27/FeaturePacks/TP_VehicleAdvBP.upack' (chunk index -1, root 'root:/') mounted
[2022.03.31-04.42.21:986][  0]LogShaderLibrary: Display: ShaderCodeLibraryPakFileMountedCallback: pending pak file info (ChunkID:-1 Root:root:/ File:C:/Program Files/Epic Games/UE_4.27/FeaturePacks/TP_VehicleAdvBP.upack)
[2022.03.31-04.42.21:986][  0]LogPakFile: OnPakFileMounted2Time == 0.000050
[2022.03.31-04.42.21:987][  0]LogPakFile: PakFile PrimaryIndexSize=185
[2022.03.31-04.42.21:987][  0]LogPakFile: PakFile PathHashIndexSize=101
[2022.03.31-04.42.21:987][  0]LogPakFile: PakFile FullDirectoryIndexSize=144
[2022.03.31-04.42.21:987][  0]LogShaderLibrary: Display: ShaderCodeLibraryPakFileMountedCallback: PakFile 'C:/Program Files/Epic Games/UE_4.27/FeaturePacks/TP_VehicleBP.upack' (chunk index -1, root 'root:/') mounted
[2022.03.31-04.42.21:987][  0]LogShaderLibrary: Display: ShaderCodeLibraryPakFileMountedCallback: pending pak file info (ChunkID:-1 Root:root:/ File:C:/Program Files/Epic Games/UE_4.27/FeaturePacks/TP_VehicleBP.upack)
[2022.03.31-04.42.21:987][  0]LogPakFile: OnPakFileMounted2Time == 0.000045
[2022.03.31-04.42.21:988][  0]LogPakFile: PakFile PrimaryIndexSize=192
[2022.03.31-04.42.21:988][  0]LogPakFile: PakFile PathHashIndexSize=101
[2022.03.31-04.42.21:988][  0]LogPakFile: PakFile FullDirectoryIndexSize=158
[2022.03.31-04.42.21:988][  0]LogShaderLibrary: Display: ShaderCodeLibraryPakFileMountedCallback: PakFile 'C:/Program Files/Epic Games/UE_4.27/FeaturePacks/TP_VirtualRealityBP.upack' (chunk index -1, root 'root:/') mounted
[2022.03.31-04.42.21:988][  0]LogShaderLibrary: Display: ShaderCodeLibraryPakFileMountedCallback: pending pak file info (ChunkID:-1 Root:root:/ File:C:/Program Files/Epic Games/UE_4.27/FeaturePacks/TP_VirtualRealityBP.upack)
[2022.03.31-04.42.21:988][  0]LogPakFile: OnPakFileMounted2Time == 0.000047
[2022.03.31-04.42.22:052][  0]LogNativeClassHierarchy: Verbose: Native class hierarchy updated for 'AddContentDialog' in 0.0003 seconds. Added 0 classes and 0 folders.
[2022.03.31-04.42.22:054][  0]LogNativeClassHierarchy: Verbose: Native class hierarchy updated for 'SceneOutliner' in 0.0003 seconds. Added 2 classes and 0 folders.
[2022.03.31-04.42.22:117][  0]LogNativeClassHierarchy: Verbose: Native class hierarchy updated for 'HierarchicalLODOutliner' in 0.0003 seconds. Added 0 classes and 0 folders.
[2022.03.31-04.42.22:117][  0]LogLoad: (Engine Initialization) Total time: 34.27 seconds
[2022.03.31-04.42.22:117][  0]LogLoad: (Engine Initialization) Total Blueprint compile time: 0.00 seconds
[2022.03.31-04.42.22:160][  0]LogAssetRegistry: Asset discovery search completed in 29.9952 seconds
[2022.03.31-04.42.22:166][  0]LogCollectionManager: Fixed up redirectors for 0 collections in 0.000003 seconds (updated 0 objects)
[2022.03.31-04.42.22:167][  0]LogContentStreaming: Texture pool size now 1000 MB
[2022.03.31-04.42.22:175][  0]LogSlate: Took 0.000170 seconds to synchronously load lazily loaded font '../../../Engine/Content/Editor/Slate/Fonts/FontAwesome.ttf' (139K)
[2022.03.31-04.42.22:176][  0]LogSlate: Took 0.000173 seconds to synchronously load lazily loaded font '../../../Engine/Content/Slate/Fonts/Roboto-Bold.ttf' (160K)
[2022.03.31-04.42.22:354][  0]LogRenderer: Reallocating scene render targets to support 636x340 Format 10 NumSamples 1 (Frame:1).
[2022.03.31-04.42.22:354][  0]LogSlate: Took 0.000259 seconds to synchronously load lazily loaded font '../../../Engine/Content/Slate/Fonts/Roboto-Light.ttf' (167K)
[2022.03.31-04.42.23:131][ 77]LogSlate: Took 0.000226 seconds to synchronously load lazily loaded font '../../../Engine/Content/Slate/Fonts/Roboto-Light.ttf' (167K)
[2022.03.31-04.42.25:976][362]LogUObjectHash: Compacting FUObjectHashTables data took   0.74ms
[2022.03.31-04.42.25:992][362]LogSlate: Window 'Mario_Land_2 - Unreal Editor' being destroyed
[2022.03.31-04.42.26:063][363]Cmd: QUIT_EDITOR
[2022.03.31-04.42.26:063][363]LogCore: Engine exit requested (reason: UUnrealEdEngine::CloseEditor())
[2022.03.31-04.42.26:067][363]LogCore: Engine exit requested (reason: EngineExit() was called; note: exit was already requested)
[2022.03.31-04.42.26:071][363]LogAudio: Display: Beginning Audio Device Manager Shutdown (Module: AudioMixerXAudio2)...
[2022.03.31-04.42.26:071][363]LogAudio: Display: Destroying 1 Remaining Audio Device(s)...
[2022.03.31-04.42.26:071][363]LogAudio: Display: Audio Device unregistered from world 'lvl1'.
[2022.03.31-04.42.26:071][363]LogAudioMixer: FMixerPlatformXAudio2::StopAudioStream() called
[2022.03.31-04.42.26:072][363]LogAudioMixer: FMixerPlatformXAudio2::StopAudioStream() called
[2022.03.31-04.42.26:076][363]LogAudio: Display: Audio Device Manager Shutdown
[2022.03.31-04.42.30:647][363]LogWindows: Error: === Critical error: ===
[2022.03.31-04.42.30:647][363]LogWindows: Error: 
[2022.03.31-04.42.30:647][363]LogWindows: Error: Fatal error!
[2022.03.31-04.42.30:647][363]LogWindows: Error: 
[2022.03.31-04.42.30:647][363]LogWindows: Error: Unhandled Exception: EXCEPTION_ACCESS_VIOLATION reading address 0x0000000000000000
[2022.03.31-04.42.30:648][363]LogWindows: Error: 
[2022.03.31-04.42.30:648][363]LogWindows: Error: [Callstack] 0x00007fff620f3145 msctf.dll!UnknownFunction []
[2022.03.31-04.42.30:648][363]LogWindows: Error: [Callstack] 0x00007fff620de2f9 msctf.dll!UnknownFunction []
[2022.03.31-04.42.30:648][363]LogWindows: Error: [Callstack] 0x00007fff620f2016 msctf.dll!UnknownFunction []
[2022.03.31-04.42.30:648][363]LogWindows: Error: [Callstack] 0x00007fff620df5d8 msctf.dll!UnknownFunction []
[2022.03.31-04.42.30:648][363]LogWindows: Error: [Callstack] 0x00007fff620d8fd4 msctf.dll!UnknownFunction []
[2022.03.31-04.42.30:648][363]LogWindows: Error: [Callstack] 0x00007fff620d8ef3 msctf.dll!UnknownFunction []
[2022.03.31-04.42.30:648][363]LogWindows: Error: [Callstack] 0x00007fff620d8d8f msctf.dll!UnknownFunction []
[2022.03.31-04.42.30:648][363]LogWindows: Error: [Callstack] 0x00007fff60413b52 IMM32.dll!UnknownFunction []
[2022.03.31-04.42.30:648][363]LogWindows: Error: [Callstack] 0x00007fff60417dfc IMM32.dll!UnknownFunction []
[2022.03.31-04.42.30:648][363]LogWindows: Error: [Callstack] 0x00007fff620e783c msctf.dll!UnknownFunction []
[2022.03.31-04.42.30:648][363]LogWindows: Error: [Callstack] 0x00007fff620d8575 msctf.dll!UnknownFunction []
[2022.03.31-04.42.30:648][363]LogWindows: Error: [Callstack] 0x00007fff6211a438 msctf.dll!UnknownFunction []
[2022.03.31-04.42.30:648][363]LogWindows: Error: [Callstack] 0x00007fff604199cc IMM32.dll!UnknownFunction []
[2022.03.31-04.42.30:648][363]LogWindows: Error: [Callstack] 0x00007fff60419e9e IMM32.dll!UnknownFunction []
[2022.03.31-04.42.30:648][363]LogWindows: Error: [Callstack] 0x00007fff4916bf50 UE4Editor-ApplicationCore.dll!UnknownFunction []
[2022.03.31-04.42.30:648][363]LogWindows: Error: [Callstack] 0x00007fff4913aa6b UE4Editor-ApplicationCore.dll!UnknownFunction []
[2022.03.31-04.42.30:648][363]LogWindows: Error: [Callstack] 0x00007fff4913fd9a UE4Editor-ApplicationCore.dll!UnknownFunction []
[2022.03.31-04.42.30:648][363]LogWindows: Error: [Callstack] 0x00007ffefc2d601d UE4Editor-Slate.dll!UnknownFunction []
[2022.03.31-04.42.30:648][363]LogWindows: Error: [Callstack] 0x00007ff689a103be UE4Editor.exe!UnknownFunction []
[2022.03.31-04.42.30:648][363]LogWindows: Error: [Callstack] 0x00007ff689a11063 UE4Editor.exe!UnknownFunction []
[2022.03.31-04.42.30:648][363]LogWindows: Error: [Callstack] 0x00007ff689a110ba UE4Editor.exe!UnknownFunction []
[2022.03.31-04.42.30:648][363]LogWindows: Error: [Callstack] 0x00007ff689a140dd UE4Editor.exe!UnknownFunction []
[2022.03.31-04.42.30:648][363]LogWindows: Error: [Callstack] 0x00007ff689a25984 UE4Editor.exe!UnknownFunction []
[2022.03.31-04.42.30:648][363]LogWindows: Error: [Callstack] 0x00007ff689a2853a UE4Editor.exe!UnknownFunction []
[2022.03.31-04.42.30:648][363]LogWindows: Error: [Callstack] 0x00007fff60367034 KERNEL32.DLL!UnknownFunction []
[2022.03.31-04.42.30:648][363]LogWindows: Error: [Callstack] 0x00007fff62282651 ntdll.dll!UnknownFunction []
[2022.03.31-04.42.30:648][363]LogWindows: Error: 
[2022.03.31-04.42.30:723][363]LogExit: Executing StaticShutdownAfterError
[2022.03.31-04.42.30:752][363]LogWindows: FPlatformMisc::RequestExit(1)
[2022.03.31-04.42.30:752][363]LogWindows: FPlatformMisc::RequestExitWithStatus(1, 3)
[2022.03.31-04.42.30:752][363]LogCore: Engine exit requested (reason: Win RequestExit; note: exit was already requested)
[2022.03.31-04.42.30:786][363]Log file closed, 03/31/22 01:42:30
