Log file open, 03/28/22 23:23:11
LogWindows: Failed to load 'aqProf.dll' (GetLastError=126)
LogWindows: File 'aqProf.dll' does not exist
LogWindows: Failed to load 'VtuneApi.dll' (GetLastError=126)
LogWindows: File 'VtuneApi.dll' does not exist
LogWindows: Failed to load 'VtuneApi32e.dll' (GetLastError=126)
LogWindows: File 'VtuneApi32e.dll' does not exist
LogConsoleResponse: Display: Failed to find resolution value strings in scalability ini. Falling back to default.
LogConsoleResponse: Display: Failed to find resolution value strings in scalability ini. Falling back to default.
LogInit: Display: Running engine for game: Mario_Land_2
LogPlatformFile: Not using cached read wrapper
LogTaskGraph: Started task graph with 5 named threads and 47 total threads with 3 sets of task threads.
LogStats: Stats thread started at 0.311465
LogICUInternationalization: ICU TimeZone Detection - Raw Offset: -4:00, Platform Override: ''
LogInit: Display: Loading text-based GConfig....
LogPluginManager: Mounting plugin MeshPainting
LogPluginManager: Mounting plugin XGEController
LogPluginManager: Mounting plugin Paper2D
LogPluginManager: Mounting plugin AISupport
LogPluginManager: Mounting plugin EnvironmentQueryEditor
LogPluginManager: Mounting plugin LiveLink
LogPluginManager: Mounting plugin CameraShakePreviewer
LogPluginManager: Mounting plugin GameplayCameras
LogPluginManager: Mounting plugin LightPropagationVolume
LogPluginManager: Mounting plugin OodleData
LogPluginManager: Mounting plugin AnimationSharing
LogPluginManager: Mounting plugin CLionSourceCodeAccess
LogPluginManager: Mounting plugin CodeLiteSourceCodeAccess
LogPluginManager: Mounting plugin OodleNetwork
LogPluginManager: Mounting plugin GitSourceControl
LogPluginManager: Mounting plugin NullSourceCodeAccess
LogPluginManager: Mounting plugin KDevelopSourceCodeAccess
LogPluginManager: Mounting plugin PixWinPlugin
LogPluginManager: Mounting plugin PlasticSourceControl
LogPluginManager: Mounting plugin PerforceSourceControl
LogPluginManager: Mounting plugin PropertyAccessNode
LogPluginManager: Mounting plugin PluginUtils
LogPluginManager: Mounting plugin RiderSourceCodeAccess
LogPluginManager: Mounting plugin SubversionSourceControl
LogPluginManager: Mounting plugin VisualStudioCodeSourceCodeAccess
LogPluginManager: Mounting plugin UObjectPlugin
LogPluginManager: Mounting plugin VisualStudioSourceCodeAccess
LogPluginManager: Mounting plugin AlembicImporter
LogPluginManager: Mounting plugin TextureFormatOodle
LogPluginManager: Mounting plugin DatasmithContent
LogPluginManager: Mounting plugin XCodeSourceCodeAccess
LogPluginManager: Mounting plugin BackChannel
LogPluginManager: Mounting plugin ChaosCloth
LogPluginManager: Mounting plugin ChaosClothEditor
LogPluginManager: Mounting plugin AutomationUtils
LogPluginManager: Mounting plugin VariantManagerContent
LogPluginManager: Mounting plugin ChaosNiagara
LogPluginManager: Mounting plugin ChaosSolverPlugin
LogPluginManager: Mounting plugin Niagara
LogPluginManager: Mounting plugin CharacterAI
LogPluginManager: Mounting plugin GeometryCache
LogPluginManager: Mounting plugin GeometryCollectionPlugin
LogPluginManager: Mounting plugin GeometryProcessing
LogPluginManager: Mounting plugin ChaosEditor
LogPluginManager: Mounting plugin MotoSynth
LogPluginManager: Mounting plugin AssetManagerEditor
LogPluginManager: Mounting plugin OpenImageDenoise
LogPluginManager: Mounting plugin CryptoKeys
LogPluginManager: Mounting plugin CurveEditorTools
LogPluginManager: Mounting plugin DataValidation
LogPluginManager: Mounting plugin FacialAnimation
LogPluginManager: Mounting plugin GameplayTagsEditor
LogPluginManager: Mounting plugin PlanarCut
LogPluginManager: Mounting plugin ProxyLODPlugin
LogPluginManager: Mounting plugin PythonScriptPlugin
LogPluginManager: Mounting plugin PlatformCrypto
LogPluginManager: Mounting plugin MacGraphicsSwitching
LogPluginManager: Mounting plugin GeometryMode
LogPluginManager: Mounting plugin MobileLauncherProfileWizard
LogPluginManager: Mounting plugin MaterialAnalyzer
LogPluginManager: Mounting plugin SpeedTreeImporter
LogPluginManager: Mounting plugin PluginBrowser
LogPluginManager: Mounting plugin SkeletalReduction
LogPluginManager: Mounting plugin LuminPlatformFeatures
LogPluginManager: Mounting plugin MagicLeap
LogPluginManager: Mounting plugin MagicLeapLightEstimation
LogPluginManager: Mounting plugin MagicLeapMedia
LogPluginManager: Mounting plugin MagicLeapPassableWorld
LogPluginManager: Mounting plugin MLSDK
LogPluginManager: Mounting plugin TcpMessaging
LogPluginManager: Mounting plugin AvfMedia
LogPluginManager: Mounting plugin AndroidMedia
LogPluginManager: Mounting plugin UdpMessaging
LogPluginManager: Mounting plugin MediaCompositing
LogPluginManager: Mounting plugin ImgMedia
LogPluginManager: Mounting plugin WmfMedia
LogPluginManager: Mounting plugin ActorSequence
LogPluginManager: Mounting plugin MediaPlayerEditor
LogPluginManager: Mounting plugin WebMMedia
LogPluginManager: Mounting plugin LevelSequenceEditor
LogPluginManager: Mounting plugin MatineeToLevelSequence
LogPluginManager: Mounting plugin TemplateSequence
LogPluginManager: Mounting plugin OnlineSubsystem
LogPluginManager: Mounting plugin OnlineSubsystemNull
LogPluginManager: Mounting plugin OnlineSubsystemUtils
LogPluginManager: Mounting plugin ActorLayerUtilities
LogPluginManager: Mounting plugin LauncherChunkInstaller
LogPluginManager: Mounting plugin AndroidMoviePlayer
LogPluginManager: Mounting plugin AndroidPermission
LogPluginManager: Mounting plugin AndroidDeviceProfileSelector
LogPluginManager: Mounting plugin AppleImageUtils
LogPluginManager: Mounting plugin ArchVisCharacter
LogPluginManager: Mounting plugin AudioCapture
LogPluginManager: Mounting plugin AppleMoviePlayer
LogPluginManager: Mounting plugin AssetTags
LogPluginManager: Mounting plugin ChunkDownloader
LogPluginManager: Mounting plugin CustomMeshComponent
LogPluginManager: Mounting plugin CableComponent
LogPluginManager: Mounting plugin ExampleDeviceProfileSelector
LogPluginManager: Mounting plugin AudioSynesthesia
LogPluginManager: Mounting plugin EditableMesh
LogPluginManager: Mounting plugin GoogleCloudMessaging
LogPluginManager: Mounting plugin GooglePAD
LogPluginManager: Mounting plugin IOSDeviceProfileSelector
LogPluginManager: Mounting plugin LinuxDeviceProfileSelector
LogPluginManager: Mounting plugin LocationServicesBPLibrary
LogPluginManager: Mounting plugin MobilePatchingUtils
LogPluginManager: Mounting plugin OpenXREyeTracker
LogPluginManager: Mounting plugin OpenXRHandTracking
LogPluginManager: Mounting plugin OpenXR
LogPluginManager: Mounting plugin ProceduralMeshComponent
LogPluginManager: Mounting plugin PostSplashScreen
LogPluginManager: Mounting plugin PhysXVehicles
LogPluginManager: Mounting plugin PropertyAccessEditor
LogPluginManager: Mounting plugin SignificanceManager
LogPluginManager: Mounting plugin RuntimePhysXCooking
LogPluginManager: Mounting plugin SoundFields
LogPluginManager: Mounting plugin Synthesis
LogPluginManager: Mounting plugin WebMMoviePlayer
LogPluginManager: Mounting plugin WindowsMoviePlayer
LogPluginManager: Mounting plugin ScreenshotTools
LogPluginManager: Mounting plugin Takes
LogPluginManager: Mounting plugin ContentBrowserAssetDataSource
LogPluginManager: Mounting plugin ContentBrowserClassDataSource
LogPluginManager: Mounting plugin ContentBrowserFileDataSource
LogPluginManager: Mounting plugin OnlineSubsystemGooglePlay
LogPluginManager: Mounting plugin OnlineSubsystemIOS
LogPluginManager: Mounting plugin OculusVR
LogPluginManager: Mounting plugin SteamVR
PixWinPlugin: PIX capture plugin failed to initialize! Check that the process is launched from PIX.
LogInit: Using libcurl 7.55.1-DEV
LogInit:  - built for x86_64-pc-win32
LogInit:  - supports SSL with OpenSSL/1.1.1
LogInit:  - supports HTTP deflate (compression) using libz 1.2.8
LogInit:  - other features:
LogInit:      CURL_VERSION_SSL
LogInit:      CURL_VERSION_LIBZ
LogInit:      CURL_VERSION_IPV6
LogInit:      CURL_VERSION_ASYNCHDNS
LogInit:      CURL_VERSION_LARGEFILE
LogInit:      CURL_VERSION_IDN
LogInit:  CurlRequestOptions (configurable via config and command line):
LogInit:  - bVerifyPeer = true  - Libcurl will verify peer certificate
LogInit:  - bUseHttpProxy = false  - Libcurl will NOT use HTTP proxy
LogInit:  - bDontReuseConnections = false  - Libcurl will reuse connections
LogInit:  - MaxHostConnections = 16  - Libcurl will limit the number of connections to a host
LogInit:  - LocalHostAddr = Default
LogInit:  - BufferSize = 65536
LogOnline: OSS: Creating online subsystem instance for: NULL
LogInit: WinSock: version 1.1 (2.2), MaxSocks=32767, MaxUdp=65467
LogOnline: OSS: TryLoadSubsystemAndSetDefault: Loaded subsystem for module [NULL]
LogOculusPluginWrapper: OculusPlugin initialized successfully
LogHMD: Failed initializing OVRPlugin 1.59.0
LogInit: Build: ++UE4+Release-4.27-CL-18319896
LogInit: Engine Version: 4.27.2-18319896+++UE4+Release-4.27
LogInit: Compatible Engine Version: 4.27.0-17155196+++UE4+Release-4.27
LogInit: Net CL: 17155196
LogInit: OS: Windows 10 (Release 2009) (), CPU: AMD Ryzen 7 2700X Eight-Core Processor         , GPU: NVIDIA GeForce GTX 1070 Ti
LogInit: Compiled (64-bit): Nov 30 2021 07:12:08
LogInit: Compiled with Visual C++: 19.24.28315.00
LogInit: Build Configuration: Development
LogInit: Branch Name: ++UE4+Release-4.27
LogInit: Command Line:  /Game/SML2Game/levels/lvl1 -game -PIEVIACONSOLE -Multiprocess "GameUserSettingsINI=C:/Users/Ethan Schaller/Documents/Unreal Projects/Mario_Land_2/Saved/Config/Windows/PIEGameUserSettings0.ini" -MultiprocessSaveConfig -forcepassthrough -messaging -SessionName="Play in Standalone Game" -windowed -ResX=1280 -ResY=720
LogInit: Base Directory: C:/Program Files/Epic Games/UE_4.27/Engine/Binaries/Win64/
LogInit: Allocator: TBB
LogInit: Installed Engine Build: 1
LogDevObjectVersion: Number of dev versions registered: 29
LogDevObjectVersion:   Dev-Blueprints (B0D832E4-1F89-4F0D-ACCF-7EB736FD4AA2): 10
LogDevObjectVersion:   Dev-Build (E1C64328-A22C-4D53-A36C-8E866417BD8C): 0
LogDevObjectVersion:   Dev-Core (375EC13C-06E4-48FB-B500-84F0262A717E): 4
LogDevObjectVersion:   Dev-Editor (E4B068ED-F494-42E9-A231-DA0B2E46BB41): 40
LogDevObjectVersion:   Dev-Framework (CFFC743F-43B0-4480-9391-14DF171D2073): 37
LogDevObjectVersion:   Dev-Mobile (B02B49B5-BB20-44E9-A304-32B752E40360): 3
LogDevObjectVersion:   Dev-Networking (A4E4105C-59A1-49B5-A7C5-40C4547EDFEE): 0
LogDevObjectVersion:   Dev-Online (39C831C9-5AE6-47DC-9A44-9C173E1C8E7C): 0
LogDevObjectVersion:   Dev-Physics (78F01B33-EBEA-4F98-B9B4-84EACCB95AA2): 14
LogDevObjectVersion:   Dev-Platform (6631380F-2D4D-43E0-8009-CF276956A95A): 0
LogDevObjectVersion:   Dev-Rendering (12F88B9F-8875-4AFC-A67C-D90C383ABD29): 45
LogDevObjectVersion:   Dev-Sequencer (7B5AE74C-D270-4C10-A958-57980B212A5A): 13
LogDevObjectVersion:   Dev-VR (D7296918-1DD6-4BDD-9DE2-64A83CC13884): 3
LogDevObjectVersion:   Dev-LoadTimes (C2A15278-BFE7-4AFE-6C17-90FF531DF755): 1
LogDevObjectVersion:   Private-Geometry (6EACA3D4-40EC-4CC1-B786-8BED09428FC5): 3
LogDevObjectVersion:   Dev-AnimPhys (29E575DD-E0A3-4627-9D10-D276232CDCEA): 17
LogDevObjectVersion:   Dev-Anim (AF43A65D-7FD3-4947-9873-3E8ED9C1BB05): 15
LogDevObjectVersion:   Dev-ReflectionCapture (6B266CEC-1EC7-4B8F-A30B-E4D90942FC07): 1
LogDevObjectVersion:   Dev-Automation (0DF73D61-A23F-47EA-B727-89E90C41499A): 1
LogDevObjectVersion:   FortniteMain (601D1886-AC64-4F84-AA16-D3DE0DEAC7D6): 47
LogDevObjectVersion:   FortniteRelease (E7086368-6B23-4C58-8439-1B7016265E91): 1
LogDevObjectVersion:   Dev-Enterprise (9DFFBCD6-494F-0158-E221-12823C92A888): 10
LogDevObjectVersion:   Dev-Niagara (F2AED0AC-9AFE-416F-8664-AA7FFA26D6FC): 1
LogDevObjectVersion:   Dev-Destruction (174F1F0B-B4C6-45A5-B13F-2EE8D0FB917D): 10
LogDevObjectVersion:   Dev-Physics-Ext (35F94A83-E258-406C-A318-09F59610247C): 41
LogDevObjectVersion:   Dev-PhysicsMaterial-Chaos (B68FC16E-8B1B-42E2-B453-215C058844FE): 1
LogDevObjectVersion:   Dev-CineCamera (B2E18506-4273-CFC2-A54E-F4BB758BBA07): 1
LogDevObjectVersion:   Dev-VirtualProduction (64F58936-FD1B-42BA-BA96-7289D5D0FA4E): 1
LogDevObjectVersion:   Dev-MediaFramework (6F0ED827-A609-4895-9C91-998D90180EA4): 2
LogInit: Presizing for max 25165824 objects, including 0 objects not considered by GC, pre-allocating 0 bytes for permanent pool.
LogConfig: Applying CVar settings from Section [/Script/Engine.StreamingSettings] File [C:/Users/Ethan Schaller/Documents/Unreal Projects/Mario_Land_2/Saved/Config/Windows/Engine.ini]
LogConfig: Setting CVar [[s.MinBulkDataSizeForAsyncLoading:131072]]
LogConfig: Setting CVar [[s.AsyncLoadingThreadEnabled:0]]
LogConfig: Setting CVar [[s.EventDrivenLoaderEnabled:1]]
LogConfig: Setting CVar [[s.WarnIfTimeLimitExceeded:0]]
LogConfig: Setting CVar [[s.TimeLimitExceededMultiplier:1.5]]
LogConfig: Setting CVar [[s.TimeLimitExceededMinTime:0.005]]
LogConfig: Setting CVar [[s.UseBackgroundLevelStreaming:1]]
LogConfig: Setting CVar [[s.PriorityAsyncLoadingExtraTime:15.0]]
LogConfig: Setting CVar [[s.LevelStreamingActorsUpdateTimeLimit:5.0]]
LogConfig: Setting CVar [[s.PriorityLevelStreamingActorsUpdateExtraTime:5.0]]
LogConfig: Setting CVar [[s.LevelStreamingComponentsRegistrationGranularity:10]]
LogConfig: Setting CVar [[s.UnregisterComponentsTimeLimit:1.0]]
LogConfig: Setting CVar [[s.LevelStreamingComponentsUnregistrationGranularity:5]]
LogConfig: Setting CVar [[s.FlushStreamingOnExit:1]]
LogInit: Object subsystem initialized
LogConfig: Setting CVar [[con.DebugEarlyDefault:1]]
LogConfig: Setting CVar [[r.setres:1280x720]]
[2022.03.29-02.23.12:223][  0]LogConfig: Setting CVar [[con.DebugEarlyDefault:1]]
[2022.03.29-02.23.12:223][  0]LogConfig: Setting CVar [[r.setres:1280x720]]
[2022.03.29-02.23.12:223][  0]LogConfig: Applying CVar settings from Section [/Script/Engine.RendererSettings] File [C:/Users/Ethan Schaller/Documents/Unreal Projects/Mario_Land_2/Saved/Config/Windows/Engine.ini]
[2022.03.29-02.23.12:223][  0]LogConfig: Setting CVar [[r.GPUCrashDebugging:0]]
[2022.03.29-02.23.12:223][  0]LogConfig: Setting CVar [[r.MobileHDR:0]]
[2022.03.29-02.23.12:223][  0]LogConfig: Applying CVar settings from Section [/Script/Engine.RendererOverrideSettings] File [C:/Users/Ethan Schaller/Documents/Unreal Projects/Mario_Land_2/Saved/Config/Windows/Engine.ini]
[2022.03.29-02.23.12:223][  0]LogConfig: Applying CVar settings from Section [/Script/Engine.StreamingSettings] File [C:/Users/Ethan Schaller/Documents/Unreal Projects/Mario_Land_2/Saved/Config/Windows/Engine.ini]
[2022.03.29-02.23.12:223][  0]LogConfig: Setting CVar [[s.MinBulkDataSizeForAsyncLoading:131072]]
[2022.03.29-02.23.12:223][  0]LogConfig: Setting CVar [[s.AsyncLoadingThreadEnabled:0]]
[2022.03.29-02.23.12:223][  0]LogConfig: Setting CVar [[s.EventDrivenLoaderEnabled:1]]
[2022.03.29-02.23.12:223][  0]LogConfig: Setting CVar [[s.WarnIfTimeLimitExceeded:0]]
[2022.03.29-02.23.12:223][  0]LogConfig: Setting CVar [[s.TimeLimitExceededMultiplier:1.5]]
[2022.03.29-02.23.12:223][  0]LogConfig: Setting CVar [[s.TimeLimitExceededMinTime:0.005]]
[2022.03.29-02.23.12:223][  0]LogConfig: Setting CVar [[s.UseBackgroundLevelStreaming:1]]
[2022.03.29-02.23.12:223][  0]LogConfig: Setting CVar [[s.PriorityAsyncLoadingExtraTime:15.0]]
[2022.03.29-02.23.12:224][  0]LogConfig: Setting CVar [[s.LevelStreamingActorsUpdateTimeLimit:5.0]]
[2022.03.29-02.23.12:224][  0]LogConfig: Setting CVar [[s.PriorityLevelStreamingActorsUpdateExtraTime:5.0]]
[2022.03.29-02.23.12:224][  0]LogConfig: Setting CVar [[s.LevelStreamingComponentsRegistrationGranularity:10]]
[2022.03.29-02.23.12:224][  0]LogConfig: Setting CVar [[s.UnregisterComponentsTimeLimit:1.0]]
[2022.03.29-02.23.12:224][  0]LogConfig: Setting CVar [[s.LevelStreamingComponentsUnregistrationGranularity:5]]
[2022.03.29-02.23.12:224][  0]LogConfig: Setting CVar [[s.FlushStreamingOnExit:1]]
[2022.03.29-02.23.12:224][  0]LogConfig: Applying CVar settings from Section [/Script/Engine.GarbageCollectionSettings] File [C:/Users/Ethan Schaller/Documents/Unreal Projects/Mario_Land_2/Saved/Config/Windows/Engine.ini]
[2022.03.29-02.23.12:224][  0]LogConfig: Setting CVar [[gc.MaxObjectsNotConsideredByGC:1]]
[2022.03.29-02.23.12:224][  0]LogConfig: Setting CVar [[gc.SizeOfPermanentObjectPool:0]]
[2022.03.29-02.23.12:224][  0]LogConfig: Setting CVar [[gc.FlushStreamingOnGC:0]]
[2022.03.29-02.23.12:224][  0]LogConfig: Setting CVar [[gc.NumRetriesBeforeForcingGC:10]]
[2022.03.29-02.23.12:224][  0]LogConfig: Setting CVar [[gc.AllowParallelGC:1]]
[2022.03.29-02.23.12:224][  0]LogConfig: Setting CVar [[gc.TimeBetweenPurgingPendingKillObjects:61.1]]
[2022.03.29-02.23.12:224][  0]LogConfig: Setting CVar [[gc.MaxObjectsInEditor:25165824]]
[2022.03.29-02.23.12:224][  0]LogConfig: Setting CVar [[gc.IncrementalBeginDestroyEnabled:1]]
[2022.03.29-02.23.12:224][  0]LogConfig: Setting CVar [[gc.CreateGCClusters:1]]
[2022.03.29-02.23.12:224][  0]LogConfig: Setting CVar [[gc.MinGCClusterSize:5]]
[2022.03.29-02.23.12:224][  0]LogConfig: Setting CVar [[gc.ActorClusteringEnabled:0]]
[2022.03.29-02.23.12:224][  0]LogConfig: Setting CVar [[gc.BlueprintClusteringEnabled:0]]
[2022.03.29-02.23.12:224][  0]LogConfig: Setting CVar [[gc.UseDisregardForGCOnDedicatedServers:0]]
[2022.03.29-02.23.12:224][  0]LogConfig: Setting CVar [[gc.MultithreadedDestructionEnabled:1]]
[2022.03.29-02.23.12:224][  0]LogConfig: Applying CVar settings from Section [/Script/Engine.NetworkSettings] File [C:/Users/Ethan Schaller/Documents/Unreal Projects/Mario_Land_2/Saved/Config/Windows/Engine.ini]
[2022.03.29-02.23.12:224][  0]LogConfig: Applying CVar settings from Section [/Script/UnrealEd.CookerSettings] File [C:/Users/Ethan Schaller/Documents/Unreal Projects/Mario_Land_2/Saved/Config/Windows/Engine.ini]
[2022.03.29-02.23.12:236][  0]LogConfig: Applying CVar settings from Section [ViewDistanceQuality@3] File [C:/Users/Ethan Schaller/Documents/Unreal Projects/Mario_Land_2/Saved/Config/Windows/Scalability.ini]
[2022.03.29-02.23.12:236][  0]LogConfig: Setting CVar [[r.SkeletalMeshLODBias:0]]
[2022.03.29-02.23.12:236][  0]LogConfig: Setting CVar [[r.ViewDistanceScale:1.0]]
[2022.03.29-02.23.12:236][  0]LogConfig: Applying CVar settings from Section [AntiAliasingQuality@3] File [C:/Users/Ethan Schaller/Documents/Unreal Projects/Mario_Land_2/Saved/Config/Windows/Scalability.ini]
[2022.03.29-02.23.12:236][  0]LogConfig: Setting CVar [[r.PostProcessAAQuality:4]]
[2022.03.29-02.23.12:236][  0]LogConfig: Applying CVar settings from Section [ShadowQuality@3] File [C:/Users/Ethan Schaller/Documents/Unreal Projects/Mario_Land_2/Saved/Config/Windows/Scalability.ini]
[2022.03.29-02.23.12:237][  0]LogConfig: Setting CVar [[r.LightFunctionQuality:1]]
[2022.03.29-02.23.12:237][  0]LogConfig: Setting CVar [[r.ShadowQuality:5]]
[2022.03.29-02.23.12:237][  0]LogConfig: Setting CVar [[r.Shadow.CSM.MaxCascades:10]]
[2022.03.29-02.23.12:237][  0]LogConfig: Setting CVar [[r.Shadow.MaxResolution:2048]]
[2022.03.29-02.23.12:237][  0]LogConfig: Setting CVar [[r.Shadow.MaxCSMResolution:2048]]
[2022.03.29-02.23.12:237][  0]LogConfig: Setting CVar [[r.Shadow.RadiusThreshold:0.01]]
[2022.03.29-02.23.12:237][  0]LogConfig: Setting CVar [[r.Shadow.DistanceScale:1.0]]
[2022.03.29-02.23.12:237][  0]LogConfig: Setting CVar [[r.Shadow.CSM.TransitionScale:1.0]]
[2022.03.29-02.23.12:237][  0]LogConfig: Setting CVar [[r.Shadow.PreShadowResolutionFactor:1.0]]
[2022.03.29-02.23.12:237][  0]LogConfig: Setting CVar [[r.DistanceFieldShadowing:1]]
[2022.03.29-02.23.12:237][  0]LogConfig: Setting CVar [[r.DistanceFieldAO:1]]
[2022.03.29-02.23.12:237][  0]LogConfig: Setting CVar [[r.AOQuality:2]]
[2022.03.29-02.23.12:237][  0]LogConfig: Setting CVar [[r.VolumetricFog:1]]
[2022.03.29-02.23.12:237][  0]LogConfig: Setting CVar [[r.VolumetricFog.GridPixelSize:8]]
[2022.03.29-02.23.12:237][  0]LogConfig: Setting CVar [[r.VolumetricFog.GridSizeZ:128]]
[2022.03.29-02.23.12:237][  0]LogConfig: Setting CVar [[r.VolumetricFog.HistoryMissSupersampleCount:4]]
[2022.03.29-02.23.12:237][  0]LogConfig: Setting CVar [[r.LightMaxDrawDistanceScale:1]]
[2022.03.29-02.23.12:237][  0]LogConfig: Setting CVar [[r.CapsuleShadows:1]]
[2022.03.29-02.23.12:237][  0]LogConfig: Applying CVar settings from Section [PostProcessQuality@3] File [C:/Users/Ethan Schaller/Documents/Unreal Projects/Mario_Land_2/Saved/Config/Windows/Scalability.ini]
[2022.03.29-02.23.12:237][  0]LogConfig: Setting CVar [[r.MotionBlurQuality:4]]
[2022.03.29-02.23.12:237][  0]LogConfig: Setting CVar [[r.AmbientOcclusionMipLevelFactor:0.4]]
[2022.03.29-02.23.12:237][  0]LogConfig: Setting CVar [[r.AmbientOcclusionMaxQuality:100]]
[2022.03.29-02.23.12:237][  0]LogConfig: Setting CVar [[r.AmbientOcclusionLevels:-1]]
[2022.03.29-02.23.12:237][  0]LogConfig: Setting CVar [[r.AmbientOcclusionRadiusScale:1.0]]
[2022.03.29-02.23.12:237][  0]LogConfig: Setting CVar [[r.DepthOfFieldQuality:2]]
[2022.03.29-02.23.12:237][  0]LogConfig: Setting CVar [[r.RenderTargetPoolMin:400]]
[2022.03.29-02.23.12:237][  0]LogConfig: Setting CVar [[r.LensFlareQuality:2]]
[2022.03.29-02.23.12:237][  0]LogConfig: Setting CVar [[r.SceneColorFringeQuality:1]]
[2022.03.29-02.23.12:237][  0]LogConfig: Setting CVar [[r.EyeAdaptationQuality:2]]
[2022.03.29-02.23.12:237][  0]LogConfig: Setting CVar [[r.BloomQuality:5]]
[2022.03.29-02.23.12:237][  0]LogConfig: Setting CVar [[r.FastBlurThreshold:100]]
[2022.03.29-02.23.12:237][  0]LogConfig: Setting CVar [[r.Upscale.Quality:3]]
[2022.03.29-02.23.12:237][  0]LogConfig: Setting CVar [[r.Tonemapper.GrainQuantization:1]]
[2022.03.29-02.23.12:237][  0]LogConfig: Setting CVar [[r.LightShaftQuality:1]]
[2022.03.29-02.23.12:237][  0]LogConfig: Setting CVar [[r.Filter.SizeScale:1]]
[2022.03.29-02.23.12:237][  0]LogConfig: Setting CVar [[r.Tonemapper.Quality:5]]
[2022.03.29-02.23.12:237][  0]LogConfig: Setting CVar [[r.DOF.Gather.AccumulatorQuality:1        ; higher gathering accumulator quality]]
[2022.03.29-02.23.12:237][  0]LogConfig: Setting CVar [[r.DOF.Gather.PostfilterMethod:1          ; Median3x3 postfilering method]]
[2022.03.29-02.23.12:237][  0]LogConfig: Setting CVar [[r.DOF.Gather.EnableBokehSettings:0       ; no bokeh simulation when gathering]]
[2022.03.29-02.23.12:237][  0]LogConfig: Setting CVar [[r.DOF.Gather.RingCount:4                 ; medium number of samples when gathering]]
[2022.03.29-02.23.12:237][  0]LogConfig: Setting CVar [[r.DOF.Scatter.ForegroundCompositing:1    ; additive foreground scattering]]
[2022.03.29-02.23.12:237][  0]LogConfig: Setting CVar [[r.DOF.Scatter.BackgroundCompositing:2    ; additive background scattering]]
[2022.03.29-02.23.12:237][  0]LogConfig: Setting CVar [[r.DOF.Scatter.EnableBokehSettings:1      ; bokeh simulation when scattering]]
[2022.03.29-02.23.12:237][  0]LogConfig: Setting CVar [[r.DOF.Scatter.MaxSpriteRatio:0.1         ; only a maximum of 10% of scattered bokeh]]
[2022.03.29-02.23.12:237][  0]LogConfig: Setting CVar [[r.DOF.Recombine.Quality:1                ; cheap slight out of focus]]
[2022.03.29-02.23.12:237][  0]LogConfig: Setting CVar [[r.DOF.Recombine.EnableBokehSettings:0    ; no bokeh simulation on slight out of focus]]
[2022.03.29-02.23.12:237][  0]LogConfig: Setting CVar [[r.DOF.TemporalAAQuality:1                ; more stable temporal accumulation]]
[2022.03.29-02.23.12:237][  0]LogConfig: Setting CVar [[r.DOF.Kernel.MaxForegroundRadius:0.025]]
[2022.03.29-02.23.12:237][  0]LogConfig: Setting CVar [[r.DOF.Kernel.MaxBackgroundRadius:0.025]]
[2022.03.29-02.23.12:237][  0]LogConfig: Applying CVar settings from Section [TextureQuality@3] File [C:/Users/Ethan Schaller/Documents/Unreal Projects/Mario_Land_2/Saved/Config/Windows/Scalability.ini]
[2022.03.29-02.23.12:237][  0]LogConfig: Setting CVar [[r.Streaming.MipBias:0]]
[2022.03.29-02.23.12:237][  0]LogConfig: Setting CVar [[r.Streaming.AmortizeCPUToGPUCopy:0]]
[2022.03.29-02.23.12:237][  0]LogConfig: Setting CVar [[r.Streaming.MaxNumTexturesToStreamPerFrame:0]]
[2022.03.29-02.23.12:237][  0]LogConfig: Setting CVar [[r.Streaming.Boost:1]]
[2022.03.29-02.23.12:237][  0]LogConfig: Setting CVar [[r.MaxAnisotropy:8]]
[2022.03.29-02.23.12:237][  0]LogConfig: Setting CVar [[r.VT.MaxAnisotropy:8]]
[2022.03.29-02.23.12:237][  0]LogConfig: Setting CVar [[r.Streaming.LimitPoolSizeToVRAM:0]]
[2022.03.29-02.23.12:237][  0]LogConfig: Setting CVar [[r.Streaming.PoolSize:1000]]
[2022.03.29-02.23.12:237][  0]LogConfig: Setting CVar [[r.Streaming.MaxEffectiveScreenSize:0]]
[2022.03.29-02.23.12:238][  0]LogConfig: Applying CVar settings from Section [EffectsQuality@3] File [C:/Users/Ethan Schaller/Documents/Unreal Projects/Mario_Land_2/Saved/Config/Windows/Scalability.ini]
[2022.03.29-02.23.12:238][  0]LogConfig: Setting CVar [[r.TranslucencyLightingVolumeDim:64]]
[2022.03.29-02.23.12:238][  0]LogConfig: Setting CVar [[r.RefractionQuality:2]]
[2022.03.29-02.23.12:238][  0]LogConfig: Setting CVar [[r.SSR.Quality:3]]
[2022.03.29-02.23.12:238][  0]LogConfig: Setting CVar [[r.SSR.HalfResSceneColor:0]]
[2022.03.29-02.23.12:238][  0]LogConfig: Setting CVar [[r.SceneColorFormat:4]]
[2022.03.29-02.23.12:238][  0]LogConfig: Setting CVar [[r.DetailMode:2]]
[2022.03.29-02.23.12:238][  0]LogConfig: Setting CVar [[r.TranslucencyVolumeBlur:1]]
[2022.03.29-02.23.12:238][  0]LogConfig: Setting CVar [[r.MaterialQualityLevel:1 ; High quality]]
[2022.03.29-02.23.12:238][  0]LogConfig: Setting CVar [[r.AnisotropicMaterials:1]]
[2022.03.29-02.23.12:238][  0]LogConfig: Setting CVar [[r.SSS.Scale:1]]
[2022.03.29-02.23.12:238][  0]LogConfig: Setting CVar [[r.SSS.SampleSet:2]]
[2022.03.29-02.23.12:238][  0]LogConfig: Setting CVar [[r.SSS.Quality:1]]
[2022.03.29-02.23.12:238][  0]LogConfig: Setting CVar [[r.SSS.HalfRes:0]]
[2022.03.29-02.23.12:238][  0]LogConfig: Setting CVar [[r.SSGI.Quality:3]]
[2022.03.29-02.23.12:238][  0]LogConfig: Setting CVar [[r.EmitterSpawnRateScale:1.0]]
[2022.03.29-02.23.12:238][  0]LogConfig: Setting CVar [[r.ParticleLightQuality:2]]
[2022.03.29-02.23.12:238][  0]LogConfig: Setting CVar [[r.SkyAtmosphere.AerialPerspectiveLUT.FastApplyOnOpaque:1 ; Always have FastSkyLUT 1 in this case to avoid wrong sky]]
[2022.03.29-02.23.12:238][  0]LogConfig: Setting CVar [[r.SkyAtmosphere.AerialPerspectiveLUT.SampleCountMaxPerSlice:4]]
[2022.03.29-02.23.12:238][  0]LogConfig: Setting CVar [[r.SkyAtmosphere.AerialPerspectiveLUT.DepthResolution:16.0]]
[2022.03.29-02.23.12:238][  0]LogConfig: Setting CVar [[r.SkyAtmosphere.FastSkyLUT:1]]
[2022.03.29-02.23.12:238][  0]LogConfig: Setting CVar [[r.SkyAtmosphere.FastSkyLUT.SampleCountMin:4.0]]
[2022.03.29-02.23.12:238][  0]LogConfig: Setting CVar [[r.SkyAtmosphere.FastSkyLUT.SampleCountMax:128.0]]
[2022.03.29-02.23.12:238][  0]LogConfig: Setting CVar [[r.SkyAtmosphere.SampleCountMin:4.0]]
[2022.03.29-02.23.12:238][  0]LogConfig: Setting CVar [[r.SkyAtmosphere.SampleCountMax:128.0]]
[2022.03.29-02.23.12:238][  0]LogConfig: Setting CVar [[r.SkyAtmosphere.TransmittanceLUT.UseSmallFormat:0]]
[2022.03.29-02.23.12:238][  0]LogConfig: Setting CVar [[r.SkyAtmosphere.TransmittanceLUT.SampleCount:10.0]]
[2022.03.29-02.23.12:238][  0]LogConfig: Setting CVar [[r.SkyAtmosphere.MultiScatteringLUT.SampleCount:15.0]]
[2022.03.29-02.23.12:238][  0]LogConfig: Setting CVar [[r.SkyLight.RealTimeReflectionCapture:1]]
[2022.03.29-02.23.12:238][  0]LogConfig: Applying CVar settings from Section [FoliageQuality@3] File [C:/Users/Ethan Schaller/Documents/Unreal Projects/Mario_Land_2/Saved/Config/Windows/Scalability.ini]
[2022.03.29-02.23.12:238][  0]LogConfig: Setting CVar [[foliage.DensityScale:1.0]]
[2022.03.29-02.23.12:238][  0]LogConfig: Setting CVar [[grass.DensityScale:1.0]]
[2022.03.29-02.23.12:238][  0]LogConfig: Applying CVar settings from Section [ShadingQuality@3] File [C:/Users/Ethan Schaller/Documents/Unreal Projects/Mario_Land_2/Saved/Config/Windows/Scalability.ini]
[2022.03.29-02.23.12:238][  0]LogConfig: Setting CVar [[r.HairStrands.SkyLighting.IntegrationType:2]]
[2022.03.29-02.23.12:238][  0]LogConfig: Setting CVar [[r.HairStrands.SkyAO.SampleCount:4]]
[2022.03.29-02.23.12:238][  0]LogConfig: Setting CVar [[r.HairStrands.Visibility.MSAA.SamplePerPixel:4]]
[2022.03.29-02.23.12:238][  0]LogInit: Selected Device Profile: [Windows]
[2022.03.29-02.23.12:238][  0]LogInit: Applying CVar settings loaded from the selected device profile: [Windows]
[2022.03.29-02.23.12:238][  0]LogHAL: Display: Platform has ~ 16 GB [17102929920 / 17179869184 / 16], which maps to Larger [LargestMinGB=32, LargerMinGB=12, DefaultMinGB=8, SmallerMinGB=6, SmallestMinGB=0)
[2022.03.29-02.23.12:238][  0]LogInit: Going up to parent DeviceProfile []
[2022.03.29-02.23.12:238][  0]LogConfig: Applying CVar settings from Section [ViewDistanceQuality@3] File [C:/Users/Ethan Schaller/Documents/Unreal Projects/Mario_Land_2/Saved/Config/Windows/Scalability.ini]
[2022.03.29-02.23.12:238][  0]LogConfig: Setting CVar [[r.SkeletalMeshLODBias:0]]
[2022.03.29-02.23.12:238][  0]LogConfig: Setting CVar [[r.ViewDistanceScale:1.0]]
[2022.03.29-02.23.12:238][  0]LogConfig: Applying CVar settings from Section [AntiAliasingQuality@3] File [C:/Users/Ethan Schaller/Documents/Unreal Projects/Mario_Land_2/Saved/Config/Windows/Scalability.ini]
[2022.03.29-02.23.12:238][  0]LogConfig: Setting CVar [[r.PostProcessAAQuality:4]]
[2022.03.29-02.23.12:238][  0]LogConfig: Applying CVar settings from Section [ShadowQuality@3] File [C:/Users/Ethan Schaller/Documents/Unreal Projects/Mario_Land_2/Saved/Config/Windows/Scalability.ini]
[2022.03.29-02.23.12:238][  0]LogConfig: Setting CVar [[r.LightFunctionQuality:1]]
[2022.03.29-02.23.12:238][  0]LogConfig: Setting CVar [[r.ShadowQuality:5]]
[2022.03.29-02.23.12:238][  0]LogConfig: Setting CVar [[r.Shadow.CSM.MaxCascades:10]]
[2022.03.29-02.23.12:238][  0]LogConfig: Setting CVar [[r.Shadow.MaxResolution:2048]]
[2022.03.29-02.23.12:238][  0]LogConfig: Setting CVar [[r.Shadow.MaxCSMResolution:2048]]
[2022.03.29-02.23.12:238][  0]LogConfig: Setting CVar [[r.Shadow.RadiusThreshold:0.01]]
[2022.03.29-02.23.12:238][  0]LogConfig: Setting CVar [[r.Shadow.DistanceScale:1.0]]
[2022.03.29-02.23.12:239][  0]LogConfig: Setting CVar [[r.Shadow.CSM.TransitionScale:1.0]]
[2022.03.29-02.23.12:239][  0]LogConfig: Setting CVar [[r.Shadow.PreShadowResolutionFactor:1.0]]
[2022.03.29-02.23.12:239][  0]LogConfig: Setting CVar [[r.DistanceFieldShadowing:1]]
[2022.03.29-02.23.12:239][  0]LogConfig: Setting CVar [[r.DistanceFieldAO:1]]
[2022.03.29-02.23.12:239][  0]LogConfig: Setting CVar [[r.AOQuality:2]]
[2022.03.29-02.23.12:239][  0]LogConfig: Setting CVar [[r.VolumetricFog:1]]
[2022.03.29-02.23.12:239][  0]LogConfig: Setting CVar [[r.VolumetricFog.GridPixelSize:8]]
[2022.03.29-02.23.12:239][  0]LogConfig: Setting CVar [[r.VolumetricFog.GridSizeZ:128]]
[2022.03.29-02.23.12:239][  0]LogConfig: Setting CVar [[r.VolumetricFog.HistoryMissSupersampleCount:4]]
[2022.03.29-02.23.12:239][  0]LogConfig: Setting CVar [[r.LightMaxDrawDistanceScale:1]]
[2022.03.29-02.23.12:239][  0]LogConfig: Setting CVar [[r.CapsuleShadows:1]]
[2022.03.29-02.23.12:239][  0]LogConfig: Applying CVar settings from Section [PostProcessQuality@3] File [C:/Users/Ethan Schaller/Documents/Unreal Projects/Mario_Land_2/Saved/Config/Windows/Scalability.ini]
[2022.03.29-02.23.12:239][  0]LogConfig: Setting CVar [[r.MotionBlurQuality:4]]
[2022.03.29-02.23.12:239][  0]LogConfig: Setting CVar [[r.AmbientOcclusionMipLevelFactor:0.4]]
[2022.03.29-02.23.12:239][  0]LogConfig: Setting CVar [[r.AmbientOcclusionMaxQuality:100]]
[2022.03.29-02.23.12:239][  0]LogConfig: Setting CVar [[r.AmbientOcclusionLevels:-1]]
[2022.03.29-02.23.12:239][  0]LogConfig: Setting CVar [[r.AmbientOcclusionRadiusScale:1.0]]
[2022.03.29-02.23.12:239][  0]LogConfig: Setting CVar [[r.DepthOfFieldQuality:2]]
[2022.03.29-02.23.12:239][  0]LogConfig: Setting CVar [[r.RenderTargetPoolMin:400]]
[2022.03.29-02.23.12:239][  0]LogConfig: Setting CVar [[r.LensFlareQuality:2]]
[2022.03.29-02.23.12:239][  0]LogConfig: Setting CVar [[r.SceneColorFringeQuality:1]]
[2022.03.29-02.23.12:239][  0]LogConfig: Setting CVar [[r.EyeAdaptationQuality:2]]
[2022.03.29-02.23.12:239][  0]LogConfig: Setting CVar [[r.BloomQuality:5]]
[2022.03.29-02.23.12:239][  0]LogConfig: Setting CVar [[r.FastBlurThreshold:100]]
[2022.03.29-02.23.12:239][  0]LogConfig: Setting CVar [[r.Upscale.Quality:3]]
[2022.03.29-02.23.12:239][  0]LogConfig: Setting CVar [[r.Tonemapper.GrainQuantization:1]]
[2022.03.29-02.23.12:239][  0]LogConfig: Setting CVar [[r.LightShaftQuality:1]]
[2022.03.29-02.23.12:239][  0]LogConfig: Setting CVar [[r.Filter.SizeScale:1]]
[2022.03.29-02.23.12:239][  0]LogConfig: Setting CVar [[r.Tonemapper.Quality:5]]
[2022.03.29-02.23.12:239][  0]LogConfig: Setting CVar [[r.DOF.Gather.AccumulatorQuality:1        ; higher gathering accumulator quality]]
[2022.03.29-02.23.12:239][  0]LogConfig: Setting CVar [[r.DOF.Gather.PostfilterMethod:1          ; Median3x3 postfilering method]]
[2022.03.29-02.23.12:239][  0]LogConfig: Setting CVar [[r.DOF.Gather.EnableBokehSettings:0       ; no bokeh simulation when gathering]]
[2022.03.29-02.23.12:239][  0]LogConfig: Setting CVar [[r.DOF.Gather.RingCount:4                 ; medium number of samples when gathering]]
[2022.03.29-02.23.12:239][  0]LogConfig: Setting CVar [[r.DOF.Scatter.ForegroundCompositing:1    ; additive foreground scattering]]
[2022.03.29-02.23.12:239][  0]LogConfig: Setting CVar [[r.DOF.Scatter.BackgroundCompositing:2    ; additive background scattering]]
[2022.03.29-02.23.12:239][  0]LogConfig: Setting CVar [[r.DOF.Scatter.EnableBokehSettings:1      ; bokeh simulation when scattering]]
[2022.03.29-02.23.12:239][  0]LogConfig: Setting CVar [[r.DOF.Scatter.MaxSpriteRatio:0.1         ; only a maximum of 10% of scattered bokeh]]
[2022.03.29-02.23.12:239][  0]LogConfig: Setting CVar [[r.DOF.Recombine.Quality:1                ; cheap slight out of focus]]
[2022.03.29-02.23.12:239][  0]LogConfig: Setting CVar [[r.DOF.Recombine.EnableBokehSettings:0    ; no bokeh simulation on slight out of focus]]
[2022.03.29-02.23.12:239][  0]LogConfig: Setting CVar [[r.DOF.TemporalAAQuality:1                ; more stable temporal accumulation]]
[2022.03.29-02.23.12:239][  0]LogConfig: Setting CVar [[r.DOF.Kernel.MaxForegroundRadius:0.025]]
[2022.03.29-02.23.12:239][  0]LogConfig: Setting CVar [[r.DOF.Kernel.MaxBackgroundRadius:0.025]]
[2022.03.29-02.23.12:239][  0]LogConfig: Applying CVar settings from Section [TextureQuality@3] File [C:/Users/Ethan Schaller/Documents/Unreal Projects/Mario_Land_2/Saved/Config/Windows/Scalability.ini]
[2022.03.29-02.23.12:239][  0]LogConfig: Setting CVar [[r.Streaming.MipBias:0]]
[2022.03.29-02.23.12:239][  0]LogConfig: Setting CVar [[r.Streaming.AmortizeCPUToGPUCopy:0]]
[2022.03.29-02.23.12:239][  0]LogConfig: Setting CVar [[r.Streaming.MaxNumTexturesToStreamPerFrame:0]]
[2022.03.29-02.23.12:239][  0]LogConfig: Setting CVar [[r.Streaming.Boost:1]]
[2022.03.29-02.23.12:239][  0]LogConfig: Setting CVar [[r.MaxAnisotropy:8]]
[2022.03.29-02.23.12:239][  0]LogConfig: Setting CVar [[r.VT.MaxAnisotropy:8]]
[2022.03.29-02.23.12:239][  0]LogConfig: Setting CVar [[r.Streaming.LimitPoolSizeToVRAM:0]]
[2022.03.29-02.23.12:239][  0]LogConfig: Setting CVar [[r.Streaming.PoolSize:1000]]
[2022.03.29-02.23.12:239][  0]LogConfig: Setting CVar [[r.Streaming.MaxEffectiveScreenSize:0]]
[2022.03.29-02.23.12:239][  0]LogConfig: Applying CVar settings from Section [EffectsQuality@3] File [C:/Users/Ethan Schaller/Documents/Unreal Projects/Mario_Land_2/Saved/Config/Windows/Scalability.ini]
[2022.03.29-02.23.12:239][  0]LogConfig: Setting CVar [[r.TranslucencyLightingVolumeDim:64]]
[2022.03.29-02.23.12:239][  0]LogConfig: Setting CVar [[r.RefractionQuality:2]]
[2022.03.29-02.23.12:239][  0]LogConfig: Setting CVar [[r.SSR.Quality:3]]
[2022.03.29-02.23.12:239][  0]LogConfig: Setting CVar [[r.SSR.HalfResSceneColor:0]]
[2022.03.29-02.23.12:239][  0]LogConfig: Setting CVar [[r.SceneColorFormat:4]]
[2022.03.29-02.23.12:239][  0]LogConfig: Setting CVar [[r.DetailMode:2]]
[2022.03.29-02.23.12:239][  0]LogConfig: Setting CVar [[r.TranslucencyVolumeBlur:1]]
[2022.03.29-02.23.12:239][  0]LogConfig: Setting CVar [[r.MaterialQualityLevel:1 ; High quality]]
[2022.03.29-02.23.12:239][  0]LogConfig: Setting CVar [[r.AnisotropicMaterials:1]]
[2022.03.29-02.23.12:240][  0]LogConfig: Setting CVar [[r.SSS.Scale:1]]
[2022.03.29-02.23.12:240][  0]LogConfig: Setting CVar [[r.SSS.SampleSet:2]]
[2022.03.29-02.23.12:240][  0]LogConfig: Setting CVar [[r.SSS.Quality:1]]
[2022.03.29-02.23.12:240][  0]LogConfig: Setting CVar [[r.SSS.HalfRes:0]]
[2022.03.29-02.23.12:240][  0]LogConfig: Setting CVar [[r.SSGI.Quality:3]]
[2022.03.29-02.23.12:240][  0]LogConfig: Setting CVar [[r.EmitterSpawnRateScale:1.0]]
[2022.03.29-02.23.12:240][  0]LogConfig: Setting CVar [[r.ParticleLightQuality:2]]
[2022.03.29-02.23.12:240][  0]LogConfig: Setting CVar [[r.SkyAtmosphere.AerialPerspectiveLUT.FastApplyOnOpaque:1 ; Always have FastSkyLUT 1 in this case to avoid wrong sky]]
[2022.03.29-02.23.12:240][  0]LogConfig: Setting CVar [[r.SkyAtmosphere.AerialPerspectiveLUT.SampleCountMaxPerSlice:4]]
[2022.03.29-02.23.12:240][  0]LogConfig: Setting CVar [[r.SkyAtmosphere.AerialPerspectiveLUT.DepthResolution:16.0]]
[2022.03.29-02.23.12:240][  0]LogConfig: Setting CVar [[r.SkyAtmosphere.FastSkyLUT:1]]
[2022.03.29-02.23.12:240][  0]LogConfig: Setting CVar [[r.SkyAtmosphere.FastSkyLUT.SampleCountMin:4.0]]
[2022.03.29-02.23.12:240][  0]LogConfig: Setting CVar [[r.SkyAtmosphere.FastSkyLUT.SampleCountMax:128.0]]
[2022.03.29-02.23.12:240][  0]LogConfig: Setting CVar [[r.SkyAtmosphere.SampleCountMin:4.0]]
[2022.03.29-02.23.12:240][  0]LogConfig: Setting CVar [[r.SkyAtmosphere.SampleCountMax:128.0]]
[2022.03.29-02.23.12:240][  0]LogConfig: Setting CVar [[r.SkyAtmosphere.TransmittanceLUT.UseSmallFormat:0]]
[2022.03.29-02.23.12:240][  0]LogConfig: Setting CVar [[r.SkyAtmosphere.TransmittanceLUT.SampleCount:10.0]]
[2022.03.29-02.23.12:240][  0]LogConfig: Setting CVar [[r.SkyAtmosphere.MultiScatteringLUT.SampleCount:15.0]]
[2022.03.29-02.23.12:240][  0]LogConfig: Setting CVar [[r.SkyLight.RealTimeReflectionCapture:1]]
[2022.03.29-02.23.12:240][  0]LogConfig: Applying CVar settings from Section [FoliageQuality@3] File [C:/Users/Ethan Schaller/Documents/Unreal Projects/Mario_Land_2/Saved/Config/Windows/Scalability.ini]
[2022.03.29-02.23.12:240][  0]LogConfig: Setting CVar [[foliage.DensityScale:1.0]]
[2022.03.29-02.23.12:240][  0]LogConfig: Setting CVar [[grass.DensityScale:1.0]]
[2022.03.29-02.23.12:240][  0]LogConfig: Applying CVar settings from Section [ShadingQuality@3] File [C:/Users/Ethan Schaller/Documents/Unreal Projects/Mario_Land_2/Saved/Config/Windows/Scalability.ini]
[2022.03.29-02.23.12:240][  0]LogConfig: Setting CVar [[r.HairStrands.SkyLighting.IntegrationType:2]]
[2022.03.29-02.23.12:240][  0]LogConfig: Setting CVar [[r.HairStrands.SkyAO.SampleCount:4]]
[2022.03.29-02.23.12:240][  0]LogConfig: Setting CVar [[r.HairStrands.Visibility.MSAA.SamplePerPixel:4]]
[2022.03.29-02.23.12:240][  0]LogConfig: Applying CVar settings from Section [Startup] File [../../../Engine/Config/ConsoleVariables.ini]
[2022.03.29-02.23.12:240][  0]LogConfig: Setting CVar [[net.UseAdaptiveNetUpdateFrequency:0]]
[2022.03.29-02.23.12:240][  0]LogConfig: Setting CVar [[p.chaos.AllowCreatePhysxBodies:1]]
[2022.03.29-02.23.12:240][  0]LogConfig: Setting CVar [[fx.SkipVectorVMBackendOptimizations:1]]
[2022.03.29-02.23.12:240][  0]LogConfig: Applying CVar settings from Section [ConsoleVariables] File [C:/Users/Ethan Schaller/Documents/Unreal Projects/Mario_Land_2/Saved/Config/Windows/Engine.ini]
[2022.03.29-02.23.12:240][  0]LogConfig: Applying CVar settings from Section [ConsoleVariables] File [C:/Users/Ethan Schaller/Documents/Unreal Projects/Mario_Land_2/Saved/Config/Windows/Editor.ini]
[2022.03.29-02.23.12:241][  0]LogInit: Computer: DESKTOP-KRTMCAC
[2022.03.29-02.23.12:241][  0]LogInit: User: EthanSchaller
[2022.03.29-02.23.12:241][  0]LogInit: CPU Page size=4096, Cores=8
[2022.03.29-02.23.12:241][  0]LogInit: High frequency timer resolution =10.000000 MHz
[2022.03.29-02.23.12:241][  0]LogMemory: Memory total: Physical=15.9GB (16GB approx)
[2022.03.29-02.23.12:241][  0]LogMemory: Platform Memory Stats for Windows
[2022.03.29-02.23.12:241][  0]LogMemory: Process Physical Memory: 146.31 MB used, 146.31 MB peak
[2022.03.29-02.23.12:241][  0]LogMemory: Process Virtual Memory: 129.29 MB used, 129.29 MB peak
[2022.03.29-02.23.12:241][  0]LogMemory: Physical Memory: 8925.07 MB used,  7385.55 MB free, 16310.62 MB total
[2022.03.29-02.23.12:241][  0]LogMemory: Virtual Memory: 134213920.00 MB used,  3806.32 MB free, 134217728.00 MB total
[2022.03.29-02.23.12:889][  0]LogWindows: WindowsPlatformFeatures enabled
[2022.03.29-02.23.13:049][  0]LogInit: Physics initialised using underlying interface: PhysX
[2022.03.29-02.23.13:049][  0]LogInit: Using OS detected language (en-US).
[2022.03.29-02.23.13:049][  0]LogInit: Using OS detected locale (en-CA).
[2022.03.29-02.23.13:053][  0]LogTextLocalizationManager: No specific localization for 'en-US' exists, so the 'en' localization will be used.
[2022.03.29-02.23.13:312][  0]LogWindowsTextInputMethodSystem: Display: IME system deactivated.
[2022.03.29-02.23.13:429][  0]LogSlate: New Slate User Created.  User Index 0, Is Virtual User: 0
[2022.03.29-02.23.13:429][  0]LogSlate: Slate User Registered.  User Index 0, Is Virtual User: 0
[2022.03.29-02.23.13:447][  0]LogD3D11RHI: Loaded GFSDK_Aftermath_Lib.x64.dll
[2022.03.29-02.23.13:450][  0]LogHMD: Failed to initialize OpenVR with code 110
[2022.03.29-02.23.13:450][  0]LogD3D11RHI: D3D11 min allowed feature level: 11_0
[2022.03.29-02.23.13:450][  0]LogD3D11RHI: D3D11 max allowed feature level: 11_0
[2022.03.29-02.23.13:450][  0]LogD3D11RHI: D3D11 adapters:
[2022.03.29-02.23.13:599][  0]LogD3D11RHI:    0. 'NVIDIA GeForce GTX 1070 Ti' (Feature Level 11_0)
[2022.03.29-02.23.13:599][  0]LogD3D11RHI:       8079/0/8155 MB DedicatedVideo/DedicatedSystem/SharedSystem, Outputs:1, VendorId:0x10de
[2022.03.29-02.23.13:602][  0]LogD3D11RHI:    1. 'Microsoft Basic Render Driver' (Feature Level 11_0)
[2022.03.29-02.23.13:602][  0]LogD3D11RHI:       0/0/8155 MB DedicatedVideo/DedicatedSystem/SharedSystem, Outputs:0, VendorId:0x1414
[2022.03.29-02.23.13:602][  0]LogD3D11RHI: Chosen D3D11 Adapter:
[2022.03.29-02.23.13:602][  0]LogD3D11RHI:     Description : NVIDIA GeForce GTX 1070 Ti
[2022.03.29-02.23.13:602][  0]LogD3D11RHI:     VendorId    : 10de
[2022.03.29-02.23.13:602][  0]LogD3D11RHI:     DeviceId    : 1b82
[2022.03.29-02.23.13:602][  0]LogD3D11RHI:     SubSysId    : 244519da
[2022.03.29-02.23.13:602][  0]LogD3D11RHI:     Revision    : 00a1
[2022.03.29-02.23.13:602][  0]LogD3D11RHI:     DedicatedVideoMemory : 8471445504 bytes
[2022.03.29-02.23.13:602][  0]LogD3D11RHI:     DedicatedSystemMemory : 0 bytes
[2022.03.29-02.23.13:602][  0]LogD3D11RHI:     SharedSystemMemory : 8551464960 bytes
[2022.03.29-02.23.13:602][  0]LogD3D11RHI:     AdapterLuid : 0 63394
[2022.03.29-02.23.13:610][  0]LogD3D11RHI: Creating new Direct3DDevice
[2022.03.29-02.23.13:610][  0]LogD3D11RHI:     GPU DeviceId: 0x1b82 (for the marketing name, search the web for "GPU Device Id")
[2022.03.29-02.23.13:610][  0]LogWindows: EnumDisplayDevices:
[2022.03.29-02.23.13:610][  0]LogWindows:    0. 'NVIDIA GeForce GTX 1070 Ti' (P:1 D:1)
[2022.03.29-02.23.13:610][  0]LogWindows:    1. 'NVIDIA GeForce GTX 1070 Ti' (P:0 D:0)
[2022.03.29-02.23.13:611][  0]LogWindows:    2. 'NVIDIA GeForce GTX 1070 Ti' (P:0 D:0)
[2022.03.29-02.23.13:611][  0]LogWindows:    3. 'NVIDIA GeForce GTX 1070 Ti' (P:0 D:0)
[2022.03.29-02.23.13:611][  0]LogWindows: DebugString: FoundDriverCount:4 
[2022.03.29-02.23.13:611][  0]LogD3D11RHI:     Adapter Name: NVIDIA GeForce GTX 1070 Ti
[2022.03.29-02.23.13:611][  0]LogD3D11RHI:   Driver Version: 511.23 (internal:30.0.15.1123, unified:511.23)
[2022.03.29-02.23.13:611][  0]LogD3D11RHI:      Driver Date: 1-10-2022
[2022.03.29-02.23.13:611][  0]LogRHI: Texture pool is 5655 MB (70% of 8079 MB)
[2022.03.29-02.23.13:611][  0]LogD3D11RHI: Creating D3DDevice using adapter:
[2022.03.29-02.23.13:611][  0]LogD3D11RHI:     Description : NVIDIA GeForce GTX 1070 Ti
[2022.03.29-02.23.13:611][  0]LogD3D11RHI:     VendorId    : 10de
[2022.03.29-02.23.13:611][  0]LogD3D11RHI:     DeviceId    : 1b82
[2022.03.29-02.23.13:611][  0]LogD3D11RHI:     SubSysId    : 244519da
[2022.03.29-02.23.13:611][  0]LogD3D11RHI:     Revision    : 00a1
[2022.03.29-02.23.13:611][  0]LogD3D11RHI:     DedicatedVideoMemory : 8471445504 bytes
[2022.03.29-02.23.13:611][  0]LogD3D11RHI:     DedicatedSystemMemory : 0 bytes
[2022.03.29-02.23.13:611][  0]LogD3D11RHI:     SharedSystemMemory : 8551464960 bytes
[2022.03.29-02.23.13:611][  0]LogD3D11RHI:     AdapterLuid : 0 63394
[2022.03.29-02.23.13:676][  0]LogD3D11RHI: RHI has support for 64 bit atomics
[2022.03.29-02.23.13:676][  0]LogD3D11RHI: Async texture creation enabled
[2022.03.29-02.23.13:676][  0]LogD3D11RHI: Array index from any shader is supported
[2022.03.29-02.23.13:698][  0]LogD3D11RHI: GPU Timing Frequency: 1000.000000 (Debug: 2 1)
[2022.03.29-02.23.13:750][  0]LogRHI: GeForceNow SDK initialized: 1
[2022.03.29-02.23.14:144][  0]LogTargetPlatformManager: Display: Loaded TargetPlatform 'WindowsNoEditor'
[2022.03.29-02.23.14:152][  0]LogTargetPlatformManager: Display: Loaded TargetPlatform 'Windows'
[2022.03.29-02.23.14:162][  0]LogTargetPlatformManager: Display: Loaded TargetPlatform 'WindowsClient'
[2022.03.29-02.23.14:172][  0]LogTargetPlatformManager: Display: Loaded TargetPlatform 'WindowsServer'
[2022.03.29-02.23.14:172][  0]LogTargetPlatformManager: Display: Building Assets For Windows
[2022.03.29-02.23.14:239][  0]LogAudioDebug: Display: Lib vorbis DLL was dynamically loaded.
[2022.03.29-02.23.14:294][  0]LogTextureFormatOodle: Display: Oodle Texture 2.9.0 init RDO Off
[2022.03.29-02.23.14:350][  0]LogRendererCore: Ray tracing is disabled. Reason: r.RayTracing=0.
[2022.03.29-02.23.14:350][  0]LogShaderCompilers: Guid format shader working directory is -23 characters bigger than the processId version (../../../../../../Users/Ethan Schaller/Documents/Unreal Projects/Mario_Land_2/Intermediate/Shaders/WorkingDirectory/20876/).
[2022.03.29-02.23.14:350][  0]LogShaderCompilers: Cleaned the shader compiler working directory 'C:/Users/Ethan Schaller/AppData/Local/Temp/UnrealShaderWorkingDir/DDEED2DC452A701292FE6495EC9D3D6F/'.
[2022.03.29-02.23.14:350][  0]LogXGEController: Cannot use XGE Controller as Incredibuild is not installed on this machine.
[2022.03.29-02.23.14:350][  0]LogShaderCompilers: Cannot use XGE Shader Compiler as Incredibuild is not installed on this machine.
[2022.03.29-02.23.14:350][  0]LogShaderCompilers: Display: Using Local Shader Compiler.
[2022.03.29-02.23.19:339][  0]LogDerivedDataCache: Display: Max Cache Size: 512 MB
[2022.03.29-02.23.19:396][  0]LogDerivedDataCache: Loaded boot cache 0.06s 96MB C:/Users/Ethan Schaller/AppData/Local/UnrealEngine/4.27/DerivedDataCache/Boot.ddc.
[2022.03.29-02.23.19:396][  0]LogDerivedDataCache: Display: Loaded Boot cache: C:/Users/Ethan Schaller/AppData/Local/UnrealEngine/4.27/DerivedDataCache/Boot.ddc
[2022.03.29-02.23.19:396][  0]LogDerivedDataCache: FDerivedDataBackendGraph:  Pak pak cache file ../../../../../../Users/Ethan Schaller/Documents/Unreal Projects/Mario_Land_2/DerivedDataCache/DDC.ddp not found, will not use a pak cache.
[2022.03.29-02.23.19:396][  0]LogDerivedDataCache: Unable to find inner node Pak for hierarchical cache Hierarchy.
[2022.03.29-02.23.19:396][  0]LogDerivedDataCache: FDerivedDataBackendGraph:  CompressedPak pak cache file ../../../../../../Users/Ethan Schaller/Documents/Unreal Projects/Mario_Land_2/DerivedDataCache/Compressed.ddp not found, will not use a pak cache.
[2022.03.29-02.23.19:396][  0]LogDerivedDataCache: Unable to find inner node CompressedPak for hierarchical cache Hierarchy.
[2022.03.29-02.23.19:413][  0]LogDerivedDataCache: Display: Pak cache opened for reading ../../../Engine/DerivedDataCache/Compressed.ddp.
[2022.03.29-02.23.19:413][  0]LogDerivedDataCache: FDerivedDataBackendGraph:  EnterprisePak pak cache file ../../../Enterprise/DerivedDataCache/Compressed.ddp not found, will not use a pak cache.
[2022.03.29-02.23.19:413][  0]LogDerivedDataCache: Unable to find inner node EnterprisePak for hierarchical cache Hierarchy.
[2022.03.29-02.23.19:570][  0]LogDerivedDataCache: Speed tests for C:/Users/Ethan Schaller/AppData/Local/UnrealEngine/Common/DerivedDataCache took 0.16 seconds
[2022.03.29-02.23.19:570][  0]LogDerivedDataCache: Display: Performance to C:/Users/Ethan Schaller/AppData/Local/UnrealEngine/Common/DerivedDataCache: Latency=0.04ms. RandomReadSpeed=6.21MBs, RandomWriteSpeed=153.74MBs. Assigned SpeedClass 'Local'
[2022.03.29-02.23.19:571][  0]LogDerivedDataCache: Using Local data cache path C:/Users/Ethan Schaller/AppData/Local/UnrealEngine/Common/DerivedDataCache: Writable
[2022.03.29-02.23.19:571][  0]LogDerivedDataCache: Shared data cache path not found in *engine.ini, will not use an Shared cache.
[2022.03.29-02.23.19:571][  0]LogDerivedDataCache: Unable to find inner node Shared for hierarchical cache Hierarchy.
[2022.03.29-02.23.19:612][  0]LogSlate: Using FreeType 2.10.0
[2022.03.29-02.23.19:632][  0]LogSlate: SlateFontServices - WITH_FREETYPE: 1, WITH_HARFBUZZ: 1
[2022.03.29-02.23.20:828][  0]LogInit: Using OS detected language (en-US).
[2022.03.29-02.23.20:828][  0]LogInit: Using OS detected locale (en-CA).
[2022.03.29-02.23.20:828][  0]LogTextLocalizationManager: No localization for 'en-US' exists, so 'en' will be used for the language.
[2022.03.29-02.23.20:829][  0]LogTextLocalizationManager: No localization for 'en-CA' exists, so 'en' will be used for the locale.
[2022.03.29-02.23.20:829][  0]LogSlate: FontCache flush requested. Reason: Culture for localization was changed
[2022.03.29-02.23.20:829][  0]LogSlate: FontCache flush requested. Reason: Culture for localization was changed
[2022.03.29-02.23.20:832][  0]LogTextLocalizationManager: Compacting localization data took   0.01ms
[2022.03.29-02.23.20:832][  0]LogAssetRegistry: FAssetRegistry took 0.0024 seconds to start up
[2022.03.29-02.23.20:999][  0]LogPackageLocalizationCache: Processed 27 localized package path(s) for 1 prioritized culture(s) in 0.001438 seconds
[2022.03.29-02.23.21:070][  0]LogInit: Selected Device Profile: [Windows]
[2022.03.29-02.23.21:070][  0]LogInit: Active device profile: [0000012D2A9D6900][0000012D1FB0D080 49] Windows
[2022.03.29-02.23.21:070][  0]LogInit: Profiles: [0000012D2A9D6900][0000012D1FB0D080 49] Windows, [0000012D2A995900][0000012D232F3200 49] WindowsNoEditor, [0000012D2A9D5900][0000012D232F7380 49] WindowsServer, [0000012D2A996900][0000012D232FB500 49] WindowsClient, [0000012D2A9D6B00][0000012D232FF680 49] IOS, [0000012D2A997300][0000012D1F9217C0 49] iPadAir, [0000012D2A9D5600][0000012D23303900 49] iPadAir2, [0000012D2A93F200][0000012D2330BB40 49] IPadPro, [0000012D2A93F300][0000012D23307B80 49] iPadAir3, [0000012D2A9D6A00][0000012D23312180 49] iPadAir4, [0000012D2A93DE00][0000012D23316300 49] iPadMini2, [0000012D2A9D5800][0000012D2331A480 49] iPadMini3, [0000012D2A93DA00][0000012D2331E600 49] iPadMini4, [0000012D2A9D5F00][0000012D23322780 49] iPadMini5, [0000012D2A992800][0000012D23590A40 49] iPhone6, [0000012D2A992900][0000012D23326A80 49] iPodTouch6, [0000012D2A93CE00][0000012D23598D40 49] iPhone7, [0000012D2A93CD00][0000012D23594D80 49] iPodTouch7, [0000012D2A991D00][0000012D2359CF00 49] iPhone5S, [0000012D2A93D900][0000012D235A1080 49] iPhone6Plus, [0000012D2A992E00][0000012D235A5200 49] iPhone6S, [0000012D2A93E600][0000012D235A9380 49] iPhone6SPlus, [0000012D2A992A00][0000012D235AD500 49] iPhone7Plus, [0000012D2A93D600][0000012D235B1680 49] iPhoneSE, [0000012D2A992600][0000012D235B5800 49] iPhone8, [0000012D2A93E300][0000012D2330F940 49] iPhone8Plus, [0000012D2A991B00][0000012D235B9A80 49] iPhoneX, [0000012D2A93E500][0000012D235BDBC0 49] iPhoneXS, [0000012D2A990300][0000012D235C0180 49] iPhoneXSMax, [0000012D2A93F900][0000012D235C8300 49] iPhoneXR, [0000012D2A993200][0000012D235CC480 49] iPhone11, [0000012D2A93D400][0000012D235D0600 49] iPhone11Pro, [0000012D2A991000][0000012D235D4780 49] iPhone11ProMax, [0000012D2A93EC00][0000012D235D8900 49] iPhoneSE2, [0000012D2A993A00][0000012D2ACDEA80 49] iPhone12Mini, [0000012D2A93F600][0000012D2ACE2C00 49] iPhone12, [0000012D2A990E00][0000012D2ACE6D80 49] iPhone12Pro, [0000012D2A93F000][0000012D2ACEAF00 49] iPhone12ProMax, [0000012D2A991300][0000012D2ACEF080 49] iPadPro105, [0000012D2A93C500][0000012D2ACF3200 49] iPadPro129, [0000012D2A990800][0000012D2ACF7380 49] iPadPro97, [0000012D2A93FD00][0000012D2ACFB500 49] iPadPro2_129, [0000012D2A992200][0000012D2ACFF680 49] iPad5, [0000012D2A93C600][0000012D2AD03800 49] iPad6, [0000012D2A993800][0000012D2AD07980 49] iPad7, [0000012D2A93E800][0000012D235C5AC0 49] iPad8, [0000012D2A990D00][0000012D2AD0BC00 49] iPadPro11, [0000012D2AA1CA00][0000012D2AD0E1C0 49] iPadPro2_11, [0000012D2A997500][0000012D2AD12300 49] iPadPro3_129, [0000012D2AA1CD00][0000012D2AD1A480 49] iPadPro4_129, [0000012D2A996400][0000012D2AD1E600 49] AppleTV, [0000012D2AA1D500][0000012D2AD22780 49] AppleTV4K, [0000012D2A997C00][0000012D2AD26900 49] TVOS, [0000012D2AA1D600][0000012D2AD2AA80 49] Mac, [0000012D2A995E00][0000012D2AD2EC00 49] MacClient, [0000012D2AA1D000][0000012D2AD32D80 49] MacNoEditor, [0000012D2A995A00][0000012D2AD36F00 49] MacServer, [0000012D2AA1C400][0000012D2AD3B080 49] Linux, [0000012D2A995500][0000012D2AD3F200 49] LinuxAArch64, [0000012D2AA1C200][0000012D2AD43380 49] LinuxNoEditor, [0000012D2A994800][0000012D2AD47500 49] LinuxAArch64NoEditor, [0000012D2A991400][0000012D2AD4B680 49] LinuxClient, [0000012D2A93C800][0000012D2AD4F800 49] LinuxAArch64Client, [0000012D2A991600][0000012D2AD53980 49] LinuxServer, [0000012D2A93F700][0000012D2AD57B00 49] LinuxAArch64Server, [0000012D2A993E00][0000012D2AD5A100 49] Android, [0000012D2A93D300][0000012D2AD16240 49] Android_Low, [0000012D2A993600][0000012D235F0380 49] Android_Mid, [0000012D2A93EE00][0000012D235F44C0 49] Android_High, [0000012D2A993C00][0000012D235FC640 49] Android_Default, [0000012D2A93F100][0000012D236007C0 49] Android_Adreno4xx, [0000012D2A990F00][0000012D23604940 49] Android_Adreno5xx_Low, [0000012D2A93EB00][0000012D23608AC0 49] Android_Adreno5xx, [0000012D2A993000][0000012D2360CC40 49] Android_Adreno6xx, [0000012D2A93DD00][0000012D23610DC0 49] Android_Adreno6xx_Vulkan, [0000012D2A993100][0000012D238DAF40 49] Android_Mali_T6xx, [0000012D2A93C400][0000012D238DF0C0 49] Android_Mali_T7xx, [0000012D2A990A00][0000012D238E3240 49] Android_Mali_T8xx, [0000012D2A93E100][0000012D238E73C0 49] Android_Mali_G71, [0000012D2A990700][0000012D238EB540 49] Android_Mali_G72, [0000012D2A93F400][0000012D238EF6C0 49] Android_Mali_G72_Vulkan, [0000012D2A991100][0000012D238F3840 49] Android_Mali_G76, [0000012D2A93CB00][0000012D238F79C0 49] Android_Mali_G76_Vulkan, [0000012D2A992D00][0000012D238FBB40 49] Android_Mali_G77, [0000012D2A93C200][0000012D238FE140 49] Android_Mali_G77_Vulkan, [0000012D2A991C00][0000012D239022C0 49] Android_Mali_G78, [0000012D2A93C100][0000012D235F8400 49] Android_Mali_G78_Vulkan, [0000012D2A993300][0000012D23906540 49] Android_Mali_G710, [0000012D2A93CC00][0000012D2390A680 49] Android_Mali_G710_Vulkan, [0000012D2A993500][0000012D2390E7C0 49] Android_Vulkan_SM5, [0000012D2A93D800][0000012D23916940 49] Android_PowerVR_G6xxx, [0000012D2AA1D100][0000012D2391AAC0 49] Android_PowerVR_GT7xxx, [0000012D2A93D500][0000012D2391EC40 49] Android_PowerVR_GE8xxx, [0000012D2A9D6200][0000012D23922DC0 49] Android_PowerVR_GM9xxx, [0000012D2A996200][0000012D23926F40 49] Android_PowerVR_GM9xxx_Vulkan, [0000012D2A9D6000][0000012D2392B0C0 49] Android_TegraK1, [0000012D2A994F00][0000012D2392F240 49] Android_Unknown_Vulkan, [0000012D2A9D5700][0000012D239333C0 49] Lumin, [0000012D2A996F00][0000012D23937540 49] Lumin_Desktop, [0000012D2A9D4400][0000012D2393B6C0 49] HoloLens, 
[2022.03.29-02.23.21:162][  0]LogMeshReduction: Using QuadricMeshReduction for automatic static mesh reduction
[2022.03.29-02.23.21:162][  0]LogMeshReduction: Using SimplygonMeshReduction for automatic skeletal mesh reduction
[2022.03.29-02.23.21:162][  0]LogMeshReduction: Using ProxyLODMeshReduction for automatic mesh merging
[2022.03.29-02.23.21:162][  0]LogMeshReduction: No distributed automatic mesh merging module available
[2022.03.29-02.23.21:162][  0]LogMeshMerging: No distributed automatic mesh merging module available
[2022.03.29-02.23.21:330][  0]LogNetVersion: Mario_Land_2 1.0.0, NetCL: 17155196, EngineNetVer: 17, GameNetVer: 0 (Checksum: 3489079873)
[2022.03.29-02.23.24:194][  0]LogTexture: Default maximum texture size for cubemaps generated from long-lat sources has been changed from 512 to unlimited. In order to preserve old behaiour for '/Engine/MapTemplates/Sky/DaylightAmbientCubemap.DaylightAmbientCubemap', its maximum texture size has been explicitly set to 512.
[2022.03.29-02.23.24:274][  0]LogHMD: PokeAHoleMaterial loaded successfully
[2022.03.29-02.23.24:695][  0]LogMoviePlayer: Initializing movie player
[2022.03.29-02.23.24:886][  0]LogNiagaraDebuggerClient: Niagara Debugger Client Initialized | Session: 157B99B54E03B30A245F9F842263B9E4 | Instance: 5B5042684B6879AAB3B63A9D9D7E9980 (DESKTOP-KRTMCAC-20876).
[2022.03.29-02.23.24:931][  0]LogCollectionManager: Loaded 0 collections in 0.002242 seconds
[2022.03.29-02.23.24:933][  0]LogFileCache: Scanning file cache for directory 'C:/Users/Ethan Schaller/Documents/Unreal Projects/Mario_Land_2/Saved/Collections/' took 0.00s
[2022.03.29-02.23.24:933][  0]LogFileCache: Scanning file cache for directory 'C:/Users/Ethan Schaller/Documents/Unreal Projects/Mario_Land_2/Content/Developers/EthanSchaller/Collections/' took 0.00s
[2022.03.29-02.23.24:933][  0]LogFileCache: Scanning file cache for directory 'C:/Users/Ethan Schaller/Documents/Unreal Projects/Mario_Land_2/Content/Collections/' took 0.00s
[2022.03.29-02.23.24:933][  0]LogCollectionManager: Fixed up redirectors for 0 collections in 0.000002 seconds (updated 0 objects)
[2022.03.29-02.23.25:401][  0]LogPython: Using Python 3.7.7
[2022.03.29-02.23.26:489][  0]LogTcpMessaging: Initializing TcpMessaging bridge
[2022.03.29-02.23.26:498][  0]LogUdpMessaging: Initializing bridge on interface 0.0.0.0:0 to multicast group 230.0.0.1:6666.
[2022.03.29-02.23.26:806][  0]SourceControl: Source control is disabled
[2022.03.29-02.23.26:806][  0]SourceControl: Source control is disabled
[2022.03.29-02.23.26:817][  0]SourceControl: Source control is disabled
[2022.03.29-02.23.26:821][  0]LogUProjectInfo: Found projects:
[2022.03.29-02.23.27:028][  0]LogOpenImageDenoise: OIDN starting up
[2022.03.29-02.23.27:076][  0]LogAndroidPermission: UAndroidPermissionCallbackProxy::GetInstance
[2022.03.29-02.23.27:096][  0]LogAudioCaptureCore: Display: No Audio Capture implementations found. Audio input will be silent.
[2022.03.29-02.23.27:096][  0]LogAudioCaptureCore: Display: No Audio Capture implementations found. Audio input will be silent.
[2022.03.29-02.23.27:210][  0]LogOcInput: OculusInput pre-init called
[2022.03.29-02.23.27:222][  0]LogUObjectArray: 22121 objects as part of root set at end of initial load.
[2022.03.29-02.23.27:222][  0]LogUObjectAllocator: 5975632 out of 0 bytes used by permanent object pool.
[2022.03.29-02.23.27:222][  0]LogUObjectArray: CloseDisregardForGC: 0/0 objects in disregard for GC pool
[2022.03.29-02.23.27:338][  0]LogEngine: Initializing Engine...
[2022.03.29-02.23.27:341][  0]LogHMD: Failed to enumerate extensions. Please check that you have a valid OpenXR runtime installed.
[2022.03.29-02.23.27:342][  0]LogHMD: Failed to initialize OpenVR with code 110
[2022.03.29-02.23.27:342][  0]LogMagicLeap: Warning: VR disabled because ZI is not enabled.  To enable, in the editor, Edit -> Project Settings -> Plugins -> Magic Leap Plugin -> Enable Zero Iteration
[2022.03.29-02.23.27:343][  0]LogStats: UGameplayTagsManager::InitializeManager -  0.000 s
[2022.03.29-02.23.27:750][  0]LogInit: Initializing FReadOnlyCVARCache
[2022.03.29-02.23.27:750][  0]LogAudio: Display: Initializing Audio Device Manager...
[2022.03.29-02.23.27:766][  0]LogAudio: Display: Loading Default Audio Settings Objects...
[2022.03.29-02.23.27:772][  0]LogAudio: Display: No default SoundConcurrencyObject specified (or failed to load).
[2022.03.29-02.23.27:773][  0]LogAudio: Display: Audio Device Manager Initialized
[2022.03.29-02.23.27:773][  0]LogAudio: Display: Creating Audio Device:                 Id: 1, Scope: Shared, Realtime: True
[2022.03.29-02.23.27:773][  0]LogAudioMixer: Display: Audio Mixer Platform Settings:
[2022.03.29-02.23.27:773][  0]LogAudioMixer: Display: 	Sample Rate:						  48000
[2022.03.29-02.23.27:773][  0]LogAudioMixer: Display: 	Callback Buffer Frame Size Requested: 1024
[2022.03.29-02.23.27:773][  0]LogAudioMixer: Display: 	Callback Buffer Frame Size To Use:	  1024
[2022.03.29-02.23.27:773][  0]LogAudioMixer: Display: 	Number of buffers to queue:			  2
[2022.03.29-02.23.27:773][  0]LogAudioMixer: Display: 	Max Channels (voices):				  32
[2022.03.29-02.23.27:773][  0]LogAudioMixer: Display: 	Number of Async Source Workers:		  0
[2022.03.29-02.23.27:773][  0]LogAudio: Display: AudioDevice MaxSources: 32
[2022.03.29-02.23.27:773][  0]LogAudio: Display: Audio Spatialization Plugin: None (built-in).
[2022.03.29-02.23.27:773][  0]LogAudio: Display: Audio Reverb Plugin: None (built-in).
[2022.03.29-02.23.27:773][  0]LogAudio: Display: Audio Occlusion Plugin: None (built-in).
[2022.03.29-02.23.27:773][  0]LogAudioMixer: Display: Initializing audio mixer.
[2022.03.29-02.23.27:792][  0]LogAudioMixer: Display: 0: FrontLeft
[2022.03.29-02.23.27:792][  0]LogAudioMixer: Display: 1: FrontRight
[2022.03.29-02.23.27:792][  0]LogAudioMixer: Display: 2: FrontCenter
[2022.03.29-02.23.27:792][  0]LogAudioMixer: Display: 3: LowFrequency
[2022.03.29-02.23.27:792][  0]LogAudioMixer: Display: 4: BackLeft
[2022.03.29-02.23.27:792][  0]LogAudioMixer: Display: 5: BackRight
[2022.03.29-02.23.27:792][  0]LogAudioMixer: Display: 6: SideLeft
[2022.03.29-02.23.27:792][  0]LogAudioMixer: Display: 7: SideRight
[2022.03.29-02.23.27:864][  0]LogAudioMixer: Display: Using Audio Device Speakers (Realtek High Definition Audio)
[2022.03.29-02.23.27:865][  0]LogAudioMixer: Display: Initializing Sound Submixes...
[2022.03.29-02.23.27:917][  0]LogAudioMixer: Display: Creating Master Submix 'MasterSubmixDefault'
[2022.03.29-02.23.27:917][  0]LogAudioMixer: Display: Creating Master Submix 'MasterReverbSubmixDefault'
[2022.03.29-02.23.27:918][  0]LogAudioMixer: Display: Creating Master Submix 'MasterEQSubmixDefault'
[2022.03.29-02.23.27:918][  0]LogAudioMixer: FMixerPlatformXAudio2::StartAudioStream() called
[2022.03.29-02.23.27:918][  0]LogAudioMixer: Display: Output buffers initialized: Frames=1024, Channels=8, Samples=8192
[2022.03.29-02.23.27:919][  0]LogAudioMixer: Display: Starting AudioMixerPlatformInterface::RunInternal()
[2022.03.29-02.23.27:919][  0]LogAudioMixer: Display: FMixerPlatformXAudio2::SubmitBuffer() called for the first time
[2022.03.29-02.23.27:919][  0]LogInit: FAudioDevice initialized.
[2022.03.29-02.23.27:921][  0]LogNetVersion: Set ProjectVersion to 1.0.0.0. Version Checksum will be recalculated on next use.
[2022.03.29-02.23.27:922][  0]LogInit: Texture streaming: Enabled
[2022.03.29-02.23.28:025][  0]LogAudio: Display: Audio Device (ID: 1) registered with world 'Untitled'.
[2022.03.29-02.23.28:025][  0]LogSlate: Updating window title bar state: overlay mode, drag disabled, window buttons hidden, title bar hidden
[2022.03.29-02.23.28:026][  0]LogInit: Display: Game Engine Initialized.
[2022.03.29-02.23.28:026][  0]LogNiagaraEditor: GEditor isn't valid! Particle reset commands will not work for Niagara components!
[2022.03.29-02.23.29:631][  0]LogInit: Display: Starting Game.
[2022.03.29-02.23.29:631][  0]LogNet: Browse: /Game/SML2Game/levels/lvl1?Name=Player
[2022.03.29-02.23.29:631][  0]LogLoad: LoadMap: /Game/SML2Game/levels/lvl1?Name=Player
[2022.03.29-02.23.29:631][  0]LogWorld: BeginTearingDown for /Temp/Untitled_0
[2022.03.29-02.23.29:633][  0]LogWorld: UWorld::CleanupWorld for Untitled, bSessionEnded=true, bCleanupResources=true
[2022.03.29-02.23.29:633][  0]LogSlate: InvalidateAllWidgets triggered.  All widgets were invalidated
[2022.03.29-02.23.29:637][  0]LogAudio: Display: Audio Device unregistered from world 'None'.
[2022.03.29-02.23.29:639][  0]LogUObjectHash: Compacting FUObjectHashTables data took   0.89ms
[2022.03.29-02.23.30:441][  0]LogAudio: Display: Audio Device (ID: 1) registered with world 'lvl1'.
[2022.03.29-02.23.30:487][  0]LogAIModule: Creating AISystem for world lvl1
[2022.03.29-02.23.30:488][  0]LogLoad: Game class is 'bpChar_GM_C'
[2022.03.29-02.23.30:493][  0]LogWorld: Bringing World /Game/SML2Game/levels/lvl1.lvl1 up for play (max tick rate 0) at 2022.03.28-23.23.30
[2022.03.29-02.23.30:494][  0]LogWorld: Bringing up level for play took: 0.005304
[2022.03.29-02.23.30:497][  0]LogLoad: Took 0.865871 seconds to LoadMap(/Game/SML2Game/levels/lvl1)
[2022.03.29-02.23.30:594][  0]LogRenderer: Reallocating scene render targets to support 1280x720 Format 10 NumSamples 1 (Frame:1).
[2022.03.29-02.23.30:594][  0]LogSlate: Took 0.028377 seconds to synchronously load lazily loaded font '../../../Engine/Content/Slate/Fonts/Roboto-Regular.ttf' (155K)
[2022.03.29-02.23.30:756][  0]LogInit: Display: Engine is initialized. Leaving FEngineLoop::Init()
[2022.03.29-02.23.30:756][  0]LogLoad: (Engine Initialization) Total time: 20.00 seconds
[2022.03.29-02.23.30:756][  0]LogLoad: (Engine Initialization) Total Blueprint compile time: 0.00 seconds
[2022.03.29-02.23.30:759][  0]LogContentStreaming: Texture pool size now 1000 MB
[2022.03.29-02.23.30:762][  0]LogSlate: InvalidateAllWidgets triggered.  All widgets were invalidated
[2022.03.29-02.23.30:795][  1]LogSlate: Took 0.000234 seconds to synchronously load lazily loaded font '../../../Engine/Content/Slate/Fonts/Roboto-Regular.ttf' (155K)
[2022.03.29-02.25.36:280][910]LogSlate: Window 'Mario_Land_2 (64-bit Development PCD3D_SM5) ' being destroyed
[2022.03.29-02.25.36:281][910]LogWindowsTextInputMethodSystem: Display: IME system deactivated.
[2022.03.29-02.25.36:286][910]LogSlate: Updating window title bar state: overlay mode, drag disabled, window buttons hidden, title bar hidden
[2022.03.29-02.25.36:286][910]LogEngine: All Windows Closed
[2022.03.29-02.25.36:287][910]LogWindows: FPlatformMisc::RequestExit(0)
[2022.03.29-02.25.36:287][910]LogWindows: FPlatformMisc::RequestExitWithStatus(0, 0)
[2022.03.29-02.25.36:287][910]LogCore: Engine exit requested (reason: Win RequestExit)
[2022.03.29-02.25.36:287][911]LogCore: Engine exit requested (reason: EngineExit() was called; note: exit was already requested)
[2022.03.29-02.25.36:287][911]LogInit: Display: PreExit Game.
[2022.03.29-02.25.36:297][911]LogWorld: BeginTearingDown for /Game/SML2Game/levels/lvl1
[2022.03.29-02.25.36:297][911]LogWorld: UWorld::CleanupWorld for lvl1, bSessionEnded=true, bCleanupResources=true
[2022.03.29-02.25.36:298][911]LogSlate: InvalidateAllWidgets triggered.  All widgets were invalidated
[2022.03.29-02.25.36:457][911]LogAudio: Display: Beginning Audio Device Manager Shutdown (Module: AudioMixerXAudio2)...
[2022.03.29-02.25.36:457][911]LogAudio: Display: Destroying 1 Remaining Audio Device(s)...
[2022.03.29-02.25.36:457][911]LogAudio: Display: Audio Device unregistered from world 'lvl1'.
[2022.03.29-02.25.36:459][911]LogAudioMixer: FMixerPlatformXAudio2::StopAudioStream() called
[2022.03.29-02.25.36:459][911]LogAudioMixer: FMixerPlatformXAudio2::StopAudioStream() called
[2022.03.29-02.25.36:465][911]LogAudio: Display: Audio Device Manager Shutdown
[2022.03.29-02.25.36:468][911]LogExit: Preparing to exit.
[2022.03.29-02.25.36:575][911]LogSlate: Updating window title bar state: overlay mode, drag disabled, window buttons hidden, title bar hidden
[2022.03.29-02.25.36:576][911]LogUObjectHash: Compacting FUObjectHashTables data took   1.05ms
[2022.03.29-02.25.36:629][911]LogMoviePlayer: Shutting down movie player
[2022.03.29-02.25.36:777][911]LogDemo: Cleaned up 0 splitscreen connections with owner deletion
[2022.03.29-02.25.36:782][911]LogExit: Game engine shut down
[2022.03.29-02.25.36:827][911]LogExit: Object subsystem successfully closed.
[2022.03.29-02.25.36:847][911]LogShaderCompilers: Display: === FShaderJobCache stats ===
[2022.03.29-02.25.36:847][911]LogShaderCompilers: Display: Total job queries 0, among them cache hits 0 (0.00%)
[2022.03.29-02.25.36:847][911]LogShaderCompilers: Display: Tracking 0 distinct input hashes that result in 0 distinct outputs (0.00%)
[2022.03.29-02.25.36:847][911]LogShaderCompilers: Display: RAM used: 0.00 MB (0.00 GB) of 819.20 MB (0.80 GB) budget. Usage: 0.00%
[2022.03.29-02.25.36:847][911]LogShaderCompilers: Display: ================================================
[2022.03.29-02.25.36:854][911]LogShaderCompilers: Display: Shaders left to compile 0
[2022.03.29-02.25.36:880][911]LogModuleManager: Shutting down and abandoning module SequenceRecorderSections (558)
[2022.03.29-02.25.36:880][911]LogModuleManager: Shutting down and abandoning module SequenceRecorder (556)
[2022.03.29-02.25.36:880][911]LogModuleManager: Shutting down and abandoning module AutomationController (554)
[2022.03.29-02.25.36:880][911]LogModuleManager: Shutting down and abandoning module AutomationWorker (552)
[2022.03.29-02.25.36:880][911]LogModuleManager: Shutting down and abandoning module Voice (550)
[2022.03.29-02.25.36:880][911]LogModuleManager: Shutting down and abandoning module AIModule (548)
[2022.03.29-02.25.36:880][911]LogModuleManager: Shutting down and abandoning module GameplayDebugger (547)
[2022.03.29-02.25.36:880][911]LogModuleManager: Shutting down and abandoning module AITestSuite (545)
[2022.03.29-02.25.36:880][911]LogModuleManager: Shutting down and abandoning module NavigationSystem (543)
[2022.03.29-02.25.36:880][911]LogModuleManager: Shutting down and abandoning module SteamVREditor (540)
[2022.03.29-02.25.36:880][911]LogModuleManager: Shutting down and abandoning module ToolMenus (539)
[2022.03.29-02.25.36:880][911]LogModuleManager: Shutting down and abandoning module OculusMR (536)
[2022.03.29-02.25.36:880][911]LogModuleManager: Shutting down and abandoning module TakeRecorderSources (534)
[2022.03.29-02.25.36:880][911]LogModuleManager: Shutting down and abandoning module TakeRecorder (533)
[2022.03.29-02.25.36:880][911]LogModuleManager: Shutting down and abandoning module TakeTrackRecorders (530)
[2022.03.29-02.25.36:880][911]LogModuleManager: Shutting down and abandoning module TakesCore (528)
[2022.03.29-02.25.36:880][911]LogModuleManager: Shutting down and abandoning module OpenXRInput (526)
[2022.03.29-02.25.36:880][911]LogModuleManager: Shutting down and abandoning module WebMMediaFactory (524)
[2022.03.29-02.25.36:880][911]LogModuleManager: Shutting down and abandoning module WebMMedia (522)
[2022.03.29-02.25.36:880][911]LogModuleManager: Shutting down and abandoning module WmfMediaFactory (520)
[2022.03.29-02.25.36:880][911]LogModuleManager: Shutting down and abandoning module OpenExrWrapper (518)
[2022.03.29-02.25.36:880][911]LogModuleManager: Shutting down and abandoning module ImgMediaFactory (516)
[2022.03.29-02.25.36:880][911]LogModuleManager: Shutting down and abandoning module AvfMediaFactory (514)
[2022.03.29-02.25.36:880][911]LogModuleManager: Shutting down and abandoning module MagicLeapMediaCodecFactory (512)
[2022.03.29-02.25.36:880][911]LogModuleManager: Shutting down and abandoning module MagicLeapMediaFactory (510)
[2022.03.29-02.25.36:880][911]LogModuleManager: Shutting down and abandoning module PlanarCut (508)
[2022.03.29-02.25.36:880][911]LogModuleManager: Shutting down and abandoning module CharacterAI (506)
[2022.03.29-02.25.36:880][911]LogModuleManager: Shutting down and abandoning module SessionServices (504)
[2022.03.29-02.25.36:880][911]LogModuleManager: Shutting down and abandoning module MovieSceneCapture (502)
[2022.03.29-02.25.36:880][911]LogModuleManager: Shutting down and abandoning module LiveCoding (500)
[2022.03.29-02.25.36:880][911]LogModuleManager: Shutting down and abandoning module LevelSequence (498)
[2022.03.29-02.25.36:880][911]LogModuleManager: Shutting down and abandoning module MovieSceneTracks (496)
[2022.03.29-02.25.36:881][911]LogModuleManager: Shutting down and abandoning module MovieScene (494)
[2022.03.29-02.25.36:881][911]LogModuleManager: Shutting down and abandoning module StreamingPauseRendering (492)
[2022.03.29-02.25.36:881][911]LogModuleManager: Shutting down and abandoning module PortalServices (490)
[2022.03.29-02.25.36:881][911]LogModuleManager: Shutting down and abandoning module PortalRpc (488)
[2022.03.29-02.25.36:881][911]LogModuleManager: Shutting down and abandoning module MessagingRpc (486)
[2022.03.29-02.25.36:881][911]LogModuleManager: Shutting down and abandoning module AudioMixerXAudio2 (484)
[2022.03.29-02.25.36:881][911]LogModuleManager: Shutting down and abandoning module AudioMixerCore (483)
[2022.03.29-02.25.36:881][911]LogModuleManager: Shutting down and abandoning module ImageWriteQueue (480)
[2022.03.29-02.25.36:885][911]LogModuleManager: Shutting down and abandoning module ProfilerService (478)
[2022.03.29-02.25.37:058][911]LogModuleManager: Shutting down and abandoning module TaskGraph (476)
[2022.03.29-02.25.37:058][911]LogModuleManager: Shutting down and abandoning module OculusInput (474)
[2022.03.29-02.25.37:058][911]LogModuleManager: Shutting down and abandoning module TakeMovieScene (472)
[2022.03.29-02.25.37:058][911]LogModuleManager: Shutting down and abandoning module Synthesis (470)
[2022.03.29-02.25.37:059][911]LogModuleManager: Shutting down and abandoning module ProceduralMeshComponent (468)
[2022.03.29-02.25.37:059][911]LogModuleManager: Shutting down and abandoning module MobilePatchingUtils (466)
[2022.03.29-02.25.37:059][911]LogModuleManager: Shutting down and abandoning module GooglePAD (464)
[2022.03.29-02.25.37:059][911]LogModuleManager: Shutting down and abandoning module EditableMesh (462)
[2022.03.29-02.25.37:059][911]LogModuleManager: Shutting down and abandoning module CableComponent (460)
[2022.03.29-02.25.37:059][911]LogModuleManager: Shutting down and abandoning module CustomMeshComponent (458)
[2022.03.29-02.25.37:059][911]LogModuleManager: Shutting down and abandoning module AssetTags (456)
[2022.03.29-02.25.37:059][911]LogModuleManager: Shutting down and abandoning module AudioCapture (454)
[2022.03.29-02.25.37:059][911]LogModuleManager: Shutting down and abandoning module AudioCaptureRtAudio (453)
[2022.03.29-02.25.37:059][911]LogModuleManager: Shutting down and abandoning module ArchVisCharacter (450)
[2022.03.29-02.25.37:059][911]LogModuleManager: Shutting down and abandoning module AppleImageUtilsBlueprintSupport (448)
[2022.03.29-02.25.37:059][911]LogModuleManager: Shutting down and abandoning module AppleImageUtils (446)
[2022.03.29-02.25.37:059][911]LogModuleManager: Shutting down and abandoning module AndroidPermission (444)
[2022.03.29-02.25.37:059][911]LogModuleManager: Shutting down and abandoning module ActorLayerUtilities (442)
[2022.03.29-02.25.37:059][911]LogModuleManager: Shutting down and abandoning module TemplateSequence (440)
[2022.03.29-02.25.37:059][911]LogModuleManager: Shutting down and abandoning module ImgMedia (438)
[2022.03.29-02.25.37:059][911]LogModuleManager: Shutting down and abandoning module MediaCompositing (436)
[2022.03.29-02.25.37:059][911]LogModuleManager: Shutting down and abandoning module MagicLeapSharedWorld (434)
[2022.03.29-02.25.37:059][911]LogModuleManager: Shutting down and abandoning module MagicLeapLightEstimation (432)
[2022.03.29-02.25.37:059][911]LogModuleManager: Shutting down and abandoning module MagicLeapHelperVulkan (430)
[2022.03.29-02.25.37:059][911]LogModuleManager: Shutting down and abandoning module MagicLeapHelperOpenGL (428)
[2022.03.29-02.25.37:059][911]LogModuleManager: Shutting down and abandoning module MagicLeapAudio (426)
[2022.03.29-02.25.37:059][911]LogModuleManager: Shutting down and abandoning module OpenImageDenoise (424)
[2022.03.29-02.25.37:059][911]LogOpenImageDenoise: OIDN shutting down
[2022.03.29-02.25.37:059][911]LogModuleManager: Shutting down and abandoning module MotoSynth (422)
[2022.03.29-02.25.37:059][911]LogModuleManager: Shutting down and abandoning module MeshConversion (420)
[2022.03.29-02.25.37:059][911]LogModuleManager: Shutting down and abandoning module DynamicMesh (418)
[2022.03.29-02.25.37:059][911]LogModuleManager: Shutting down and abandoning module GeometryAlgorithms (416)
[2022.03.29-02.25.37:059][911]LogModuleManager: Shutting down and abandoning module GeometricObjects (414)
[2022.03.29-02.25.37:059][911]LogModuleManager: Shutting down and abandoning module GeometryCollectionTracks (412)
[2022.03.29-02.25.37:059][911]LogModuleManager: Shutting down and abandoning module GeometryCollectionSequencer (411)
[2022.03.29-02.25.37:059][911]LogModuleManager: Shutting down and abandoning module GeometryCacheTracks (408)
[2022.03.29-02.25.37:059][911]LogModuleManager: Shutting down and abandoning module GeometryCacheSequencer (407)
[2022.03.29-02.25.37:059][911]LogModuleManager: Shutting down and abandoning module GeometryCache (404)
[2022.03.29-02.25.37:059][911]LogModuleManager: Shutting down and abandoning module GeometryCacheEd (403)
[2022.03.29-02.25.37:059][911]LogModuleManager: Shutting down and abandoning module ChaosNiagara (400)
[2022.03.29-02.25.37:059][911]LogModuleManager: Shutting down and abandoning module FieldSystemEngine (399)
[2022.03.29-02.25.37:059][911]LogModuleManager: Shutting down and abandoning module AutomationUtils (396)
[2022.03.29-02.25.37:059][911]LogModuleManager: Shutting down and abandoning module BackChannel (394)
[2022.03.29-02.25.37:059][911]LogModuleManager: Shutting down and abandoning module VisualStudioSourceCodeAccess (392)
[2022.03.29-02.25.37:059][911]LogModuleManager: Shutting down and abandoning module HotReload (391)
[2022.03.29-02.25.37:059][911]LogModuleManager: Shutting down and abandoning module UObjectPlugin (388)
[2022.03.29-02.25.37:059][911]LogModuleManager: Shutting down and abandoning module VisualStudioCodeSourceCodeAccess (386)
[2022.03.29-02.25.37:060][911]LogModuleManager: Shutting down and abandoning module SubversionSourceControl (384)
[2022.03.29-02.25.37:060][911]LogModuleManager: Shutting down and abandoning module PerforceSourceControl (382)
[2022.03.29-02.25.37:060][911]LogModuleManager: Shutting down and abandoning module SourceControl (381)
[2022.03.29-02.25.37:060][911]LogModuleManager: Shutting down and abandoning module OodleNetworkHandlerComponent (378)
[2022.03.29-02.25.37:060][911]LogModuleManager: Shutting down and abandoning module CLionSourceCodeAccess (376)
[2022.03.29-02.25.37:060][911]LogModuleManager: Shutting down and abandoning module LiveLinkSequencer (374)
[2022.03.29-02.25.37:060][911]LogModuleManager: Shutting down and abandoning module LiveLinkMovieScene (372)
[2022.03.29-02.25.37:060][911]LogModuleManager: Shutting down and abandoning module LiveLinkGraphNode (370)
[2022.03.29-02.25.37:060][911]LogModuleManager: Shutting down and abandoning module LiveLinkComponents (368)
[2022.03.29-02.25.37:060][911]LogModuleManager: Shutting down and abandoning module LiveLink (366)
[2022.03.29-02.25.37:752][911]LogModuleManager: Shutting down and abandoning module SoundFields (364)
[2022.03.29-02.25.37:752][911]LogModuleManager: Shutting down and abandoning module RuntimePhysXCooking (362)
[2022.03.29-02.25.37:752][911]LogModuleManager: Shutting down and abandoning module SignificanceManager (360)
[2022.03.29-02.25.37:752][911]LogModuleManager: Shutting down and abandoning module PropertyAccessEditor (358)
[2022.03.29-02.25.37:753][911]LogModuleManager: Shutting down and abandoning module PhysXVehiclesEditor (356)
[2022.03.29-02.25.37:753][911]LogModuleManager: Shutting down and abandoning module LocationServicesBPLibrary (352)
[2022.03.29-02.25.37:753][911]LogModuleManager: Shutting down and abandoning module AudioSynesthesia (350)
[2022.03.29-02.25.37:753][911]LogModuleManager: Shutting down and abandoning module AudioSynesthesiaCore (348)
[2022.03.29-02.25.37:753][911]LogModuleManager: Shutting down and abandoning module ActorSequence (346)
[2022.03.29-02.25.37:753][911]LogModuleManager: Shutting down and abandoning module ImgMediaEngine (344)
[2022.03.29-02.25.37:753][911]LogModuleManager: Shutting down and abandoning module UdpMessaging (342)
[2022.03.29-02.25.37:854][911]LogModuleManager: Shutting down and abandoning module TcpMessaging (340)
[2022.03.29-02.25.37:955][911]LogModuleManager: Shutting down and abandoning module MagicLeapARPin (338)
[2022.03.29-02.25.37:955][911]LogModuleManager: Shutting down and abandoning module MagicLeapHandMeshing (336)
[2022.03.29-02.25.37:955][911]LogModuleManager: Shutting down and abandoning module MagicLeapSecureStorage (334)
[2022.03.29-02.25.37:955][911]LogModuleManager: Shutting down and abandoning module MagicLeapPrivileges (332)
[2022.03.29-02.25.37:955][911]LogModuleManager: Shutting down and abandoning module MagicLeapPlanes (330)
[2022.03.29-02.25.37:955][911]LogMagicLeapPlanes: Planes tracker already destroyed.
[2022.03.29-02.25.37:955][911]LogModuleManager: Shutting down and abandoning module MagicLeapImageTracker (328)
[2022.03.29-02.25.37:955][911]LogModuleManager: Shutting down and abandoning module MagicLeapIdentity (326)
[2022.03.29-02.25.37:955][911]LogModuleManager: Shutting down and abandoning module MagicLeapHandTracking (324)
[2022.03.29-02.25.37:955][911]LogModuleManager: Shutting down and abandoning module MagicLeapEyeTracker (322)
[2022.03.29-02.25.37:955][911]LogModuleManager: Shutting down and abandoning module MagicLeapController (320)
[2022.03.29-02.25.37:955][911]LogModuleManager: Shutting down and abandoning module MagicLeapARPinImpl (318)
[2022.03.29-02.25.37:955][911]LogModuleManager: Shutting down and abandoning module MagicLeapAR (316)
[2022.03.29-02.25.37:955][911]LogModuleManager: Shutting down and abandoning module PythonScriptPlugin (314)
[2022.03.29-02.25.37:955][911]LogModuleManager: Shutting down and abandoning module GameplayTagsEditor (312)
[2022.03.29-02.25.37:955][911]LogModuleManager: Shutting down and abandoning module FacialAnimation (310)
[2022.03.29-02.25.37:955][911]LogModuleManager: Shutting down and abandoning module AssetManagerEditor (308)
[2022.03.29-02.25.37:955][911]LogModuleManager: Shutting down and abandoning module TreeMap (307)
[2022.03.29-02.25.37:955][911]LogModuleManager: Shutting down and abandoning module NiagaraAnimNotifies (304)
[2022.03.29-02.25.37:955][911]LogModuleManager: Shutting down and abandoning module Niagara (302)
[2022.03.29-02.25.37:955][911]LogModuleManager: Shutting down and abandoning module SignalProcessing (301)
[2022.03.29-02.25.37:955][911]LogModuleManager: Shutting down and abandoning module NiagaraEditor (299)
[2022.03.29-02.25.37:955][911]LogModuleManager: Shutting down and abandoning module ContentBrowser (298)
[2022.03.29-02.25.37:955][911]LogModuleManager: Shutting down and abandoning module CollectionManager (297)
[2022.03.29-02.25.37:956][911]LogModuleManager: Shutting down and abandoning module DirectoryWatcher (296)
[2022.03.29-02.25.37:956][911]LogModuleManager: Shutting down and abandoning module ContentBrowserData (293)
[2022.03.29-02.25.37:956][911]LogModuleManager: Shutting down and abandoning module NiagaraCore (288)
[2022.03.29-02.25.37:956][911]LogModuleManager: Shutting down and abandoning module PropertyAccessNode (286)
[2022.03.29-02.25.37:956][911]LogModuleManager: Shutting down and abandoning module AnimationSharing (284)
[2022.03.29-02.25.37:956][911]LogModuleManager: Shutting down and abandoning module LightPropagationVolumeRuntime (282)
[2022.03.29-02.25.37:956][911]LogModuleManager: Shutting down and abandoning module GameplayCameras (280)
[2022.03.29-02.25.37:956][911]LogModuleManager: Shutting down and abandoning module EnvironmentQueryEditor (278)
[2022.03.29-02.25.37:956][911]LogModuleManager: Shutting down and abandoning module Paper2D (276)
[2022.03.29-02.25.37:956][911]LogModuleManager: Shutting down and abandoning module WindowsMoviePlayer (274)
[2022.03.29-02.25.37:957][911]LogModuleManager: Shutting down and abandoning module WebMMoviePlayer (272)
[2022.03.29-02.25.37:957][911]LogModuleManager: Shutting down and abandoning module NetworkReplayStreaming (270)
[2022.03.29-02.25.37:957][911]LogModuleManager: Shutting down and abandoning module PacketHandler (268)
[2022.03.29-02.25.37:957][911]LogModuleManager: Shutting down and abandoning module ClothingSystemEditor (266)
[2022.03.29-02.25.37:957][911]LogModuleManager: Shutting down and abandoning module ClothingSystemRuntimeNv (264)
[2022.03.29-02.25.37:957][911]LogModuleManager: Shutting down and abandoning module MediaAssets (262)
[2022.03.29-02.25.37:957][911]LogModuleManager: Shutting down and abandoning module Overlay (260)
[2022.03.29-02.25.37:957][911]LogModuleManager: Shutting down and abandoning module OverlayEditor (259)
[2022.03.29-02.25.37:957][911]LogModuleManager: Shutting down and abandoning module VREditor (256)
[2022.03.29-02.25.37:957][911]LogModuleManager: Shutting down and abandoning module StringTableEditor (254)
[2022.03.29-02.25.37:957][911]LogModuleManager: Shutting down and abandoning module GameplayTasksEditor (252)
[2022.03.29-02.25.37:957][911]LogModuleManager: Shutting down and abandoning module BehaviorTreeEditor (250)
[2022.03.29-02.25.37:957][911]LogModuleManager: Shutting down and abandoning module FunctionalTesting (248)
[2022.03.29-02.25.37:957][911]LogModuleManager: Shutting down and abandoning module CollisionAnalyzer (246)
[2022.03.29-02.25.37:957][911]LogModuleManager: Shutting down and abandoning module WorkspaceMenuStructure (245)
[2022.03.29-02.25.37:957][911]LogModuleManager: Shutting down and abandoning module UMG (242)
[2022.03.29-02.25.37:957][911]LogModuleManager: Shutting down and abandoning module UMGEditor (241)
[2022.03.29-02.25.37:957][911]LogModuleManager: Shutting down and abandoning module Sequencer (240)
[2022.03.29-02.25.37:957][911]LogModuleManager: Shutting down and abandoning module MessageLog (237)
[2022.03.29-02.25.37:957][911]LogModuleManager: Shutting down and abandoning module SlateReflector (232)
[2022.03.29-02.25.37:957][911]LogModuleManager: Shutting down and abandoning module Slate (230)
[2022.03.29-02.25.37:957][911]LogModuleManager: Shutting down and abandoning module SlateCore (228)
[2022.03.29-02.25.37:958][911]LogModuleManager: Shutting down and abandoning module LandscapeEditorUtilities (226)
[2022.03.29-02.25.37:958][911]LogModuleManager: Shutting down and abandoning module UnrealEd (224)
[2022.03.29-02.25.37:958][911]LogModuleManager: Shutting down and abandoning module MRMesh (222)
[2022.03.29-02.25.37:958][911]LogModuleManager: Shutting down and abandoning module Messaging (220)
[2022.03.29-02.25.37:958][911]LogModuleManager: Shutting down and abandoning module SourceCodeAccess (218)
[2022.03.29-02.25.37:958][911]LogModuleManager: Shutting down and abandoning module HeadMountedDisplay (216)
[2022.03.29-02.25.37:958][911]LogModuleManager: Shutting down and abandoning module XAudio2 (214)
[2022.03.29-02.25.37:958][911]LogModuleManager: Shutting down and abandoning module Networking (212)
[2022.03.29-02.25.37:958][911]LogModuleManager: Shutting down and abandoning module Core (210)
[2022.03.29-02.25.37:958][911]LogModuleManager: Shutting down and abandoning module MaterialEditor (208)
[2022.03.29-02.25.37:958][911]LogModuleManager: Shutting down and abandoning module MovieSceneTools (206)
[2022.03.29-02.25.37:958][911]LogModuleManager: Shutting down and abandoning module EditorStyle (205)
[2022.03.29-02.25.37:959][911]LogModuleManager: Shutting down and abandoning module KismetCompiler (202)
[2022.03.29-02.25.37:959][911]LogModuleManager: Shutting down and abandoning module MeshBuilder (200)
[2022.03.29-02.25.37:959][911]LogModuleManager: Shutting down and abandoning module MeshUtilities (198)
[2022.03.29-02.25.37:959][911]LogModuleManager: Shutting down and abandoning module MeshMergeUtilities (197)
[2022.03.29-02.25.37:959][911]LogModuleManager: Shutting down and abandoning module MeshReductionInterface (196)
[2022.03.29-02.25.37:959][911]LogModuleManager: Shutting down and abandoning module MeshBoneReduction (195)
[2022.03.29-02.25.37:959][911]LogModuleManager: Shutting down and abandoning module SkeletalMeshReduction (193)
[2022.03.29-02.25.37:959][911]LogModuleManager: Shutting down and abandoning module ProxyLODMeshReduction (191)
[2022.03.29-02.25.37:959][911]LogModuleManager: Shutting down and abandoning module QuadricMeshReduction (189)
[2022.03.29-02.25.37:959][911]LogModuleManager: Shutting down and abandoning module MaterialBaking (185)
[2022.03.29-02.25.37:959][911]LogModuleManager: Shutting down and abandoning module NullInstallBundleManager (180)
[2022.03.29-02.25.37:959][911]LogModuleManager: Shutting down and abandoning module PIEPreviewDeviceProfileSelector (178)
[2022.03.29-02.25.37:959][911]LogModuleManager: Shutting down and abandoning module DerivedDataCache (176)
[2022.03.29-02.25.37:959][911]LogModuleManager: Shutting down and abandoning module TargetPlatform (174)
[2022.03.29-02.25.37:959][911]LogModuleManager: Shutting down and abandoning module VulkanShaderFormat (173)
[2022.03.29-02.25.37:960][911]LogModuleManager: Shutting down and abandoning module ShaderFormatVectorVM (171)
[2022.03.29-02.25.37:960][911]LogModuleManager: Shutting down and abandoning module ShaderFormatOpenGL (169)
[2022.03.29-02.25.37:960][911]LogModuleManager: Shutting down and abandoning module ShaderFormatD3D (167)
[2022.03.29-02.25.37:960][911]LogModuleManager: Shutting down and abandoning module MetalShaderFormat (165)
[2022.03.29-02.25.37:960][911]LogModuleManager: Shutting down and abandoning module TextureFormatOodle (163)
[2022.03.29-02.25.37:960][911]LogModuleManager: Shutting down and abandoning module TextureFormatUncompressed (161)
[2022.03.29-02.25.37:960][911]LogModuleManager: Shutting down and abandoning module TextureFormatPVR (159)
[2022.03.29-02.25.37:960][911]LogModuleManager: Shutting down and abandoning module TextureFormatETC2 (157)
[2022.03.29-02.25.37:960][911]LogModuleManager: Shutting down and abandoning module TextureFormatDXT (155)
[2022.03.29-02.25.37:960][911]LogModuleManager: Shutting down and abandoning module TextureFormatIntelISPCTexComp (153)
[2022.03.29-02.25.37:960][911]LogModuleManager: Shutting down and abandoning module TextureFormatASTC (151)
[2022.03.29-02.25.37:960][911]LogModuleManager: Shutting down and abandoning module ImageWrapper (150)
[2022.03.29-02.25.37:960][911]LogModuleManager: Shutting down and abandoning module AudioFormatOpus (147)
[2022.03.29-02.25.37:960][911]LogModuleManager: Shutting down and abandoning module AudioFormatOgg (145)
[2022.03.29-02.25.37:960][911]LogModuleManager: Shutting down and abandoning module AudioFormatADPCM (143)
[2022.03.29-02.25.37:960][911]LogModuleManager: Shutting down and abandoning module WindowsServerTargetPlatform (141)
[2022.03.29-02.25.37:960][911]LogModuleManager: Shutting down and abandoning module WindowsClientTargetPlatform (139)
[2022.03.29-02.25.37:960][911]LogModuleManager: Shutting down and abandoning module WindowsTargetPlatform (137)
[2022.03.29-02.25.37:960][911]LogModuleManager: Shutting down and abandoning module WindowsNoEditorTargetPlatform (135)
[2022.03.29-02.25.37:960][911]LogModuleManager: Shutting down and abandoning module D3D11RHI (132)
[2022.03.29-02.25.37:960][911]LogModuleManager: Shutting down and abandoning module InputCore (130)
[2022.03.29-02.25.37:960][911]LogModuleManager: Shutting down and abandoning module Settings (128)
[2022.03.29-02.25.37:960][911]LogModuleManager: Shutting down and abandoning module PhysXCooking (126)
[2022.03.29-02.25.37:960][911]LogModuleManager: Shutting down and abandoning module Chaos (124)
[2022.03.29-02.25.37:960][911]LogModuleManager: Shutting down and abandoning module WindowsPlatformFeatures (122)
[2022.03.29-02.25.37:960][911]LogModuleManager: Shutting down and abandoning module GameplayMediaEncoder (121)
[2022.03.29-02.25.37:960][911]LogModuleManager: Shutting down and abandoning module AVEncoder (120)
[2022.03.29-02.25.37:960][911]LogModuleManager: Shutting down and abandoning module SteamVRInputDevice (116)
[2022.03.29-02.25.37:960][911]LogModuleManager: Shutting down and abandoning module SteamVRInput (114)
[2022.03.29-02.25.37:960][911]LogModuleManager: Shutting down and abandoning module SteamVR (112)
[2022.03.29-02.25.37:960][911]LogHMD: Freeing OpenVRDLLHandle.
[2022.03.29-02.25.37:960][911]LogModuleManager: Shutting down and abandoning module OculusHMD (110)
[2022.03.29-02.25.37:960][911]LogModuleManager: Shutting down and abandoning module OpenXRAR (108)
[2022.03.29-02.25.37:960][911]LogModuleManager: Shutting down and abandoning module AugmentedReality (107)
[2022.03.29-02.25.37:960][911]LogModuleManager: Shutting down and abandoning module OpenXRHandTracking (104)
[2022.03.29-02.25.37:960][911]LogSlate: Slate User Destroyed.  User Index 0, Is Virtual User: 0
[2022.03.29-02.25.37:961][911]LogModuleManager: Shutting down and abandoning module OpenXRHMD (103)
[2022.03.29-02.25.37:961][911]LogModuleManager: Shutting down and abandoning module OpenXREyeTracker (100)
[2022.03.29-02.25.37:961][911]LogModuleManager: Shutting down and abandoning module ExampleDeviceProfileSelector (98)
[2022.03.29-02.25.37:961][911]LogModuleManager: Shutting down and abandoning module ChunkDownloader (96)
[2022.03.29-02.25.37:961][911]LogModuleManager: Shutting down and abandoning module LauncherChunkInstaller (94)
[2022.03.29-02.25.37:961][911]LogModuleManager: Shutting down and abandoning module OnlineBlueprintSupport (92)
[2022.03.29-02.25.37:961][911]LogModuleManager: Shutting down and abandoning module OnlineSubsystem (88)
[2022.03.29-02.25.37:962][911]LogModuleManager: Shutting down and abandoning module XMPP (83)
[2022.03.29-02.25.37:962][911]LogModuleManager: Shutting down and abandoning module WebSockets (82)
[2022.03.29-02.25.37:978][911]LogModuleManager: Shutting down and abandoning module HTTP (79)
[2022.03.29-02.25.37:978][911]LogHttp: Display: cleaning up 0 outstanding Http requests.
[2022.03.29-02.25.38:003][911]LogModuleManager: Shutting down and abandoning module SSL (78)
[2022.03.29-02.25.38:004][911]LogModuleManager: Shutting down and abandoning module WmfMedia (74)
[2022.03.29-02.25.38:006][911]LogModuleManager: Shutting down and abandoning module Media (73)
[2022.03.29-02.25.38:007][911]LogModuleManager: Shutting down and abandoning module MediaInfo (72)
[2022.03.29-02.25.38:007][911]LogModuleManager: Shutting down and abandoning module ExrReaderGpu (68)
[2022.03.29-02.25.38:007][911]LogModuleManager: Shutting down and abandoning module MLSDK (66)
[2022.03.29-02.25.38:007][911]LogModuleManager: Shutting down and abandoning module MagicLeap (64)
[2022.03.29-02.25.38:007][911]LogModuleManager: Shutting down and abandoning module NiagaraVertexFactories (62)
[2022.03.29-02.25.38:007][911]LogModuleManager: Shutting down and abandoning module NiagaraShader (60)
[2022.03.29-02.25.38:007][911]LogModuleManager: Shutting down and abandoning module VariantManagerContent (58)
[2022.03.29-02.25.38:007][911]LogModuleManager: Shutting down and abandoning module ChaosCloth (56)
[2022.03.29-02.25.38:007][911]LogModuleManager: Shutting down and abandoning module DatasmithContent (54)
[2022.03.29-02.25.38:007][911]LogModuleManager: Shutting down and abandoning module PixWinPlugin (52)
[2022.03.29-02.25.38:007][911]LogModuleManager: Shutting down and abandoning module AISupportModule (50)
[2022.03.29-02.25.38:007][911]LogModuleManager: Shutting down and abandoning module DesktopPlatform (48)
[2022.03.29-02.25.38:007][911]LogModuleManager: Shutting down and abandoning module PlatformCryptoOpenSSL (46)
[2022.03.29-02.25.38:008][911]LogModuleManager: Shutting down and abandoning module PlatformCryptoTypes (44)
[2022.03.29-02.25.38:008][911]LogModuleManager: Shutting down and abandoning module PlatformCrypto (42)
[2022.03.29-02.25.38:008][911]LogModuleManager: Shutting down and abandoning module PythonScriptPluginPreload (40)
[2022.03.29-02.25.38:008][911]LogModuleManager: Shutting down and abandoning module OodleDataCompressionFormat (38)
[2022.03.29-02.25.38:008][911]LogModuleManager: Shutting down and abandoning module XGEController (36)
[2022.03.29-02.25.38:008][911]LogModuleManager: Shutting down and abandoning module AnimationModifiers (34)
[2022.03.29-02.25.38:008][911]LogModuleManager: Shutting down and abandoning module AudioEditor (32)
[2022.03.29-02.25.38:008][911]LogModuleManager: Shutting down and abandoning module PropertyEditor (31)
[2022.03.29-02.25.38:008][911]LogModuleManager: Shutting down and abandoning module TextureCompressor (28)
[2022.03.29-02.25.38:008][911]LogModuleManager: Shutting down and abandoning module RenderCore (26)
[2022.03.29-02.25.38:008][911]LogModuleManager: Shutting down and abandoning module Landscape (24)
[2022.03.29-02.25.38:008][911]LogModuleManager: Shutting down and abandoning module SlateRHIRenderer (22)
[2022.03.29-02.25.38:008][911]LogModuleManager: Shutting down and abandoning module AnimGraphRuntime (20)
[2022.03.29-02.25.38:008][911]LogModuleManager: Shutting down and abandoning module Renderer (18)
[2022.03.29-02.25.38:008][911]LogModuleManager: Shutting down and abandoning module Engine (16)
[2022.03.29-02.25.38:008][911]LogModuleManager: Shutting down and abandoning module CoreUObject (14)
[2022.03.29-02.25.38:009][911]LogModuleManager: Shutting down and abandoning module NetworkFile (12)
[2022.03.29-02.25.38:009][911]LogModuleManager: Shutting down and abandoning module CookedIterativeFile (10)
[2022.03.29-02.25.38:009][911]LogModuleManager: Shutting down and abandoning module StreamingFile (8)
[2022.03.29-02.25.38:009][911]LogModuleManager: Shutting down and abandoning module SandboxFile (6)
[2022.03.29-02.25.38:009][911]LogModuleManager: Shutting down and abandoning module PakFile (4)
[2022.03.29-02.25.38:009][911]LogModuleManager: Shutting down and abandoning module RSA (3)
[2022.03.29-02.25.38:009][911]LogContentStreaming: Display: There are 1 unreleased StreamingManagers
[2022.03.29-02.25.38:025][911]LogD3D11RHI: Shutdown
[2022.03.29-02.25.38:025][911]LogD3D11RHI: CleanupD3DDevice
[2022.03.29-02.25.38:026][911]LogExit: Exiting.
[2022.03.29-02.25.38:060][911]Log file closed, 03/28/22 23:25:38
