Log file open, 03/15/22 19:26:21
LogWindows: Failed to load 'aqProf.dll' (GetLastError=126)
LogWindows: File 'aqProf.dll' does not exist
LogWindows: Failed to load 'VtuneApi.dll' (GetLastError=126)
LogWindows: File 'VtuneApi.dll' does not exist
LogWindows: Failed to load 'VtuneApi32e.dll' (GetLastError=126)
LogWindows: File 'VtuneApi32e.dll' does not exist
LogConsoleResponse: Display: Failed to find resolution value strings in scalability ini. Falling back to default.
LogConsoleResponse: Display: Failed to find resolution value strings in scalability ini. Falling back to default.
LogInit: Display: Running engine for game: SML2U
LogPlatformFile: Not using cached read wrapper
LogTaskGraph: Started task graph with 5 named threads and 47 total threads with 3 sets of task threads.
LogStats: Stats thread started at 6.144856
LogICUInternationalization: ICU TimeZone Detection - Raw Offset: -4:00, Platform Override: ''
LogInit: Display: Loading text-based GConfig....
LogPluginManager: Mounting plugin MeshPainting
LogPluginManager: Mounting plugin XGEController
LogPluginManager: Mounting plugin Paper2D
LogPluginManager: Mounting plugin LightPropagationVolume
LogPluginManager: Mounting plugin LiveLink
LogPluginManager: Mounting plugin AISupport
LogPluginManager: Mounting plugin EnvironmentQueryEditor
LogPluginManager: Mounting plugin CameraShakePreviewer
LogPluginManager: Mounting plugin OodleNetwork
LogPluginManager: Mounting plugin AnimationSharing
LogPluginManager: Mounting plugin CodeLiteSourceCodeAccess
LogPluginManager: Mounting plugin CLionSourceCodeAccess
LogPluginManager: Mounting plugin GameplayCameras
LogPluginManager: Mounting plugin OodleData
LogPluginManager: Mounting plugin DatasmithContent
LogPluginManager: Mounting plugin GitSourceControl
LogPluginManager: Mounting plugin NullSourceCodeAccess
LogPluginManager: Mounting plugin KDevelopSourceCodeAccess
LogPluginManager: Mounting plugin PerforceSourceControl
LogPluginManager: Mounting plugin PixWinPlugin
LogPluginManager: Mounting plugin PlasticSourceControl
LogPluginManager: Mounting plugin PropertyAccessNode
LogPluginManager: Mounting plugin RiderSourceCodeAccess
LogPluginManager: Mounting plugin PluginUtils
LogPluginManager: Mounting plugin SubversionSourceControl
LogPluginManager: Mounting plugin VariantManagerContent
LogPluginManager: Mounting plugin TextureFormatOodle
LogPluginManager: Mounting plugin UObjectPlugin
LogPluginManager: Mounting plugin VisualStudioSourceCodeAccess
LogPluginManager: Mounting plugin XCodeSourceCodeAccess
LogPluginManager: Mounting plugin VisualStudioCodeSourceCodeAccess
LogPluginManager: Mounting plugin AlembicImporter
LogPluginManager: Mounting plugin AutomationUtils
LogPluginManager: Mounting plugin BackChannel
LogPluginManager: Mounting plugin ChaosClothEditor
LogPluginManager: Mounting plugin ChaosCloth
LogPluginManager: Mounting plugin ChaosSolverPlugin
LogPluginManager: Mounting plugin ChaosEditor
LogPluginManager: Mounting plugin CharacterAI
LogPluginManager: Mounting plugin ChaosNiagara
LogPluginManager: Mounting plugin Niagara
LogPluginManager: Mounting plugin GeometryCache
LogPluginManager: Mounting plugin GeometryCollectionPlugin
LogPluginManager: Mounting plugin GeometryProcessing
LogPluginManager: Mounting plugin MotoSynth
LogPluginManager: Mounting plugin OpenImageDenoise
LogPluginManager: Mounting plugin PlatformCrypto
LogPluginManager: Mounting plugin PythonScriptPlugin
LogPluginManager: Mounting plugin ProxyLODPlugin
LogPluginManager: Mounting plugin AssetManagerEditor
LogPluginManager: Mounting plugin PlanarCut
LogPluginManager: Mounting plugin CurveEditorTools
LogPluginManager: Mounting plugin CryptoKeys
LogPluginManager: Mounting plugin DataValidation
LogPluginManager: Mounting plugin FacialAnimation
LogPluginManager: Mounting plugin GameplayTagsEditor
LogPluginManager: Mounting plugin GeometryMode
LogPluginManager: Mounting plugin MacGraphicsSwitching
LogPluginManager: Mounting plugin SkeletalReduction
LogPluginManager: Mounting plugin MaterialAnalyzer
LogPluginManager: Mounting plugin PluginBrowser
LogPluginManager: Mounting plugin MobileLauncherProfileWizard
LogPluginManager: Mounting plugin MagicLeap
LogPluginManager: Mounting plugin SpeedTreeImporter
LogPluginManager: Mounting plugin LuminPlatformFeatures
LogPluginManager: Mounting plugin MagicLeapLightEstimation
LogPluginManager: Mounting plugin MagicLeapMedia
LogPluginManager: Mounting plugin MagicLeapPassableWorld
LogPluginManager: Mounting plugin MLSDK
LogPluginManager: Mounting plugin AndroidMedia
LogPluginManager: Mounting plugin AvfMedia
LogPluginManager: Mounting plugin MediaCompositing
LogPluginManager: Mounting plugin ImgMedia
LogPluginManager: Mounting plugin MediaPlayerEditor
LogPluginManager: Mounting plugin WmfMedia
LogPluginManager: Mounting plugin WebMMedia
LogPluginManager: Mounting plugin ActorSequence
LogPluginManager: Mounting plugin UdpMessaging
LogPluginManager: Mounting plugin TcpMessaging
LogPluginManager: Mounting plugin LevelSequenceEditor
LogPluginManager: Mounting plugin TemplateSequence
LogPluginManager: Mounting plugin MatineeToLevelSequence
LogPluginManager: Mounting plugin LauncherChunkInstaller
LogPluginManager: Mounting plugin OnlineSubsystem
LogPluginManager: Mounting plugin OnlineSubsystemUtils
LogPluginManager: Mounting plugin OnlineSubsystemNull
LogPluginManager: Mounting plugin ScreenshotTools
LogPluginManager: Mounting plugin ActorLayerUtilities
LogPluginManager: Mounting plugin AndroidDeviceProfileSelector
LogPluginManager: Mounting plugin AndroidPermission
LogPluginManager: Mounting plugin AppleMoviePlayer
LogPluginManager: Mounting plugin AndroidMoviePlayer
LogPluginManager: Mounting plugin AppleImageUtils
LogPluginManager: Mounting plugin ArchVisCharacter
LogPluginManager: Mounting plugin AssetTags
LogPluginManager: Mounting plugin AudioSynesthesia
LogPluginManager: Mounting plugin CustomMeshComponent
LogPluginManager: Mounting plugin AudioCapture
LogPluginManager: Mounting plugin CableComponent
LogPluginManager: Mounting plugin ChunkDownloader
LogPluginManager: Mounting plugin ExampleDeviceProfileSelector
LogPluginManager: Mounting plugin EditableMesh
LogPluginManager: Mounting plugin GoogleCloudMessaging
LogPluginManager: Mounting plugin GooglePAD
LogPluginManager: Mounting plugin IOSDeviceProfileSelector
LogPluginManager: Mounting plugin LinuxDeviceProfileSelector
LogPluginManager: Mounting plugin LocationServicesBPLibrary
LogPluginManager: Mounting plugin Takes
LogPluginManager: Mounting plugin MobilePatchingUtils
LogPluginManager: Mounting plugin OpenXRHandTracking
LogPluginManager: Mounting plugin OpenXREyeTracker
LogPluginManager: Mounting plugin OpenXR
LogPluginManager: Mounting plugin PropertyAccessEditor
LogPluginManager: Mounting plugin ProceduralMeshComponent
LogPluginManager: Mounting plugin PostSplashScreen
LogPluginManager: Mounting plugin PhysXVehicles
LogPluginManager: Mounting plugin RuntimePhysXCooking
LogPluginManager: Mounting plugin SoundFields
LogPluginManager: Mounting plugin SignificanceManager
LogPluginManager: Mounting plugin Synthesis
LogPluginManager: Mounting plugin WebMMoviePlayer
LogPluginManager: Mounting plugin WindowsMoviePlayer
LogPluginManager: Mounting plugin ContentBrowserAssetDataSource
LogPluginManager: Mounting plugin ContentBrowserClassDataSource
LogPluginManager: Mounting plugin ContentBrowserFileDataSource
LogPluginManager: Mounting plugin OnlineSubsystemGooglePlay
LogPluginManager: Mounting plugin OnlineSubsystemIOS
LogPluginManager: Mounting plugin OculusVR
LogPluginManager: Mounting plugin SteamVR
PixWinPlugin: PIX capture plugin failed to initialize! Check that the process is launched from PIX.
LogInit: Using libcurl 7.55.1-DEV
LogInit:  - built for x86_64-pc-win32
LogInit:  - supports SSL with OpenSSL/1.1.1
LogInit:  - supports HTTP deflate (compression) using libz 1.2.8
LogInit:  - other features:
LogInit:      CURL_VERSION_SSL
LogInit:      CURL_VERSION_LIBZ
LogInit:      CURL_VERSION_IPV6
LogInit:      CURL_VERSION_ASYNCHDNS
LogInit:      CURL_VERSION_LARGEFILE
LogInit:      CURL_VERSION_IDN
LogInit:  CurlRequestOptions (configurable via config and command line):
LogInit:  - bVerifyPeer = true  - Libcurl will verify peer certificate
LogInit:  - bUseHttpProxy = false  - Libcurl will NOT use HTTP proxy
LogInit:  - bDontReuseConnections = false  - Libcurl will reuse connections
LogInit:  - MaxHostConnections = 16  - Libcurl will limit the number of connections to a host
LogInit:  - LocalHostAddr = Default
LogInit:  - BufferSize = 65536
LogOnline: OSS: Creating online subsystem instance for: NULL
LogInit: WinSock: version 1.1 (2.2), MaxSocks=32767, MaxUdp=65467
LogOnline: OSS: TryLoadSubsystemAndSetDefault: Loaded subsystem for module [NULL]
LogOculusPluginWrapper: OculusPlugin initialized successfully
LogHMD: Failed initializing OVRPlugin 1.59.0
LogInit: Build: ++UE4+Release-4.27-CL-18319896
LogInit: Engine Version: 4.27.2-18319896+++UE4+Release-4.27
LogInit: Compatible Engine Version: 4.27.0-17155196+++UE4+Release-4.27
LogInit: Net CL: 17155196
LogInit: OS: Windows 10 (Release 2009) (), CPU: AMD Ryzen 7 2700X Eight-Core Processor         , GPU: NVIDIA GeForce GTX 1070 Ti
LogInit: Compiled (64-bit): Nov 30 2021 07:12:08
LogInit: Compiled with Visual C++: 19.24.28315.00
LogInit: Build Configuration: Development
LogInit: Branch Name: ++UE4+Release-4.27
LogInit: Command Line:  -game
LogInit: Base Directory: C:/Program Files/Epic Games/UE_4.27/Engine/Binaries/Win64/
LogInit: Allocator: TBB
LogInit: Installed Engine Build: 1
LogDevObjectVersion: Number of dev versions registered: 29
LogDevObjectVersion:   Dev-Blueprints (B0D832E4-1F89-4F0D-ACCF-7EB736FD4AA2): 10
LogDevObjectVersion:   Dev-Build (E1C64328-A22C-4D53-A36C-8E866417BD8C): 0
LogDevObjectVersion:   Dev-Core (375EC13C-06E4-48FB-B500-84F0262A717E): 4
LogDevObjectVersion:   Dev-Editor (E4B068ED-F494-42E9-A231-DA0B2E46BB41): 40
LogDevObjectVersion:   Dev-Framework (CFFC743F-43B0-4480-9391-14DF171D2073): 37
LogDevObjectVersion:   Dev-Mobile (B02B49B5-BB20-44E9-A304-32B752E40360): 3
LogDevObjectVersion:   Dev-Networking (A4E4105C-59A1-49B5-A7C5-40C4547EDFEE): 0
LogDevObjectVersion:   Dev-Online (39C831C9-5AE6-47DC-9A44-9C173E1C8E7C): 0
LogDevObjectVersion:   Dev-Physics (78F01B33-EBEA-4F98-B9B4-84EACCB95AA2): 14
LogDevObjectVersion:   Dev-Platform (6631380F-2D4D-43E0-8009-CF276956A95A): 0
LogDevObjectVersion:   Dev-Rendering (12F88B9F-8875-4AFC-A67C-D90C383ABD29): 45
LogDevObjectVersion:   Dev-Sequencer (7B5AE74C-D270-4C10-A958-57980B212A5A): 13
LogDevObjectVersion:   Dev-VR (D7296918-1DD6-4BDD-9DE2-64A83CC13884): 3
LogDevObjectVersion:   Dev-LoadTimes (C2A15278-BFE7-4AFE-6C17-90FF531DF755): 1
LogDevObjectVersion:   Private-Geometry (6EACA3D4-40EC-4CC1-B786-8BED09428FC5): 3
LogDevObjectVersion:   Dev-AnimPhys (29E575DD-E0A3-4627-9D10-D276232CDCEA): 17
LogDevObjectVersion:   Dev-Anim (AF43A65D-7FD3-4947-9873-3E8ED9C1BB05): 15
LogDevObjectVersion:   Dev-ReflectionCapture (6B266CEC-1EC7-4B8F-A30B-E4D90942FC07): 1
LogDevObjectVersion:   Dev-Automation (0DF73D61-A23F-47EA-B727-89E90C41499A): 1
LogDevObjectVersion:   FortniteMain (601D1886-AC64-4F84-AA16-D3DE0DEAC7D6): 47
LogDevObjectVersion:   FortniteRelease (E7086368-6B23-4C58-8439-1B7016265E91): 1
LogDevObjectVersion:   Dev-Enterprise (9DFFBCD6-494F-0158-E221-12823C92A888): 10
LogDevObjectVersion:   Dev-Niagara (F2AED0AC-9AFE-416F-8664-AA7FFA26D6FC): 1
LogDevObjectVersion:   Dev-Destruction (174F1F0B-B4C6-45A5-B13F-2EE8D0FB917D): 10
LogDevObjectVersion:   Dev-Physics-Ext (35F94A83-E258-406C-A318-09F59610247C): 41
LogDevObjectVersion:   Dev-PhysicsMaterial-Chaos (B68FC16E-8B1B-42E2-B453-215C058844FE): 1
LogDevObjectVersion:   Dev-CineCamera (B2E18506-4273-CFC2-A54E-F4BB758BBA07): 1
LogDevObjectVersion:   Dev-VirtualProduction (64F58936-FD1B-42BA-BA96-7289D5D0FA4E): 1
LogDevObjectVersion:   Dev-MediaFramework (6F0ED827-A609-4895-9C91-998D90180EA4): 2
LogInit: Presizing for max 25165824 objects, including 0 objects not considered by GC, pre-allocating 0 bytes for permanent pool.
LogConfig: Applying CVar settings from Section [/Script/Engine.StreamingSettings] File [C:/Users/Ethan Schaller/Documents/Unreal Projects/SML2U/Saved/Config/Windows/Engine.ini]
LogConfig: Setting CVar [[s.MinBulkDataSizeForAsyncLoading:131072]]
LogConfig: Setting CVar [[s.AsyncLoadingThreadEnabled:0]]
LogConfig: Setting CVar [[s.EventDrivenLoaderEnabled:1]]
LogConfig: Setting CVar [[s.WarnIfTimeLimitExceeded:0]]
LogConfig: Setting CVar [[s.TimeLimitExceededMultiplier:1.5]]
LogConfig: Setting CVar [[s.TimeLimitExceededMinTime:0.005]]
LogConfig: Setting CVar [[s.UseBackgroundLevelStreaming:1]]
LogConfig: Setting CVar [[s.PriorityAsyncLoadingExtraTime:15.0]]
LogConfig: Setting CVar [[s.LevelStreamingActorsUpdateTimeLimit:5.0]]
LogConfig: Setting CVar [[s.PriorityLevelStreamingActorsUpdateExtraTime:5.0]]
LogConfig: Setting CVar [[s.LevelStreamingComponentsRegistrationGranularity:10]]
LogConfig: Setting CVar [[s.UnregisterComponentsTimeLimit:1.0]]
LogConfig: Setting CVar [[s.LevelStreamingComponentsUnregistrationGranularity:5]]
LogConfig: Setting CVar [[s.FlushStreamingOnExit:1]]
LogInit: Object subsystem initialized
LogConfig: Setting CVar [[con.DebugEarlyDefault:1]]
LogConfig: Setting CVar [[r.setres:1280x720]]
[2022.03.15-22.26.45:564][  0]LogConfig: Setting CVar [[con.DebugEarlyDefault:1]]
[2022.03.15-22.26.45:564][  0]LogConfig: Setting CVar [[r.setres:1280x720]]
[2022.03.15-22.26.45:564][  0]LogConfig: Applying CVar settings from Section [/Script/Engine.RendererSettings] File [C:/Users/Ethan Schaller/Documents/Unreal Projects/SML2U/Saved/Config/Windows/Engine.ini]
[2022.03.15-22.26.45:564][  0]LogConfig: Setting CVar [[r.GPUCrashDebugging:0]]
[2022.03.15-22.26.45:564][  0]LogConfig: Setting CVar [[r.MobileHDR:0]]
[2022.03.15-22.26.45:564][  0]LogConfig: Applying CVar settings from Section [/Script/Engine.RendererOverrideSettings] File [C:/Users/Ethan Schaller/Documents/Unreal Projects/SML2U/Saved/Config/Windows/Engine.ini]
[2022.03.15-22.26.45:564][  0]LogConfig: Applying CVar settings from Section [/Script/Engine.StreamingSettings] File [C:/Users/Ethan Schaller/Documents/Unreal Projects/SML2U/Saved/Config/Windows/Engine.ini]
[2022.03.15-22.26.45:564][  0]LogConfig: Setting CVar [[s.MinBulkDataSizeForAsyncLoading:131072]]
[2022.03.15-22.26.45:565][  0]LogConfig: Setting CVar [[s.AsyncLoadingThreadEnabled:0]]
[2022.03.15-22.26.45:565][  0]LogConfig: Setting CVar [[s.EventDrivenLoaderEnabled:1]]
[2022.03.15-22.26.45:565][  0]LogConfig: Setting CVar [[s.WarnIfTimeLimitExceeded:0]]
[2022.03.15-22.26.45:565][  0]LogConfig: Setting CVar [[s.TimeLimitExceededMultiplier:1.5]]
[2022.03.15-22.26.45:565][  0]LogConfig: Setting CVar [[s.TimeLimitExceededMinTime:0.005]]
[2022.03.15-22.26.45:565][  0]LogConfig: Setting CVar [[s.UseBackgroundLevelStreaming:1]]
[2022.03.15-22.26.45:565][  0]LogConfig: Setting CVar [[s.PriorityAsyncLoadingExtraTime:15.0]]
[2022.03.15-22.26.45:565][  0]LogConfig: Setting CVar [[s.LevelStreamingActorsUpdateTimeLimit:5.0]]
[2022.03.15-22.26.45:565][  0]LogConfig: Setting CVar [[s.PriorityLevelStreamingActorsUpdateExtraTime:5.0]]
[2022.03.15-22.26.45:565][  0]LogConfig: Setting CVar [[s.LevelStreamingComponentsRegistrationGranularity:10]]
[2022.03.15-22.26.45:565][  0]LogConfig: Setting CVar [[s.UnregisterComponentsTimeLimit:1.0]]
[2022.03.15-22.26.45:565][  0]LogConfig: Setting CVar [[s.LevelStreamingComponentsUnregistrationGranularity:5]]
[2022.03.15-22.26.45:565][  0]LogConfig: Setting CVar [[s.FlushStreamingOnExit:1]]
[2022.03.15-22.26.45:565][  0]LogConfig: Applying CVar settings from Section [/Script/Engine.GarbageCollectionSettings] File [C:/Users/Ethan Schaller/Documents/Unreal Projects/SML2U/Saved/Config/Windows/Engine.ini]
[2022.03.15-22.26.45:565][  0]LogConfig: Setting CVar [[gc.MaxObjectsNotConsideredByGC:1]]
[2022.03.15-22.26.45:565][  0]LogConfig: Setting CVar [[gc.SizeOfPermanentObjectPool:0]]
[2022.03.15-22.26.45:565][  0]LogConfig: Setting CVar [[gc.FlushStreamingOnGC:0]]
[2022.03.15-22.26.45:565][  0]LogConfig: Setting CVar [[gc.NumRetriesBeforeForcingGC:10]]
[2022.03.15-22.26.45:565][  0]LogConfig: Setting CVar [[gc.AllowParallelGC:1]]
[2022.03.15-22.26.45:565][  0]LogConfig: Setting CVar [[gc.TimeBetweenPurgingPendingKillObjects:61.1]]
[2022.03.15-22.26.45:565][  0]LogConfig: Setting CVar [[gc.MaxObjectsInEditor:25165824]]
[2022.03.15-22.26.45:565][  0]LogConfig: Setting CVar [[gc.IncrementalBeginDestroyEnabled:1]]
[2022.03.15-22.26.45:565][  0]LogConfig: Setting CVar [[gc.CreateGCClusters:1]]
[2022.03.15-22.26.45:565][  0]LogConfig: Setting CVar [[gc.MinGCClusterSize:5]]
[2022.03.15-22.26.45:565][  0]LogConfig: Setting CVar [[gc.ActorClusteringEnabled:0]]
[2022.03.15-22.26.45:565][  0]LogConfig: Setting CVar [[gc.BlueprintClusteringEnabled:0]]
[2022.03.15-22.26.45:565][  0]LogConfig: Setting CVar [[gc.UseDisregardForGCOnDedicatedServers:0]]
[2022.03.15-22.26.45:565][  0]LogConfig: Setting CVar [[gc.MultithreadedDestructionEnabled:1]]
[2022.03.15-22.26.45:565][  0]LogConfig: Applying CVar settings from Section [/Script/Engine.NetworkSettings] File [C:/Users/Ethan Schaller/Documents/Unreal Projects/SML2U/Saved/Config/Windows/Engine.ini]
[2022.03.15-22.26.45:565][  0]LogConfig: Applying CVar settings from Section [/Script/UnrealEd.CookerSettings] File [C:/Users/Ethan Schaller/Documents/Unreal Projects/SML2U/Saved/Config/Windows/Engine.ini]
[2022.03.15-22.26.45:641][  0]LogConfig: Applying CVar settings from Section [ViewDistanceQuality@3] File [C:/Users/Ethan Schaller/Documents/Unreal Projects/SML2U/Saved/Config/Windows/Scalability.ini]
[2022.03.15-22.26.45:641][  0]LogConfig: Setting CVar [[r.SkeletalMeshLODBias:0]]
[2022.03.15-22.26.45:641][  0]LogConfig: Setting CVar [[r.ViewDistanceScale:1.0]]
[2022.03.15-22.26.45:641][  0]LogConfig: Applying CVar settings from Section [AntiAliasingQuality@3] File [C:/Users/Ethan Schaller/Documents/Unreal Projects/SML2U/Saved/Config/Windows/Scalability.ini]
[2022.03.15-22.26.45:641][  0]LogConfig: Setting CVar [[r.PostProcessAAQuality:4]]
[2022.03.15-22.26.45:641][  0]LogConfig: Applying CVar settings from Section [ShadowQuality@3] File [C:/Users/Ethan Schaller/Documents/Unreal Projects/SML2U/Saved/Config/Windows/Scalability.ini]
[2022.03.15-22.26.45:642][  0]LogConfig: Setting CVar [[r.LightFunctionQuality:1]]
[2022.03.15-22.26.45:642][  0]LogConfig: Setting CVar [[r.ShadowQuality:5]]
[2022.03.15-22.26.45:642][  0]LogConfig: Setting CVar [[r.Shadow.CSM.MaxCascades:10]]
[2022.03.15-22.26.45:642][  0]LogConfig: Setting CVar [[r.Shadow.MaxResolution:2048]]
[2022.03.15-22.26.45:642][  0]LogConfig: Setting CVar [[r.Shadow.MaxCSMResolution:2048]]
[2022.03.15-22.26.45:642][  0]LogConfig: Setting CVar [[r.Shadow.RadiusThreshold:0.01]]
[2022.03.15-22.26.45:642][  0]LogConfig: Setting CVar [[r.Shadow.DistanceScale:1.0]]
[2022.03.15-22.26.45:642][  0]LogConfig: Setting CVar [[r.Shadow.CSM.TransitionScale:1.0]]
[2022.03.15-22.26.45:642][  0]LogConfig: Setting CVar [[r.Shadow.PreShadowResolutionFactor:1.0]]
[2022.03.15-22.26.45:642][  0]LogConfig: Setting CVar [[r.DistanceFieldShadowing:1]]
[2022.03.15-22.26.45:642][  0]LogConfig: Setting CVar [[r.DistanceFieldAO:1]]
[2022.03.15-22.26.45:642][  0]LogConfig: Setting CVar [[r.AOQuality:2]]
[2022.03.15-22.26.45:642][  0]LogConfig: Setting CVar [[r.VolumetricFog:1]]
[2022.03.15-22.26.45:642][  0]LogConfig: Setting CVar [[r.VolumetricFog.GridPixelSize:8]]
[2022.03.15-22.26.45:642][  0]LogConfig: Setting CVar [[r.VolumetricFog.GridSizeZ:128]]
[2022.03.15-22.26.45:642][  0]LogConfig: Setting CVar [[r.VolumetricFog.HistoryMissSupersampleCount:4]]
[2022.03.15-22.26.45:642][  0]LogConfig: Setting CVar [[r.LightMaxDrawDistanceScale:1]]
[2022.03.15-22.26.45:642][  0]LogConfig: Setting CVar [[r.CapsuleShadows:1]]
[2022.03.15-22.26.45:642][  0]LogConfig: Applying CVar settings from Section [PostProcessQuality@3] File [C:/Users/Ethan Schaller/Documents/Unreal Projects/SML2U/Saved/Config/Windows/Scalability.ini]
[2022.03.15-22.26.45:642][  0]LogConfig: Setting CVar [[r.MotionBlurQuality:4]]
[2022.03.15-22.26.45:642][  0]LogConfig: Setting CVar [[r.AmbientOcclusionMipLevelFactor:0.4]]
[2022.03.15-22.26.45:642][  0]LogConfig: Setting CVar [[r.AmbientOcclusionMaxQuality:100]]
[2022.03.15-22.26.45:642][  0]LogConfig: Setting CVar [[r.AmbientOcclusionLevels:-1]]
[2022.03.15-22.26.45:642][  0]LogConfig: Setting CVar [[r.AmbientOcclusionRadiusScale:1.0]]
[2022.03.15-22.26.45:642][  0]LogConfig: Setting CVar [[r.DepthOfFieldQuality:2]]
[2022.03.15-22.26.45:642][  0]LogConfig: Setting CVar [[r.RenderTargetPoolMin:400]]
[2022.03.15-22.26.45:642][  0]LogConfig: Setting CVar [[r.LensFlareQuality:2]]
[2022.03.15-22.26.45:642][  0]LogConfig: Setting CVar [[r.SceneColorFringeQuality:1]]
[2022.03.15-22.26.45:642][  0]LogConfig: Setting CVar [[r.EyeAdaptationQuality:2]]
[2022.03.15-22.26.45:642][  0]LogConfig: Setting CVar [[r.BloomQuality:5]]
[2022.03.15-22.26.45:642][  0]LogConfig: Setting CVar [[r.FastBlurThreshold:100]]
[2022.03.15-22.26.45:642][  0]LogConfig: Setting CVar [[r.Upscale.Quality:3]]
[2022.03.15-22.26.45:642][  0]LogConfig: Setting CVar [[r.Tonemapper.GrainQuantization:1]]
[2022.03.15-22.26.45:642][  0]LogConfig: Setting CVar [[r.LightShaftQuality:1]]
[2022.03.15-22.26.45:642][  0]LogConfig: Setting CVar [[r.Filter.SizeScale:1]]
[2022.03.15-22.26.45:642][  0]LogConfig: Setting CVar [[r.Tonemapper.Quality:5]]
[2022.03.15-22.26.45:642][  0]LogConfig: Setting CVar [[r.DOF.Gather.AccumulatorQuality:1        ; higher gathering accumulator quality]]
[2022.03.15-22.26.45:642][  0]LogConfig: Setting CVar [[r.DOF.Gather.PostfilterMethod:1          ; Median3x3 postfilering method]]
[2022.03.15-22.26.45:642][  0]LogConfig: Setting CVar [[r.DOF.Gather.EnableBokehSettings:0       ; no bokeh simulation when gathering]]
[2022.03.15-22.26.45:642][  0]LogConfig: Setting CVar [[r.DOF.Gather.RingCount:4                 ; medium number of samples when gathering]]
[2022.03.15-22.26.45:642][  0]LogConfig: Setting CVar [[r.DOF.Scatter.ForegroundCompositing:1    ; additive foreground scattering]]
[2022.03.15-22.26.45:642][  0]LogConfig: Setting CVar [[r.DOF.Scatter.BackgroundCompositing:2    ; additive background scattering]]
[2022.03.15-22.26.45:642][  0]LogConfig: Setting CVar [[r.DOF.Scatter.EnableBokehSettings:1      ; bokeh simulation when scattering]]
[2022.03.15-22.26.45:642][  0]LogConfig: Setting CVar [[r.DOF.Scatter.MaxSpriteRatio:0.1         ; only a maximum of 10% of scattered bokeh]]
[2022.03.15-22.26.45:642][  0]LogConfig: Setting CVar [[r.DOF.Recombine.Quality:1                ; cheap slight out of focus]]
[2022.03.15-22.26.45:642][  0]LogConfig: Setting CVar [[r.DOF.Recombine.EnableBokehSettings:0    ; no bokeh simulation on slight out of focus]]
[2022.03.15-22.26.45:642][  0]LogConfig: Setting CVar [[r.DOF.TemporalAAQuality:1                ; more stable temporal accumulation]]
[2022.03.15-22.26.45:642][  0]LogConfig: Setting CVar [[r.DOF.Kernel.MaxForegroundRadius:0.025]]
[2022.03.15-22.26.45:642][  0]LogConfig: Setting CVar [[r.DOF.Kernel.MaxBackgroundRadius:0.025]]
[2022.03.15-22.26.45:642][  0]LogConfig: Applying CVar settings from Section [TextureQuality@3] File [C:/Users/Ethan Schaller/Documents/Unreal Projects/SML2U/Saved/Config/Windows/Scalability.ini]
[2022.03.15-22.26.45:642][  0]LogConfig: Setting CVar [[r.Streaming.MipBias:0]]
[2022.03.15-22.26.45:642][  0]LogConfig: Setting CVar [[r.Streaming.AmortizeCPUToGPUCopy:0]]
[2022.03.15-22.26.45:642][  0]LogConfig: Setting CVar [[r.Streaming.MaxNumTexturesToStreamPerFrame:0]]
[2022.03.15-22.26.45:642][  0]LogConfig: Setting CVar [[r.Streaming.Boost:1]]
[2022.03.15-22.26.45:642][  0]LogConfig: Setting CVar [[r.MaxAnisotropy:8]]
[2022.03.15-22.26.45:642][  0]LogConfig: Setting CVar [[r.VT.MaxAnisotropy:8]]
[2022.03.15-22.26.45:642][  0]LogConfig: Setting CVar [[r.Streaming.LimitPoolSizeToVRAM:0]]
[2022.03.15-22.26.45:642][  0]LogConfig: Setting CVar [[r.Streaming.PoolSize:1000]]
[2022.03.15-22.26.45:642][  0]LogConfig: Setting CVar [[r.Streaming.MaxEffectiveScreenSize:0]]
[2022.03.15-22.26.45:642][  0]LogConfig: Applying CVar settings from Section [EffectsQuality@3] File [C:/Users/Ethan Schaller/Documents/Unreal Projects/SML2U/Saved/Config/Windows/Scalability.ini]
[2022.03.15-22.26.45:642][  0]LogConfig: Setting CVar [[r.TranslucencyLightingVolumeDim:64]]
[2022.03.15-22.26.45:642][  0]LogConfig: Setting CVar [[r.RefractionQuality:2]]
[2022.03.15-22.26.45:643][  0]LogConfig: Setting CVar [[r.SSR.Quality:3]]
[2022.03.15-22.26.45:643][  0]LogConfig: Setting CVar [[r.SSR.HalfResSceneColor:0]]
[2022.03.15-22.26.45:643][  0]LogConfig: Setting CVar [[r.SceneColorFormat:4]]
[2022.03.15-22.26.45:643][  0]LogConfig: Setting CVar [[r.DetailMode:2]]
[2022.03.15-22.26.45:643][  0]LogConfig: Setting CVar [[r.TranslucencyVolumeBlur:1]]
[2022.03.15-22.26.45:643][  0]LogConfig: Setting CVar [[r.MaterialQualityLevel:1 ; High quality]]
[2022.03.15-22.26.45:643][  0]LogConfig: Setting CVar [[r.AnisotropicMaterials:1]]
[2022.03.15-22.26.45:643][  0]LogConfig: Setting CVar [[r.SSS.Scale:1]]
[2022.03.15-22.26.45:643][  0]LogConfig: Setting CVar [[r.SSS.SampleSet:2]]
[2022.03.15-22.26.45:643][  0]LogConfig: Setting CVar [[r.SSS.Quality:1]]
[2022.03.15-22.26.45:643][  0]LogConfig: Setting CVar [[r.SSS.HalfRes:0]]
[2022.03.15-22.26.45:643][  0]LogConfig: Setting CVar [[r.SSGI.Quality:3]]
[2022.03.15-22.26.45:643][  0]LogConfig: Setting CVar [[r.EmitterSpawnRateScale:1.0]]
[2022.03.15-22.26.45:643][  0]LogConfig: Setting CVar [[r.ParticleLightQuality:2]]
[2022.03.15-22.26.45:643][  0]LogConfig: Setting CVar [[r.SkyAtmosphere.AerialPerspectiveLUT.FastApplyOnOpaque:1 ; Always have FastSkyLUT 1 in this case to avoid wrong sky]]
[2022.03.15-22.26.45:643][  0]LogConfig: Setting CVar [[r.SkyAtmosphere.AerialPerspectiveLUT.SampleCountMaxPerSlice:4]]
[2022.03.15-22.26.45:643][  0]LogConfig: Setting CVar [[r.SkyAtmosphere.AerialPerspectiveLUT.DepthResolution:16.0]]
[2022.03.15-22.26.45:643][  0]LogConfig: Setting CVar [[r.SkyAtmosphere.FastSkyLUT:1]]
[2022.03.15-22.26.45:643][  0]LogConfig: Setting CVar [[r.SkyAtmosphere.FastSkyLUT.SampleCountMin:4.0]]
[2022.03.15-22.26.45:643][  0]LogConfig: Setting CVar [[r.SkyAtmosphere.FastSkyLUT.SampleCountMax:128.0]]
[2022.03.15-22.26.45:643][  0]LogConfig: Setting CVar [[r.SkyAtmosphere.SampleCountMin:4.0]]
[2022.03.15-22.26.45:643][  0]LogConfig: Setting CVar [[r.SkyAtmosphere.SampleCountMax:128.0]]
[2022.03.15-22.26.45:643][  0]LogConfig: Setting CVar [[r.SkyAtmosphere.TransmittanceLUT.UseSmallFormat:0]]
[2022.03.15-22.26.45:643][  0]LogConfig: Setting CVar [[r.SkyAtmosphere.TransmittanceLUT.SampleCount:10.0]]
[2022.03.15-22.26.45:643][  0]LogConfig: Setting CVar [[r.SkyAtmosphere.MultiScatteringLUT.SampleCount:15.0]]
[2022.03.15-22.26.45:643][  0]LogConfig: Setting CVar [[r.SkyLight.RealTimeReflectionCapture:1]]
[2022.03.15-22.26.45:643][  0]LogConfig: Applying CVar settings from Section [FoliageQuality@3] File [C:/Users/Ethan Schaller/Documents/Unreal Projects/SML2U/Saved/Config/Windows/Scalability.ini]
[2022.03.15-22.26.45:643][  0]LogConfig: Setting CVar [[foliage.DensityScale:1.0]]
[2022.03.15-22.26.45:643][  0]LogConfig: Setting CVar [[grass.DensityScale:1.0]]
[2022.03.15-22.26.45:643][  0]LogConfig: Applying CVar settings from Section [ShadingQuality@3] File [C:/Users/Ethan Schaller/Documents/Unreal Projects/SML2U/Saved/Config/Windows/Scalability.ini]
[2022.03.15-22.26.45:643][  0]LogConfig: Setting CVar [[r.HairStrands.SkyLighting.IntegrationType:2]]
[2022.03.15-22.26.45:643][  0]LogConfig: Setting CVar [[r.HairStrands.SkyAO.SampleCount:4]]
[2022.03.15-22.26.45:643][  0]LogConfig: Setting CVar [[r.HairStrands.Visibility.MSAA.SamplePerPixel:4]]
[2022.03.15-22.26.45:658][  0]LogInit: Selected Device Profile: [Windows]
[2022.03.15-22.26.45:658][  0]LogInit: Applying CVar settings loaded from the selected device profile: [Windows]
[2022.03.15-22.26.45:667][  0]LogHAL: Display: Platform has ~ 16 GB [17102929920 / 17179869184 / 16], which maps to Larger [LargestMinGB=32, LargerMinGB=12, DefaultMinGB=8, SmallerMinGB=6, SmallestMinGB=0)
[2022.03.15-22.26.45:667][  0]LogInit: Going up to parent DeviceProfile []
[2022.03.15-22.26.45:667][  0]LogConfig: Applying CVar settings from Section [ViewDistanceQuality@3] File [C:/Users/Ethan Schaller/Documents/Unreal Projects/SML2U/Saved/Config/Windows/Scalability.ini]
[2022.03.15-22.26.45:667][  0]LogConfig: Setting CVar [[r.SkeletalMeshLODBias:0]]
[2022.03.15-22.26.45:667][  0]LogConfig: Setting CVar [[r.ViewDistanceScale:1.0]]
[2022.03.15-22.26.45:667][  0]LogConfig: Applying CVar settings from Section [AntiAliasingQuality@3] File [C:/Users/Ethan Schaller/Documents/Unreal Projects/SML2U/Saved/Config/Windows/Scalability.ini]
[2022.03.15-22.26.45:667][  0]LogConfig: Setting CVar [[r.PostProcessAAQuality:4]]
[2022.03.15-22.26.45:667][  0]LogConfig: Applying CVar settings from Section [ShadowQuality@3] File [C:/Users/Ethan Schaller/Documents/Unreal Projects/SML2U/Saved/Config/Windows/Scalability.ini]
[2022.03.15-22.26.45:668][  0]LogConfig: Setting CVar [[r.LightFunctionQuality:1]]
[2022.03.15-22.26.45:668][  0]LogConfig: Setting CVar [[r.ShadowQuality:5]]
[2022.03.15-22.26.45:668][  0]LogConfig: Setting CVar [[r.Shadow.CSM.MaxCascades:10]]
[2022.03.15-22.26.45:668][  0]LogConfig: Setting CVar [[r.Shadow.MaxResolution:2048]]
[2022.03.15-22.26.45:668][  0]LogConfig: Setting CVar [[r.Shadow.MaxCSMResolution:2048]]
[2022.03.15-22.26.45:668][  0]LogConfig: Setting CVar [[r.Shadow.RadiusThreshold:0.01]]
[2022.03.15-22.26.45:668][  0]LogConfig: Setting CVar [[r.Shadow.DistanceScale:1.0]]
[2022.03.15-22.26.45:668][  0]LogConfig: Setting CVar [[r.Shadow.CSM.TransitionScale:1.0]]
[2022.03.15-22.26.45:668][  0]LogConfig: Setting CVar [[r.Shadow.PreShadowResolutionFactor:1.0]]
[2022.03.15-22.26.45:668][  0]LogConfig: Setting CVar [[r.DistanceFieldShadowing:1]]
[2022.03.15-22.26.45:668][  0]LogConfig: Setting CVar [[r.DistanceFieldAO:1]]
[2022.03.15-22.26.45:668][  0]LogConfig: Setting CVar [[r.AOQuality:2]]
[2022.03.15-22.26.45:668][  0]LogConfig: Setting CVar [[r.VolumetricFog:1]]
[2022.03.15-22.26.45:668][  0]LogConfig: Setting CVar [[r.VolumetricFog.GridPixelSize:8]]
[2022.03.15-22.26.45:668][  0]LogConfig: Setting CVar [[r.VolumetricFog.GridSizeZ:128]]
[2022.03.15-22.26.45:668][  0]LogConfig: Setting CVar [[r.VolumetricFog.HistoryMissSupersampleCount:4]]
[2022.03.15-22.26.45:668][  0]LogConfig: Setting CVar [[r.LightMaxDrawDistanceScale:1]]
[2022.03.15-22.26.45:668][  0]LogConfig: Setting CVar [[r.CapsuleShadows:1]]
[2022.03.15-22.26.45:668][  0]LogConfig: Applying CVar settings from Section [PostProcessQuality@3] File [C:/Users/Ethan Schaller/Documents/Unreal Projects/SML2U/Saved/Config/Windows/Scalability.ini]
[2022.03.15-22.26.45:668][  0]LogConfig: Setting CVar [[r.MotionBlurQuality:4]]
[2022.03.15-22.26.45:668][  0]LogConfig: Setting CVar [[r.AmbientOcclusionMipLevelFactor:0.4]]
[2022.03.15-22.26.45:668][  0]LogConfig: Setting CVar [[r.AmbientOcclusionMaxQuality:100]]
[2022.03.15-22.26.45:668][  0]LogConfig: Setting CVar [[r.AmbientOcclusionLevels:-1]]
[2022.03.15-22.26.45:668][  0]LogConfig: Setting CVar [[r.AmbientOcclusionRadiusScale:1.0]]
[2022.03.15-22.26.45:668][  0]LogConfig: Setting CVar [[r.DepthOfFieldQuality:2]]
[2022.03.15-22.26.45:668][  0]LogConfig: Setting CVar [[r.RenderTargetPoolMin:400]]
[2022.03.15-22.26.45:668][  0]LogConfig: Setting CVar [[r.LensFlareQuality:2]]
[2022.03.15-22.26.45:668][  0]LogConfig: Setting CVar [[r.SceneColorFringeQuality:1]]
[2022.03.15-22.26.45:668][  0]LogConfig: Setting CVar [[r.EyeAdaptationQuality:2]]
[2022.03.15-22.26.45:668][  0]LogConfig: Setting CVar [[r.BloomQuality:5]]
[2022.03.15-22.26.45:668][  0]LogConfig: Setting CVar [[r.FastBlurThreshold:100]]
[2022.03.15-22.26.45:668][  0]LogConfig: Setting CVar [[r.Upscale.Quality:3]]
[2022.03.15-22.26.45:668][  0]LogConfig: Setting CVar [[r.Tonemapper.GrainQuantization:1]]
[2022.03.15-22.26.45:668][  0]LogConfig: Setting CVar [[r.LightShaftQuality:1]]
[2022.03.15-22.26.45:668][  0]LogConfig: Setting CVar [[r.Filter.SizeScale:1]]
[2022.03.15-22.26.45:668][  0]LogConfig: Setting CVar [[r.Tonemapper.Quality:5]]
[2022.03.15-22.26.45:668][  0]LogConfig: Setting CVar [[r.DOF.Gather.AccumulatorQuality:1        ; higher gathering accumulator quality]]
[2022.03.15-22.26.45:668][  0]LogConfig: Setting CVar [[r.DOF.Gather.PostfilterMethod:1          ; Median3x3 postfilering method]]
[2022.03.15-22.26.45:668][  0]LogConfig: Setting CVar [[r.DOF.Gather.EnableBokehSettings:0       ; no bokeh simulation when gathering]]
[2022.03.15-22.26.45:668][  0]LogConfig: Setting CVar [[r.DOF.Gather.RingCount:4                 ; medium number of samples when gathering]]
[2022.03.15-22.26.45:668][  0]LogConfig: Setting CVar [[r.DOF.Scatter.ForegroundCompositing:1    ; additive foreground scattering]]
[2022.03.15-22.26.45:668][  0]LogConfig: Setting CVar [[r.DOF.Scatter.BackgroundCompositing:2    ; additive background scattering]]
[2022.03.15-22.26.45:668][  0]LogConfig: Setting CVar [[r.DOF.Scatter.EnableBokehSettings:1      ; bokeh simulation when scattering]]
[2022.03.15-22.26.45:668][  0]LogConfig: Setting CVar [[r.DOF.Scatter.MaxSpriteRatio:0.1         ; only a maximum of 10% of scattered bokeh]]
[2022.03.15-22.26.45:668][  0]LogConfig: Setting CVar [[r.DOF.Recombine.Quality:1                ; cheap slight out of focus]]
[2022.03.15-22.26.45:668][  0]LogConfig: Setting CVar [[r.DOF.Recombine.EnableBokehSettings:0    ; no bokeh simulation on slight out of focus]]
[2022.03.15-22.26.45:668][  0]LogConfig: Setting CVar [[r.DOF.TemporalAAQuality:1                ; more stable temporal accumulation]]
[2022.03.15-22.26.45:668][  0]LogConfig: Setting CVar [[r.DOF.Kernel.MaxForegroundRadius:0.025]]
[2022.03.15-22.26.45:668][  0]LogConfig: Setting CVar [[r.DOF.Kernel.MaxBackgroundRadius:0.025]]
[2022.03.15-22.26.45:668][  0]LogConfig: Applying CVar settings from Section [TextureQuality@3] File [C:/Users/Ethan Schaller/Documents/Unreal Projects/SML2U/Saved/Config/Windows/Scalability.ini]
[2022.03.15-22.26.45:668][  0]LogConfig: Setting CVar [[r.Streaming.MipBias:0]]
[2022.03.15-22.26.45:668][  0]LogConfig: Setting CVar [[r.Streaming.AmortizeCPUToGPUCopy:0]]
[2022.03.15-22.26.45:668][  0]LogConfig: Setting CVar [[r.Streaming.MaxNumTexturesToStreamPerFrame:0]]
[2022.03.15-22.26.45:668][  0]LogConfig: Setting CVar [[r.Streaming.Boost:1]]
[2022.03.15-22.26.45:668][  0]LogConfig: Setting CVar [[r.MaxAnisotropy:8]]
[2022.03.15-22.26.45:668][  0]LogConfig: Setting CVar [[r.VT.MaxAnisotropy:8]]
[2022.03.15-22.26.45:668][  0]LogConfig: Setting CVar [[r.Streaming.LimitPoolSizeToVRAM:0]]
[2022.03.15-22.26.45:668][  0]LogConfig: Setting CVar [[r.Streaming.PoolSize:1000]]
[2022.03.15-22.26.45:668][  0]LogConfig: Setting CVar [[r.Streaming.MaxEffectiveScreenSize:0]]
[2022.03.15-22.26.45:668][  0]LogConfig: Applying CVar settings from Section [EffectsQuality@3] File [C:/Users/Ethan Schaller/Documents/Unreal Projects/SML2U/Saved/Config/Windows/Scalability.ini]
[2022.03.15-22.26.45:668][  0]LogConfig: Setting CVar [[r.TranslucencyLightingVolumeDim:64]]
[2022.03.15-22.26.45:668][  0]LogConfig: Setting CVar [[r.RefractionQuality:2]]
[2022.03.15-22.26.45:668][  0]LogConfig: Setting CVar [[r.SSR.Quality:3]]
[2022.03.15-22.26.45:668][  0]LogConfig: Setting CVar [[r.SSR.HalfResSceneColor:0]]
[2022.03.15-22.26.45:669][  0]LogConfig: Setting CVar [[r.SceneColorFormat:4]]
[2022.03.15-22.26.45:669][  0]LogConfig: Setting CVar [[r.DetailMode:2]]
[2022.03.15-22.26.45:669][  0]LogConfig: Setting CVar [[r.TranslucencyVolumeBlur:1]]
[2022.03.15-22.26.45:669][  0]LogConfig: Setting CVar [[r.MaterialQualityLevel:1 ; High quality]]
[2022.03.15-22.26.45:669][  0]LogConfig: Setting CVar [[r.AnisotropicMaterials:1]]
[2022.03.15-22.26.45:669][  0]LogConfig: Setting CVar [[r.SSS.Scale:1]]
[2022.03.15-22.26.45:669][  0]LogConfig: Setting CVar [[r.SSS.SampleSet:2]]
[2022.03.15-22.26.45:669][  0]LogConfig: Setting CVar [[r.SSS.Quality:1]]
[2022.03.15-22.26.45:669][  0]LogConfig: Setting CVar [[r.SSS.HalfRes:0]]
[2022.03.15-22.26.45:669][  0]LogConfig: Setting CVar [[r.SSGI.Quality:3]]
[2022.03.15-22.26.45:669][  0]LogConfig: Setting CVar [[r.EmitterSpawnRateScale:1.0]]
[2022.03.15-22.26.45:669][  0]LogConfig: Setting CVar [[r.ParticleLightQuality:2]]
[2022.03.15-22.26.45:669][  0]LogConfig: Setting CVar [[r.SkyAtmosphere.AerialPerspectiveLUT.FastApplyOnOpaque:1 ; Always have FastSkyLUT 1 in this case to avoid wrong sky]]
[2022.03.15-22.26.45:669][  0]LogConfig: Setting CVar [[r.SkyAtmosphere.AerialPerspectiveLUT.SampleCountMaxPerSlice:4]]
[2022.03.15-22.26.45:669][  0]LogConfig: Setting CVar [[r.SkyAtmosphere.AerialPerspectiveLUT.DepthResolution:16.0]]
[2022.03.15-22.26.45:669][  0]LogConfig: Setting CVar [[r.SkyAtmosphere.FastSkyLUT:1]]
[2022.03.15-22.26.45:669][  0]LogConfig: Setting CVar [[r.SkyAtmosphere.FastSkyLUT.SampleCountMin:4.0]]
[2022.03.15-22.26.45:669][  0]LogConfig: Setting CVar [[r.SkyAtmosphere.FastSkyLUT.SampleCountMax:128.0]]
[2022.03.15-22.26.45:669][  0]LogConfig: Setting CVar [[r.SkyAtmosphere.SampleCountMin:4.0]]
[2022.03.15-22.26.45:669][  0]LogConfig: Setting CVar [[r.SkyAtmosphere.SampleCountMax:128.0]]
[2022.03.15-22.26.45:669][  0]LogConfig: Setting CVar [[r.SkyAtmosphere.TransmittanceLUT.UseSmallFormat:0]]
[2022.03.15-22.26.45:669][  0]LogConfig: Setting CVar [[r.SkyAtmosphere.TransmittanceLUT.SampleCount:10.0]]
[2022.03.15-22.26.45:669][  0]LogConfig: Setting CVar [[r.SkyAtmosphere.MultiScatteringLUT.SampleCount:15.0]]
[2022.03.15-22.26.45:669][  0]LogConfig: Setting CVar [[r.SkyLight.RealTimeReflectionCapture:1]]
[2022.03.15-22.26.45:669][  0]LogConfig: Applying CVar settings from Section [FoliageQuality@3] File [C:/Users/Ethan Schaller/Documents/Unreal Projects/SML2U/Saved/Config/Windows/Scalability.ini]
[2022.03.15-22.26.45:669][  0]LogConfig: Setting CVar [[foliage.DensityScale:1.0]]
[2022.03.15-22.26.45:669][  0]LogConfig: Setting CVar [[grass.DensityScale:1.0]]
[2022.03.15-22.26.45:669][  0]LogConfig: Applying CVar settings from Section [ShadingQuality@3] File [C:/Users/Ethan Schaller/Documents/Unreal Projects/SML2U/Saved/Config/Windows/Scalability.ini]
[2022.03.15-22.26.45:669][  0]LogConfig: Setting CVar [[r.HairStrands.SkyLighting.IntegrationType:2]]
[2022.03.15-22.26.45:669][  0]LogConfig: Setting CVar [[r.HairStrands.SkyAO.SampleCount:4]]
[2022.03.15-22.26.45:669][  0]LogConfig: Setting CVar [[r.HairStrands.Visibility.MSAA.SamplePerPixel:4]]
[2022.03.15-22.26.45:669][  0]LogConfig: Applying CVar settings from Section [Startup] File [../../../Engine/Config/ConsoleVariables.ini]
[2022.03.15-22.26.45:683][  0]LogConfig: Setting CVar [[net.UseAdaptiveNetUpdateFrequency:0]]
[2022.03.15-22.26.45:683][  0]LogConfig: Setting CVar [[p.chaos.AllowCreatePhysxBodies:1]]
[2022.03.15-22.26.45:683][  0]LogConfig: Setting CVar [[fx.SkipVectorVMBackendOptimizations:1]]
[2022.03.15-22.26.45:683][  0]LogConfig: Applying CVar settings from Section [ConsoleVariables] File [C:/Users/Ethan Schaller/Documents/Unreal Projects/SML2U/Saved/Config/Windows/Engine.ini]
[2022.03.15-22.26.45:683][  0]LogConfig: Applying CVar settings from Section [ConsoleVariables] File [C:/Users/Ethan Schaller/Documents/Unreal Projects/SML2U/Saved/Config/Windows/Editor.ini]
[2022.03.15-22.26.45:683][  0]LogInit: Computer: DESKTOP-KRTMCAC
[2022.03.15-22.26.45:683][  0]LogInit: User: EthanSchaller
[2022.03.15-22.26.45:683][  0]LogInit: CPU Page size=4096, Cores=8
[2022.03.15-22.26.45:683][  0]LogInit: High frequency timer resolution =10.000000 MHz
[2022.03.15-22.26.45:683][  0]LogMemory: Memory total: Physical=15.9GB (16GB approx)
[2022.03.15-22.26.45:683][  0]LogMemory: Platform Memory Stats for Windows
[2022.03.15-22.26.45:683][  0]LogMemory: Process Physical Memory: 152.66 MB used, 152.67 MB peak
[2022.03.15-22.26.45:683][  0]LogMemory: Process Virtual Memory: 131.34 MB used, 131.34 MB peak
[2022.03.15-22.26.45:683][  0]LogMemory: Physical Memory: 7909.80 MB used,  8400.82 MB free, 16310.62 MB total
[2022.03.15-22.26.45:683][  0]LogMemory: Virtual Memory: 134209656.00 MB used,  8069.26 MB free, 134217728.00 MB total
[2022.03.15-22.26.46:274][  0]LogWindows: WindowsPlatformFeatures enabled
[2022.03.15-22.26.47:811][  0]LogInit: Physics initialised using underlying interface: PhysX
[2022.03.15-22.26.47:825][  0]LogInit: Using OS detected language (en-US).
[2022.03.15-22.26.47:825][  0]LogInit: Using OS detected locale (en-CA).
[2022.03.15-22.26.48:117][  0]LogTextLocalizationManager: No specific localization for 'en-US' exists, so the 'en' localization will be used.
[2022.03.15-22.26.49:708][  0]LogWindowsTextInputMethodSystem: Display: IME system deactivated.
[2022.03.15-22.26.50:541][  0]LogSlate: New Slate User Created.  User Index 0, Is Virtual User: 0
[2022.03.15-22.26.50:541][  0]LogSlate: Slate User Registered.  User Index 0, Is Virtual User: 0
[2022.03.15-22.26.50:746][  0]LogD3D11RHI: Loaded GFSDK_Aftermath_Lib.x64.dll
[2022.03.15-22.26.50:760][  0]LogHMD: Failed to initialize OpenVR with code 110
[2022.03.15-22.26.50:760][  0]LogD3D11RHI: D3D11 min allowed feature level: 11_0
[2022.03.15-22.26.50:760][  0]LogD3D11RHI: D3D11 max allowed feature level: 11_0
[2022.03.15-22.26.50:760][  0]LogD3D11RHI: D3D11 adapters:
[2022.03.15-22.26.51:040][  0]LogD3D11RHI:    0. 'NVIDIA GeForce GTX 1070 Ti' (Feature Level 11_0)
[2022.03.15-22.26.51:040][  0]LogD3D11RHI:       8079/0/8155 MB DedicatedVideo/DedicatedSystem/SharedSystem, Outputs:1, VendorId:0x10de
[2022.03.15-22.26.51:071][  0]LogD3D11RHI:    1. 'Microsoft Basic Render Driver' (Feature Level 11_0)
[2022.03.15-22.26.51:071][  0]LogD3D11RHI:       0/0/8155 MB DedicatedVideo/DedicatedSystem/SharedSystem, Outputs:0, VendorId:0x1414
[2022.03.15-22.26.51:071][  0]LogD3D11RHI: Chosen D3D11 Adapter:
[2022.03.15-22.26.51:071][  0]LogD3D11RHI:     Description : NVIDIA GeForce GTX 1070 Ti
[2022.03.15-22.26.51:071][  0]LogD3D11RHI:     VendorId    : 10de
[2022.03.15-22.26.51:071][  0]LogD3D11RHI:     DeviceId    : 1b82
[2022.03.15-22.26.51:071][  0]LogD3D11RHI:     SubSysId    : 244519da
[2022.03.15-22.26.51:071][  0]LogD3D11RHI:     Revision    : 00a1
[2022.03.15-22.26.51:071][  0]LogD3D11RHI:     DedicatedVideoMemory : 8471445504 bytes
[2022.03.15-22.26.51:071][  0]LogD3D11RHI:     DedicatedSystemMemory : 0 bytes
[2022.03.15-22.26.51:071][  0]LogD3D11RHI:     SharedSystemMemory : 8551464960 bytes
[2022.03.15-22.26.51:071][  0]LogD3D11RHI:     AdapterLuid : 0 62232
[2022.03.15-22.26.51:105][  0]LogD3D11RHI: Creating new Direct3DDevice
[2022.03.15-22.26.51:105][  0]LogD3D11RHI:     GPU DeviceId: 0x1b82 (for the marketing name, search the web for "GPU Device Id")
[2022.03.15-22.26.51:105][  0]LogWindows: EnumDisplayDevices:
[2022.03.15-22.26.51:105][  0]LogWindows:    0. 'NVIDIA GeForce GTX 1070 Ti' (P:1 D:1)
[2022.03.15-22.26.51:106][  0]LogWindows:    1. 'NVIDIA GeForce GTX 1070 Ti' (P:0 D:0)
[2022.03.15-22.26.51:106][  0]LogWindows:    2. 'NVIDIA GeForce GTX 1070 Ti' (P:0 D:0)
[2022.03.15-22.26.51:106][  0]LogWindows:    3. 'NVIDIA GeForce GTX 1070 Ti' (P:0 D:0)
[2022.03.15-22.26.51:106][  0]LogWindows: DebugString: FoundDriverCount:4 
[2022.03.15-22.26.51:106][  0]LogD3D11RHI:     Adapter Name: NVIDIA GeForce GTX 1070 Ti
[2022.03.15-22.26.51:141][  0]LogD3D11RHI:   Driver Version: 511.23 (internal:30.0.15.1123, unified:511.23)
[2022.03.15-22.26.51:141][  0]LogD3D11RHI:      Driver Date: 1-10-2022
[2022.03.15-22.26.51:141][  0]LogRHI: Texture pool is 5655 MB (70% of 8079 MB)
[2022.03.15-22.26.51:141][  0]LogD3D11RHI: Creating D3DDevice using adapter:
[2022.03.15-22.26.51:141][  0]LogD3D11RHI:     Description : NVIDIA GeForce GTX 1070 Ti
[2022.03.15-22.26.51:141][  0]LogD3D11RHI:     VendorId    : 10de
[2022.03.15-22.26.51:141][  0]LogD3D11RHI:     DeviceId    : 1b82
[2022.03.15-22.26.51:141][  0]LogD3D11RHI:     SubSysId    : 244519da
[2022.03.15-22.26.51:141][  0]LogD3D11RHI:     Revision    : 00a1
[2022.03.15-22.26.51:141][  0]LogD3D11RHI:     DedicatedVideoMemory : 8471445504 bytes
[2022.03.15-22.26.51:141][  0]LogD3D11RHI:     DedicatedSystemMemory : 0 bytes
[2022.03.15-22.26.51:141][  0]LogD3D11RHI:     SharedSystemMemory : 8551464960 bytes
[2022.03.15-22.26.51:141][  0]LogD3D11RHI:     AdapterLuid : 0 62232
[2022.03.15-22.26.51:288][  0]LogD3D11RHI: RHI has support for 64 bit atomics
[2022.03.15-22.26.51:316][  0]LogD3D11RHI: Async texture creation enabled
[2022.03.15-22.26.51:316][  0]LogD3D11RHI: Array index from any shader is supported
[2022.03.15-22.26.52:323][  0]LogD3D11RHI: GPU Timing Frequency: 1000.000000 (Debug: 2 1)
[2022.03.15-22.26.52:504][  0]LogRHI: GeForceNow SDK initialized: 1
[2022.03.15-22.26.53:315][  0]LogTargetPlatformManager: Display: Loaded TargetPlatform 'WindowsNoEditor'
[2022.03.15-22.26.53:356][  0]LogTargetPlatformManager: Display: Loaded TargetPlatform 'Windows'
[2022.03.15-22.26.53:376][  0]LogTargetPlatformManager: Display: Loaded TargetPlatform 'WindowsClient'
[2022.03.15-22.26.53:393][  0]LogTargetPlatformManager: Display: Loaded TargetPlatform 'WindowsServer'
[2022.03.15-22.26.53:393][  0]LogTargetPlatformManager: Display: Building Assets For Windows
[2022.03.15-22.26.53:601][  0]LogAudioDebug: Display: Lib vorbis DLL was dynamically loaded.
[2022.03.15-22.26.54:036][  0]LogTextureFormatOodle: Display: Oodle Texture 2.9.0 init RDO Off
[2022.03.15-22.26.54:910][  0]LogRendererCore: Ray tracing is disabled. Reason: r.RayTracing=0.
[2022.03.15-22.26.54:928][  0]LogShaderCompilers: Guid format shader working directory is -16 characters bigger than the processId version (../../../../../../Users/Ethan Schaller/Documents/Unreal Projects/SML2U/Intermediate/Shaders/WorkingDirectory/16184/).
[2022.03.15-22.26.54:928][  0]LogShaderCompilers: Cleaned the shader compiler working directory 'C:/Users/Ethan Schaller/AppData/Local/Temp/UnrealShaderWorkingDir/246835FE42324BC921A502870A7674D6/'.
[2022.03.15-22.26.54:937][  0]LogXGEController: Cannot use XGE Controller as Incredibuild is not installed on this machine.
[2022.03.15-22.26.54:937][  0]LogShaderCompilers: Cannot use XGE Shader Compiler as Incredibuild is not installed on this machine.
[2022.03.15-22.26.54:937][  0]LogShaderCompilers: Display: Using Local Shader Compiler.
[2022.03.15-22.27.00:627][  0]LogDerivedDataCache: Display: Max Cache Size: 512 MB
[2022.03.15-22.27.01:870][  0]LogDerivedDataCache: Loaded boot cache 1.18s 94MB C:/Users/Ethan Schaller/AppData/Local/UnrealEngine/4.27/DerivedDataCache/Boot.ddc.
[2022.03.15-22.27.01:870][  0]LogDerivedDataCache: Display: Loaded Boot cache: C:/Users/Ethan Schaller/AppData/Local/UnrealEngine/4.27/DerivedDataCache/Boot.ddc
[2022.03.15-22.27.01:870][  0]LogDerivedDataCache: FDerivedDataBackendGraph:  Pak pak cache file ../../../../../../Users/Ethan Schaller/Documents/Unreal Projects/SML2U/DerivedDataCache/DDC.ddp not found, will not use a pak cache.
[2022.03.15-22.27.01:870][  0]LogDerivedDataCache: Unable to find inner node Pak for hierarchical cache Hierarchy.
[2022.03.15-22.27.01:870][  0]LogDerivedDataCache: FDerivedDataBackendGraph:  CompressedPak pak cache file ../../../../../../Users/Ethan Schaller/Documents/Unreal Projects/SML2U/DerivedDataCache/Compressed.ddp not found, will not use a pak cache.
[2022.03.15-22.27.01:870][  0]LogDerivedDataCache: Unable to find inner node CompressedPak for hierarchical cache Hierarchy.
[2022.03.15-22.27.01:924][  0]LogDerivedDataCache: Display: Pak cache opened for reading ../../../Engine/DerivedDataCache/Compressed.ddp.
[2022.03.15-22.27.01:924][  0]LogDerivedDataCache: FDerivedDataBackendGraph:  EnterprisePak pak cache file ../../../Enterprise/DerivedDataCache/Compressed.ddp not found, will not use a pak cache.
[2022.03.15-22.27.01:924][  0]LogDerivedDataCache: Unable to find inner node EnterprisePak for hierarchical cache Hierarchy.
[2022.03.15-22.27.02:466][  0]LogDerivedDataCache: Speed tests for C:/Users/Ethan Schaller/AppData/Local/UnrealEngine/Common/DerivedDataCache took 0.54 seconds
[2022.03.15-22.27.02:466][  0]LogDerivedDataCache: Display: Performance to C:/Users/Ethan Schaller/AppData/Local/UnrealEngine/Common/DerivedDataCache: Latency=31.02ms. RandomReadSpeed=5.69MBs, RandomWriteSpeed=177.80MBs. Assigned SpeedClass 'Ok'
[2022.03.15-22.27.02:466][  0]LogDerivedDataCache: Using Local data cache path C:/Users/Ethan Schaller/AppData/Local/UnrealEngine/Common/DerivedDataCache: Writable
[2022.03.15-22.27.02:467][  0]LogDerivedDataCache: Shared data cache path not found in *engine.ini, will not use an Shared cache.
[2022.03.15-22.27.02:467][  0]LogDerivedDataCache: Unable to find inner node Shared for hierarchical cache Hierarchy.
[2022.03.15-22.27.02:603][  0]LogSlate: Using FreeType 2.10.0
[2022.03.15-22.27.02:686][  0]LogSlate: SlateFontServices - WITH_FREETYPE: 1, WITH_HARFBUZZ: 1
[2022.03.15-22.27.05:240][  0]LogInit: Using OS detected language (en-US).
[2022.03.15-22.27.05:241][  0]LogInit: Using OS detected locale (en-CA).
[2022.03.15-22.27.05:241][  0]LogTextLocalizationManager: No localization for 'en-US' exists, so 'en' will be used for the language.
[2022.03.15-22.27.05:241][  0]LogTextLocalizationManager: No localization for 'en-CA' exists, so 'en' will be used for the locale.
[2022.03.15-22.27.05:241][  0]LogSlate: FontCache flush requested. Reason: Culture for localization was changed
[2022.03.15-22.27.05:241][  0]LogSlate: FontCache flush requested. Reason: Culture for localization was changed
[2022.03.15-22.27.05:251][  0]LogAssetRegistry: FAssetRegistry took 0.0090 seconds to start up
[2022.03.15-22.27.06:827][  0]LogTextLocalizationManager: Compacting localization data took  18.04ms
[2022.03.15-22.27.06:827][  0]LogPackageLocalizationCache: Processed 27 localized package path(s) for 1 prioritized culture(s) in 0.025453 seconds
[2022.03.15-22.27.07:019][  0]LogInit: Selected Device Profile: [Windows]
[2022.03.15-22.27.07:019][  0]LogInit: Active device profile: [0000021441BE0F00][0000021437024680 49] Windows
[2022.03.15-22.27.07:019][  0]LogInit: Profiles: [0000021441BE0F00][0000021437024680 49] Windows, [0000021441BA2500][000002143702C800 49] WindowsNoEditor, [0000021441BE1F00][00000214373B8980 49] WindowsServer, [0000021441BA1700][00000214373BCB00 49] WindowsClient, [0000021441BE1000][00000214373C0C80 49] IOS, [0000021441BA3B00][00000214373C4E00 49] iPadAir, [0000021441BE3300][00000214373C8F80 49] iPadAir2, [0000021441B45300][00000214373D1240 49] IPadPro, [0000021441B45400][00000214373CD280 49] iPadAir3, [0000021441BA0B00][00000214373D5400 49] iPadAir4, [0000021441B46100][00000214373D9580 49] iPadMini2, [0000021441BA3500][00000214370296C0 49] iPadMini3, [0000021441B46C00][00000214373DD800 49] iPadMini4, [0000021441BA2800][00000214373E1940 49] iPadMini5, [0000021441B7CE00][00000214373EDBC0 49] iPhone6, [0000021441B7CF00][00000214373E5C00 49] iPodTouch6, [0000021441BE2800][00000214373F4340 49] iPhone7, [0000021441BE2900][00000214373F0380 49] iPodTouch7, [0000021441B44C00][00000214373F8500 49] iPhone5S, [0000021441BE1300][00000214373FC680 49] iPhone6Plus, [0000021441B46A00][0000021437400800 49] iPhone6S, [0000021441BE2D00][000002143A902980 49] iPhone6SPlus, [0000021441B7C100][000002143A906B00 49] iPhone7Plus, [0000021441B45D00][000002143A90AC80 49] iPhoneSE, [0000021441B7CC00][000002143A90EE00 49] iPhone8, [0000021441B44400][000002143A912F80 49] iPhone8Plus, [0000021441B7EA00][000002143A917100 49] iPhoneX, [0000021441B47C00][000002143A91B280 49] iPhoneXS, [0000021441B7E900][000002143A91F400 49] iPhoneXSMax, [0000021441B44B00][000002143A923580 49] iPhoneXR, [0000021441BE3800][000002143A927700 49] iPhone11, [0000021441B47D00][000002143A92B880 49] iPhone11Pro, [0000021441BE1C00][00000214373E99C0 49] iPhone11ProMax, [0000021441B45100][000002143A92FB00 49] iPhoneSE2, [0000021441BE1200][000002143A9320C0 49] iPhone12Mini, [0000021441B47100][000002143A93A240 49] iPhone12, [0000021441BE0900][000002143A93E3C0 49] iPhone12Pro, [0000021441B44D00][000002143A942540 49] iPhone12ProMax, [0000021441BE3C00][000002143A9466C0 49] iPadPro105, [0000021441B47700][000002143A94A840 49] iPadPro129, [0000021441BE3000][000002143A94E9C0 49] iPadPro97, [0000021441B44F00][000002143A952B40 49] iPadPro2_129, [0000021441BE0C00][000002143A956CC0 49] iPad5, [0000021441B47B00][000002143A95AE40 49] iPad6, [0000021441BE0400][000002143A95EFC0 49] iPad7, [0000021441B47E00][000002143A963140 49] iPad8, [0000021441BE1400][000002143A9672C0 49] iPadPro11, [0000021441B46400][000002143A96B440 49] iPadPro2_11, [0000021441BE0800][0000021437B835C0 49] iPadPro3_129, [0000021441B46800][0000021437B87740 49] iPadPro4_129, [0000021441BE2F00][0000021437B8B8C0 49] AppleTV, [0000021441B45900][0000021437B8FA40 49] AppleTV4K, [0000021441BE1700][000002143A937B80 49] TVOS, [0000021441B45500][0000021437B92140 49] Mac, [0000021441BE1B00][0000021437B96280 49] MacClient, [0000021441B46500][0000021437B9A3C0 49] MacNoEditor, [0000021441BE0500][0000021437BA2540 49] MacServer, [0000021441B46000][0000021437BA66C0 49] Linux, [0000021441BE3B00][0000021437BAA840 49] LinuxAArch64, [0000021441B44100][0000021437BAE9C0 49] LinuxNoEditor, [0000021441BE3700][0000021437BB2B40 49] LinuxAArch64NoEditor, [0000021441B46900][0000021437BB6CC0 49] LinuxClient, [0000021441BE2600][0000021437BBAE40 49] LinuxAArch64Client, [0000021441B44A00][0000021437BBEFC0 49] LinuxServer, [0000021441BE0200][0000021437BC3140 49] LinuxAArch64Server, [0000021441B46300][0000021437BC72C0 49] Android, [0000021441BE2100][0000021437BCB440 49] Android_Low, [0000021441B45E00][0000021437BCF5C0 49] Android_Mid, [0000021441BE3A00][0000021437BD3740 49] Android_High, [0000021441B46D00][0000021437BD78C0 49] Android_Default, [0000021441BE0600][0000021437BDBA40 49] Android_Adreno4xx, [0000021441B44300][0000021437BDFBC0 49] Android_Adreno5xx_Low, [0000021441BE2A00][0000021437B9E180 49] Android_Adreno5xx, [0000021441B46B00][0000021437BE22C0 49] Android_Adreno6xx, [0000021441BE0B00][0000021437BE6400 49] Android_Adreno6xx_Vulkan, [0000021441B45600][0000021437BEA540 49] Android_Mali_T6xx, [0000021441BE0700][0000021437BF26C0 49] Android_Mali_T7xx, [0000021441BA1B00][0000021437BF6840 49] Android_Mali_T8xx, [0000021441B7C300][0000021437BFA9C0 49] Android_Mali_G71, [0000021441BA0600][0000021437BFEB40 49] Android_Mali_G72, [0000021441B7D200][0000021437C02CC0 49] Android_Mali_G72_Vulkan, [0000021441BA3F00][0000021437C06E40 49] Android_Mali_G76, [0000021441B7C700][0000021437C0AFC0 49] Android_Mali_G76_Vulkan, [0000021441BA3E00][0000021437C0F140 49] Android_Mali_G77, [0000021441B7FB00][0000021437C132C0 49] Android_Mali_G77_Vulkan, [0000021441BA1C00][0000021437C17440 49] Android_Mali_G78, [0000021441B7F100][0000021437C1B5C0 49] Android_Mali_G78_Vulkan, [0000021441BA3A00][0000021437C1F740 49] Android_Mali_G710, [0000021441B7DB00][0000021437C238C0 49] Android_Mali_G710_Vulkan, [0000021441BA3700][0000021437C27A40 49] Android_Vulkan_SM5, [0000021441B7F800][0000021437C2BBC0 49] Android_PowerVR_G6xxx, [0000021441BA1A00][0000021437C2E1C0 49] Android_PowerVR_GT7xxx, [0000021441B7DD00][0000021437C32340 49] Android_PowerVR_GE8xxx, [0000021441BA2E00][0000021437BEE480 49] Android_PowerVR_GM9xxx, [0000021441B7C800][0000021437C365C0 49] Android_PowerVR_GM9xxx_Vulkan, [0000021441BA1D00][0000021437C3A700 49] Android_TegraK1, [0000021441B7D000][0000021437C42880 49] Android_Unknown_Vulkan, [0000021441BA2400][0000021437C46A00 49] Lumin, [0000021441B7FE00][0000021437C4AB80 49] Lumin_Desktop, [0000021441BA2C00][0000021437C4ED00 49] HoloLens, 
[2022.03.15-22.27.08:199][  0]LogMeshReduction: Using QuadricMeshReduction for automatic static mesh reduction
[2022.03.15-22.27.08:199][  0]LogMeshReduction: Using SimplygonMeshReduction for automatic skeletal mesh reduction
[2022.03.15-22.27.08:199][  0]LogMeshReduction: Using ProxyLODMeshReduction for automatic mesh merging
[2022.03.15-22.27.08:199][  0]LogMeshReduction: No distributed automatic mesh merging module available
[2022.03.15-22.27.08:209][  0]LogMeshMerging: No distributed automatic mesh merging module available
[2022.03.15-22.27.08:855][  0]LogNetVersion: SML2U 1.0.0, NetCL: 17155196, EngineNetVer: 17, GameNetVer: 0 (Checksum: 177889957)
[2022.03.15-22.27.18:211][  0]LogTexture: Default maximum texture size for cubemaps generated from long-lat sources has been changed from 512 to unlimited. In order to preserve old behaiour for '/Engine/MapTemplates/Sky/DaylightAmbientCubemap.DaylightAmbientCubemap', its maximum texture size has been explicitly set to 512.
[2022.03.15-22.27.18:984][  0]LogHMD: PokeAHoleMaterial loaded successfully
[2022.03.15-22.27.20:748][  0]LogMoviePlayer: Initializing movie player
[2022.03.15-22.27.21:583][  0]LogNiagaraDebuggerClient: Niagara Debugger Client Initialized | Session: E1A909CB47B585564B203294F564C113 | Instance: 997C812348D240745C63D5B19355D0F1 (DESKTOP-KRTMCAC-16184).
[2022.03.15-22.27.22:028][  0]LogCollectionManager: Loaded 0 collections in 0.002027 seconds
[2022.03.15-22.27.22:030][  0]LogFileCache: Scanning file cache for directory 'C:/Users/Ethan Schaller/Documents/Unreal Projects/SML2U/Saved/Collections/' took 0.00s
[2022.03.15-22.27.22:030][  0]LogFileCache: Scanning file cache for directory 'C:/Users/Ethan Schaller/Documents/Unreal Projects/SML2U/Content/Developers/EthanSchaller/Collections/' took 0.00s
[2022.03.15-22.27.22:030][  0]LogFileCache: Scanning file cache for directory 'C:/Users/Ethan Schaller/Documents/Unreal Projects/SML2U/Content/Collections/' took 0.00s
[2022.03.15-22.27.22:030][  0]LogCollectionManager: Fixed up redirectors for 0 collections in 0.000006 seconds (updated 0 objects)
[2022.03.15-22.27.22:865][  0]LogPython: Using Python 3.7.7
[2022.03.15-22.27.26:913][  0]SourceControl: Source control is disabled
[2022.03.15-22.27.26:913][  0]SourceControl: Source control is disabled
[2022.03.15-22.27.26:938][  0]SourceControl: Source control is disabled
[2022.03.15-22.27.27:017][  0]LogUProjectInfo: Found projects:
[2022.03.15-22.27.27:958][  0]LogOpenImageDenoise: OIDN starting up
[2022.03.15-22.27.28:400][  0]LogAndroidPermission: UAndroidPermissionCallbackProxy::GetInstance
[2022.03.15-22.27.28:543][  0]LogAudioCaptureCore: Display: No Audio Capture implementations found. Audio input will be silent.
[2022.03.15-22.27.28:543][  0]LogAudioCaptureCore: Display: No Audio Capture implementations found. Audio input will be silent.
[2022.03.15-22.27.28:847][  0]LogOcInput: OculusInput pre-init called
[2022.03.15-22.27.29:031][  0]LogUObjectArray: 22121 objects as part of root set at end of initial load.
[2022.03.15-22.27.29:031][  0]LogUObjectAllocator: 5975632 out of 0 bytes used by permanent object pool.
[2022.03.15-22.27.29:031][  0]LogUObjectArray: CloseDisregardForGC: 0/0 objects in disregard for GC pool
[2022.03.15-22.27.30:138][  0]LogEngine: Initializing Engine...
[2022.03.15-22.27.30:254][  0]LogHMD: Failed to enumerate extensions. Please check that you have a valid OpenXR runtime installed.
[2022.03.15-22.27.30:260][  0]LogHMD: Failed to initialize OpenVR with code 110
[2022.03.15-22.27.30:269][  0]LogMagicLeap: Warning: VR disabled because ZI is not enabled.  To enable, in the editor, Edit -> Project Settings -> Plugins -> Magic Leap Plugin -> Enable Zero Iteration
[2022.03.15-22.27.30:272][  0]LogStats: UGameplayTagsManager::InitializeManager -  0.001 s
[2022.03.15-22.27.31:117][  0]LogInit: Initializing FReadOnlyCVARCache
[2022.03.15-22.27.31:117][  0]LogAudio: Display: Initializing Audio Device Manager...
[2022.03.15-22.27.31:135][  0]LogAudio: Display: Loading Default Audio Settings Objects...
[2022.03.15-22.27.31:183][  0]LogAudio: Display: No default SoundConcurrencyObject specified (or failed to load).
[2022.03.15-22.27.31:225][  0]LogAudio: Display: Audio Device Manager Initialized
[2022.03.15-22.27.31:225][  0]LogAudio: Display: Creating Audio Device:                 Id: 1, Scope: Shared, Realtime: True
[2022.03.15-22.27.31:254][  0]LogAudioMixer: Display: Audio Mixer Platform Settings:
[2022.03.15-22.27.31:254][  0]LogAudioMixer: Display: 	Sample Rate:						  48000
[2022.03.15-22.27.31:254][  0]LogAudioMixer: Display: 	Callback Buffer Frame Size Requested: 1024
[2022.03.15-22.27.31:254][  0]LogAudioMixer: Display: 	Callback Buffer Frame Size To Use:	  1024
[2022.03.15-22.27.31:254][  0]LogAudioMixer: Display: 	Number of buffers to queue:			  2
[2022.03.15-22.27.31:254][  0]LogAudioMixer: Display: 	Max Channels (voices):				  32
[2022.03.15-22.27.31:254][  0]LogAudioMixer: Display: 	Number of Async Source Workers:		  0
[2022.03.15-22.27.31:254][  0]LogAudio: Display: AudioDevice MaxSources: 32
[2022.03.15-22.27.31:286][  0]LogAudio: Display: Audio Spatialization Plugin: None (built-in).
[2022.03.15-22.27.31:286][  0]LogAudio: Display: Audio Reverb Plugin: None (built-in).
[2022.03.15-22.27.31:286][  0]LogAudio: Display: Audio Occlusion Plugin: None (built-in).
[2022.03.15-22.27.31:287][  0]LogAudioMixer: Display: Initializing audio mixer.
[2022.03.15-22.27.31:488][  0]LogAudioMixer: Display: 0: FrontLeft
[2022.03.15-22.27.31:488][  0]LogAudioMixer: Display: 1: FrontRight
[2022.03.15-22.27.31:488][  0]LogAudioMixer: Display: 2: FrontCenter
[2022.03.15-22.27.31:488][  0]LogAudioMixer: Display: 3: LowFrequency
[2022.03.15-22.27.31:488][  0]LogAudioMixer: Display: 4: BackLeft
[2022.03.15-22.27.31:488][  0]LogAudioMixer: Display: 5: BackRight
[2022.03.15-22.27.31:488][  0]LogAudioMixer: Display: 6: SideLeft
[2022.03.15-22.27.31:488][  0]LogAudioMixer: Display: 7: SideRight
[2022.03.15-22.27.31:648][  0]LogAudioMixer: Display: Using Audio Device Speakers (Realtek High Definition Audio)
[2022.03.15-22.27.31:703][  0]LogAudioMixer: Display: Initializing Sound Submixes...
[2022.03.15-22.27.31:780][  0]LogAudioMixer: Display: Creating Master Submix 'MasterSubmixDefault'
[2022.03.15-22.27.31:781][  0]LogAudioMixer: Display: Creating Master Submix 'MasterReverbSubmixDefault'
[2022.03.15-22.27.31:845][  0]LogAudioMixer: Display: Creating Master Submix 'MasterEQSubmixDefault'
[2022.03.15-22.27.31:845][  0]LogAudioMixer: FMixerPlatformXAudio2::StartAudioStream() called
[2022.03.15-22.27.31:845][  0]LogAudioMixer: Display: Output buffers initialized: Frames=1024, Channels=8, Samples=8192
[2022.03.15-22.27.31:847][  0]LogAudioMixer: Display: Starting AudioMixerPlatformInterface::RunInternal()
[2022.03.15-22.27.31:847][  0]LogAudioMixer: Display: FMixerPlatformXAudio2::SubmitBuffer() called for the first time
[2022.03.15-22.27.31:847][  0]LogInit: FAudioDevice initialized.
[2022.03.15-22.27.31:866][  0]LogNetVersion: Set ProjectVersion to 1.0.0.0. Version Checksum will be recalculated on next use.
[2022.03.15-22.27.32:129][  0]LogDerivedDataCache: Saved boot cache 0.26s 95MB C:/Users/Ethan Schaller/AppData/Local/UnrealEngine/4.27/DerivedDataCache/Boot.ddc.
[2022.03.15-22.27.32:131][  0]LogInit: Texture streaming: Enabled
[2022.03.15-22.27.34:462][  0]LogAudio: Display: Audio Device (ID: 1) registered with world 'Untitled'.
[2022.03.15-22.27.34:786][  0]LogSlate: Updating window title bar state: overlay mode, drag disabled, window buttons hidden, title bar hidden
[2022.03.15-22.27.34:788][  0]LogInit: Display: Game Engine Initialized.
[2022.03.15-22.27.34:838][  0]LogNiagaraEditor: GEditor isn't valid! Particle reset commands will not work for Niagara components!
[2022.03.15-22.27.41:031][  0]LogInit: Display: Starting Game.
[2022.03.15-22.27.41:073][  0]LogNet: Browse: /Game/2DSideScrollerBP/Maps/2DSideScrollerExampleMap?Name=Player
[2022.03.15-22.27.41:104][  0]LogLoad: LoadMap: /Game/2DSideScrollerBP/Maps/2DSideScrollerExampleMap?Name=Player
[2022.03.15-22.27.41:115][  0]LogWorld: BeginTearingDown for /Temp/Untitled_0
[2022.03.15-22.27.41:304][  0]LogWorld: UWorld::CleanupWorld for Untitled, bSessionEnded=true, bCleanupResources=true
[2022.03.15-22.27.41:466][  0]LogSlate: InvalidateAllWidgets triggered.  All widgets were invalidated
[2022.03.15-22.27.41:656][  0]LogAudio: Display: Audio Device unregistered from world 'None'.
[2022.03.15-22.27.41:977][  0]LogUObjectHash: Compacting FUObjectHashTables data took   0.80ms
[2022.03.15-22.27.42:972][  0]LogAudio: Display: Audio Device (ID: 1) registered with world '2DSideScrollerExampleMap'.
[2022.03.15-22.27.43:145][  0]LogAIModule: Creating AISystem for world 2DSideScrollerExampleMap
[2022.03.15-22.27.43:146][  0]LogLoad: Game class is '2DSideScrollerGameMode_C'
[2022.03.15-22.27.43:355][  0]LogWorld: Bringing World /Game/2DSideScrollerBP/Maps/2DSideScrollerExampleMap.2DSideScrollerExampleMap up for play (max tick rate 0) at 2022.03.15-19.27.43
[2022.03.15-22.27.43:390][  0]LogWorld: Bringing up level for play took: 0.242675
[2022.03.15-22.27.43:808][  0]LogLoad: Took 2.704762 seconds to LoadMap(/Game/2DSideScrollerBP/Maps/2DSideScrollerExampleMap)
[2022.03.15-22.27.44:404][  0]LogRenderer: Reallocating scene render targets to support 1920x1080 Format 10 NumSamples 1 (Frame:1).
[2022.03.15-22.27.44:405][  0]LogSlate: Took 0.037730 seconds to synchronously load lazily loaded font '../../../Engine/Content/Slate/Fonts/Roboto-Regular.ttf' (155K)
[2022.03.15-22.27.44:982][  0]LogInit: Display: Engine is initialized. Leaving FEngineLoop::Init()
[2022.03.15-22.27.44:982][  0]LogLoad: (Engine Initialization) Total time: 109.80 seconds
[2022.03.15-22.27.44:982][  0]LogLoad: (Engine Initialization) Total Blueprint compile time: 0.00 seconds
[2022.03.15-22.27.45:366][  0]LogContentStreaming: Texture pool size now 1000 MB
[2022.03.15-22.27.45:409][  0]LogSlate: InvalidateAllWidgets triggered.  All widgets were invalidated
[2022.03.15-22.27.45:619][  1]LogSlate: Took 0.000213 seconds to synchronously load lazily loaded font '../../../Engine/Content/Slate/Fonts/Roboto-Regular.ttf' (155K)
[2022.03.15-22.28.06:657][899]LogSlate: Window 'SML2U (64-bit Development PCD3D_SM5) ' being destroyed
[2022.03.15-22.28.06:679][899]LogSlate: Updating window title bar state: overlay mode, drag disabled, window buttons hidden, title bar hidden
[2022.03.15-22.28.06:679][899]LogEngine: All Windows Closed
[2022.03.15-22.28.06:679][899]LogWindows: FPlatformMisc::RequestExit(0)
[2022.03.15-22.28.06:680][899]LogWindows: FPlatformMisc::RequestExitWithStatus(0, 0)
[2022.03.15-22.28.06:680][899]LogCore: Engine exit requested (reason: Win RequestExit)
[2022.03.15-22.28.06:680][900]LogCore: Engine exit requested (reason: EngineExit() was called; note: exit was already requested)
[2022.03.15-22.28.06:680][900]LogInit: Display: PreExit Game.
